执行日期：2015-12-04-17：14：42
【接收到的notify通知】:
<xml><appid><![CDATA[wxa1e319fccc9b03c8]]></appid>
<bank_type><![CDATA[CFT]]></bank_type>
<cash_fee><![CDATA[1]]></cash_fee>
<fee_type><![CDATA[CNY]]></fee_type>
<is_subscribe><![CDATA[Y]]></is_subscribe>
<mch_id><![CDATA[1292201901]]></mch_id>
<nonce_str><![CDATA[c0azlc4a6fci5yiwm6sklevo47l39iv4]]></nonce_str>
<openid><![CDATA[oiVrjwB9-CYKrk-4Y_firzXyzmKE]]></openid>
<out_trade_no><![CDATA[10254545878]]></out_trade_no>
<result_code><![CDATA[SUCCESS]]></result_code>
<return_code><![CDATA[SUCCESS]]></return_code>
<sign><![CDATA[58E37D6E7067CDD79A0BC5658C48F7FD]]></sign>
<time_end><![CDATA[20151204171442]]></time_end>
<total_fee>1</total_fee>
<trade_type><![CDATA[NATIVE]]></trade_type>
<transaction_id><![CDATA[1008360125201512041901157354]]></transaction_id>
</xml>


执行日期：2015-12-04-17：14：42
【支付成功】:
<xml><appid><![CDATA[wxa1e319fccc9b03c8]]></appid>
<bank_type><![CDATA[CFT]]></bank_type>
<cash_fee><![CDATA[1]]></cash_fee>
<fee_type><![CDATA[CNY]]></fee_type>
<is_subscribe><![CDATA[Y]]></is_subscribe>
<mch_id><![CDATA[1292201901]]></mch_id>
<nonce_str><![CDATA[c0azlc4a6fci5yiwm6sklevo47l39iv4]]></nonce_str>
<openid><![CDATA[oiVrjwB9-CYKrk-4Y_firzXyzmKE]]></openid>
<out_trade_no><![CDATA[10254545878]]></out_trade_no>
<result_code><![CDATA[SUCCESS]]></result_code>
<return_code><![CDATA[SUCCESS]]></return_code>
<sign><![CDATA[58E37D6E7067CDD79A0BC5658C48F7FD]]></sign>
<time_end><![CDATA[20151204171442]]></time_end>
<total_fee>1</total_fee>
<trade_type><![CDATA[NATIVE]]></trade_type>
<transaction_id><![CDATA[1008360125201512041901157354]]></transaction_id>
</xml>


执行日期：2015-12-04-18：48：03
【接收到的notify通知】:
<xml><appid><![CDATA[wxa1e319fccc9b03c8]]></appid>
<bank_type><![CDATA[CFT]]></bank_type>
<cash_fee><![CDATA[1]]></cash_fee>
<fee_type><![CDATA[CNY]]></fee_type>
<is_subscribe><![CDATA[Y]]></is_subscribe>
<mch_id><![CDATA[1292201901]]></mch_id>
<nonce_str><![CDATA[f3udjjxio2cvg20pilxycei6ddrpyz1d]]></nonce_str>
<openid><![CDATA[oiVrjwB9-CYKrk-4Y_firzXyzmKE]]></openid>
<out_trade_no><![CDATA[W151204245046]]></out_trade_no>
<result_code><![CDATA[SUCCESS]]></result_code>
<return_code><![CDATA[SUCCESS]]></return_code>
<sign><![CDATA[170E1DE794E5E8B7E075C18299B36CFB]]></sign>
<time_end><![CDATA[20151204184802]]></time_end>
<total_fee>1</total_fee>
<trade_type><![CDATA[NATIVE]]></trade_type>
<transaction_id><![CDATA[1008360125201512041903051977]]></transaction_id>
</xml>


执行日期：2015-12-04-18：48：03
【支付成功】:
<xml><appid><![CDATA[wxa1e319fccc9b03c8]]></appid>
<bank_type><![CDATA[CFT]]></bank_type>
<cash_fee><![CDATA[1]]></cash_fee>
<fee_type><![CDATA[CNY]]></fee_type>
<is_subscribe><![CDATA[Y]]></is_subscribe>
<mch_id><![CDATA[1292201901]]></mch_id>
<nonce_str><![CDATA[f3udjjxio2cvg20pilxycei6ddrpyz1d]]></nonce_str>
<openid><![CDATA[oiVrjwB9-CYKrk-4Y_firzXyzmKE]]></openid>
<out_trade_no><![CDATA[W151204245046]]></out_trade_no>
<result_code><![CDATA[SUCCESS]]></result_code>
<return_code><![CDATA[SUCCESS]]></return_code>
<sign><![CDATA[170E1DE794E5E8B7E075C18299B36CFB]]></sign>
<time_end><![CDATA[20151204184802]]></time_end>
<total_fee>1</total_fee>
<trade_type><![CDATA[NATIVE]]></trade_type>
<transaction_id><![CDATA[1008360125201512041903051977]]></transaction_id>
</xml>


执行日期：2015-12-04-18：53：11
【接收到的notify通知】:
<xml><appid><![CDATA[wxa1e319fccc9b03c8]]></appid>
<bank_type><![CDATA[CFT]]></bank_type>
<cash_fee><![CDATA[1]]></cash_fee>
<fee_type><![CDATA[CNY]]></fee_type>
<is_subscribe><![CDATA[Y]]></is_subscribe>
<mch_id><![CDATA[1292201901]]></mch_id>
<nonce_str><![CDATA[p6y4pnk3hnfluvjmuvld7lhfcgzl9rdy]]></nonce_str>
<openid><![CDATA[oiVrjwB9-CYKrk-4Y_firzXyzmKE]]></openid>
<out_trade_no><![CDATA[W151204387397]]></out_trade_no>
<result_code><![CDATA[SUCCESS]]></result_code>
<return_code><![CDATA[SUCCESS]]></return_code>
<sign><![CDATA[45845F5427A26E07809C3D1FF48FC3C3]]></sign>
<time_end><![CDATA[20151204185311]]></time_end>
<total_fee>1</total_fee>
<trade_type><![CDATA[NATIVE]]></trade_type>
<transaction_id><![CDATA[1008360125201512041903157397]]></transaction_id>
</xml>


执行日期：2015-12-04-18：53：11
【支付成功】:
<xml><appid><![CDATA[wxa1e319fccc9b03c8]]></appid>
<bank_type><![CDATA[CFT]]></bank_type>
<cash_fee><![CDATA[1]]></cash_fee>
<fee_type><![CDATA[CNY]]></fee_type>
<is_subscribe><![CDATA[Y]]></is_subscribe>
<mch_id><![CDATA[1292201901]]></mch_id>
<nonce_str><![CDATA[p6y4pnk3hnfluvjmuvld7lhfcgzl9rdy]]></nonce_str>
<openid><![CDATA[oiVrjwB9-CYKrk-4Y_firzXyzmKE]]></openid>
<out_trade_no><![CDATA[W151204387397]]></out_trade_no>
<result_code><![CDATA[SUCCESS]]></result_code>
<return_code><![CDATA[SUCCESS]]></return_code>
<sign><![CDATA[45845F5427A26E07809C3D1FF48FC3C3]]></sign>
<time_end><![CDATA[20151204185311]]></time_end>
<total_fee>1</total_fee>
<trade_type><![CDATA[NATIVE]]></trade_type>
<transaction_id><![CDATA[1008360125201512041903157397]]></transaction_id>
</xml>


执行日期：2015-12-04-18：53：11
http://www.shunjubao.xyz/account/mppay_return.php?out_trade_no=W151204387397&total_fee=0.01&trade_status=SUCCESS

执行日期：2015-12-04-19：17：40
【接收到的notify通知】:
<xml><appid><![CDATA[wxa1e319fccc9b03c8]]></appid>
<bank_type><![CDATA[CFT]]></bank_type>
<cash_fee><![CDATA[1]]></cash_fee>
<fee_type><![CDATA[CNY]]></fee_type>
<is_subscribe><![CDATA[Y]]></is_subscribe>
<mch_id><![CDATA[1292201901]]></mch_id>
<nonce_str><![CDATA[r4ojpvj4770j1uiowybevodthqpzrb9c]]></nonce_str>
<openid><![CDATA[oiVrjwB9-CYKrk-4Y_firzXyzmKE]]></openid>
<out_trade_no><![CDATA[W151204222641]]></out_trade_no>
<result_code><![CDATA[SUCCESS]]></result_code>
<return_code><![CDATA[SUCCESS]]></return_code>
<sign><![CDATA[F5902C80E8082011CAC339F49A91EDB4]]></sign>
<time_end><![CDATA[20151204191741]]></time_end>
<total_fee>1</total_fee>
<trade_type><![CDATA[NATIVE]]></trade_type>
<transaction_id><![CDATA[1008360125201512041903630778]]></transaction_id>
</xml>


执行日期：2015-12-04-19：17：41
【支付成功】:
<xml><appid><![CDATA[wxa1e319fccc9b03c8]]></appid>
<bank_type><![CDATA[CFT]]></bank_type>
<cash_fee><![CDATA[1]]></cash_fee>
<fee_type><![CDATA[CNY]]></fee_type>
<is_subscribe><![CDATA[Y]]></is_subscribe>
<mch_id><![CDATA[1292201901]]></mch_id>
<nonce_str><![CDATA[r4ojpvj4770j1uiowybevodthqpzrb9c]]></nonce_str>
<openid><![CDATA[oiVrjwB9-CYKrk-4Y_firzXyzmKE]]></openid>
<out_trade_no><![CDATA[W151204222641]]></out_trade_no>
<result_code><![CDATA[SUCCESS]]></result_code>
<return_code><![CDATA[SUCCESS]]></return_code>
<sign><![CDATA[F5902C80E8082011CAC339F49A91EDB4]]></sign>
<time_end><![CDATA[20151204191741]]></time_end>
<total_fee>1</total_fee>
<trade_type><![CDATA[NATIVE]]></trade_type>
<transaction_id><![CDATA[1008360125201512041903630778]]></transaction_id>
</xml>


执行日期：2015-12-04-19：17：41
﻿用户充值成功

执行日期：2015-12-04-19：28：13
【接收到的notify通知】:
<xml><appid><![CDATA[wxa1e319fccc9b03c8]]></appid>
<bank_type><![CDATA[CFT]]></bank_type>
<cash_fee><![CDATA[1]]></cash_fee>
<fee_type><![CDATA[CNY]]></fee_type>
<is_subscribe><![CDATA[Y]]></is_subscribe>
<mch_id><![CDATA[1292201901]]></mch_id>
<nonce_str><![CDATA[uluxn4fn7wffbb1wxeyknpd0c9qfr4lc]]></nonce_str>
<openid><![CDATA[oiVrjwB9-CYKrk-4Y_firzXyzmKE]]></openid>
<out_trade_no><![CDATA[W151204046123]]></out_trade_no>
<result_code><![CDATA[SUCCESS]]></result_code>
<return_code><![CDATA[SUCCESS]]></return_code>
<sign><![CDATA[5BE83F02189C1B254B18E7C371CB212F]]></sign>
<time_end><![CDATA[20151204192814]]></time_end>
<total_fee>1</total_fee>
<trade_type><![CDATA[NATIVE]]></trade_type>
<transaction_id><![CDATA[1008360125201512041903826963]]></transaction_id>
</xml>


执行日期：2015-12-04-19：28：14
【支付成功】:
<xml><appid><![CDATA[wxa1e319fccc9b03c8]]></appid>
<bank_type><![CDATA[CFT]]></bank_type>
<cash_fee><![CDATA[1]]></cash_fee>
<fee_type><![CDATA[CNY]]></fee_type>
<is_subscribe><![CDATA[Y]]></is_subscribe>
<mch_id><![CDATA[1292201901]]></mch_id>
<nonce_str><![CDATA[uluxn4fn7wffbb1wxeyknpd0c9qfr4lc]]></nonce_str>
<openid><![CDATA[oiVrjwB9-CYKrk-4Y_firzXyzmKE]]></openid>
<out_trade_no><![CDATA[W151204046123]]></out_trade_no>
<result_code><![CDATA[SUCCESS]]></result_code>
<return_code><![CDATA[SUCCESS]]></return_code>
<sign><![CDATA[5BE83F02189C1B254B18E7C371CB212F]]></sign>
<time_end><![CDATA[20151204192814]]></time_end>
<total_fee>1</total_fee>
<trade_type><![CDATA[NATIVE]]></trade_type>
<transaction_id><![CDATA[1008360125201512041903826963]]></transaction_id>
</xml>


执行日期：2015-12-04-19：28：14
﻿用户充值成功

执行日期：2015-12-04-19：31：39
【接收到的notify通知】:
<xml><appid><![CDATA[wxa1e319fccc9b03c8]]></appid>
<bank_type><![CDATA[CFT]]></bank_type>
<cash_fee><![CDATA[1]]></cash_fee>
<fee_type><![CDATA[CNY]]></fee_type>
<is_subscribe><![CDATA[Y]]></is_subscribe>
<mch_id><![CDATA[1292201901]]></mch_id>
<nonce_str><![CDATA[o33blrfw0mycg76n052ufo2zxm2316x2]]></nonce_str>
<openid><![CDATA[oiVrjwB9-CYKrk-4Y_firzXyzmKE]]></openid>
<out_trade_no><![CDATA[W151204687580]]></out_trade_no>
<result_code><![CDATA[SUCCESS]]></result_code>
<return_code><![CDATA[SUCCESS]]></return_code>
<sign><![CDATA[335C5E689C67E79FC15A8596461B4BDA]]></sign>
<time_end><![CDATA[20151204193140]]></time_end>
<total_fee>1</total_fee>
<trade_type><![CDATA[NATIVE]]></trade_type>
<transaction_id><![CDATA[1008360125201512041903909826]]></transaction_id>
</xml>


执行日期：2015-12-04-19：31：40
【支付成功】:
<xml><appid><![CDATA[wxa1e319fccc9b03c8]]></appid>
<bank_type><![CDATA[CFT]]></bank_type>
<cash_fee><![CDATA[1]]></cash_fee>
<fee_type><![CDATA[CNY]]></fee_type>
<is_subscribe><![CDATA[Y]]></is_subscribe>
<mch_id><![CDATA[1292201901]]></mch_id>
<nonce_str><![CDATA[o33blrfw0mycg76n052ufo2zxm2316x2]]></nonce_str>
<openid><![CDATA[oiVrjwB9-CYKrk-4Y_firzXyzmKE]]></openid>
<out_trade_no><![CDATA[W151204687580]]></out_trade_no>
<result_code><![CDATA[SUCCESS]]></result_code>
<return_code><![CDATA[SUCCESS]]></return_code>
<sign><![CDATA[335C5E689C67E79FC15A8596461B4BDA]]></sign>
<time_end><![CDATA[20151204193140]]></time_end>
<total_fee>1</total_fee>
<trade_type><![CDATA[NATIVE]]></trade_type>
<transaction_id><![CDATA[1008360125201512041903909826]]></transaction_id>
</xml>


执行日期：2015-12-04-19：31：40
﻿用户充值成功

执行日期：2015-12-04-19：32：45
【接收到的notify通知】:
<xml><appid><![CDATA[wxa1e319fccc9b03c8]]></appid>
<bank_type><![CDATA[CFT]]></bank_type>
<cash_fee><![CDATA[1]]></cash_fee>
<fee_type><![CDATA[CNY]]></fee_type>
<is_subscribe><![CDATA[Y]]></is_subscribe>
<mch_id><![CDATA[1292201901]]></mch_id>
<nonce_str><![CDATA[h1xhpy6yn2cioty4f7g5rlhyaerk4jpl]]></nonce_str>
<openid><![CDATA[oiVrjwB9-CYKrk-4Y_firzXyzmKE]]></openid>
<out_trade_no><![CDATA[W151204528248]]></out_trade_no>
<result_code><![CDATA[SUCCESS]]></result_code>
<return_code><![CDATA[SUCCESS]]></return_code>
<sign><![CDATA[4C2BF21F52BD9474ED4050030CCAB2E9]]></sign>
<time_end><![CDATA[20151204193245]]></time_end>
<total_fee>1</total_fee>
<trade_type><![CDATA[NATIVE]]></trade_type>
<transaction_id><![CDATA[1008360125201512041903909799]]></transaction_id>
</xml>


执行日期：2015-12-04-19：32：45
【支付成功】:
<xml><appid><![CDATA[wxa1e319fccc9b03c8]]></appid>
<bank_type><![CDATA[CFT]]></bank_type>
<cash_fee><![CDATA[1]]></cash_fee>
<fee_type><![CDATA[CNY]]></fee_type>
<is_subscribe><![CDATA[Y]]></is_subscribe>
<mch_id><![CDATA[1292201901]]></mch_id>
<nonce_str><![CDATA[h1xhpy6yn2cioty4f7g5rlhyaerk4jpl]]></nonce_str>
<openid><![CDATA[oiVrjwB9-CYKrk-4Y_firzXyzmKE]]></openid>
<out_trade_no><![CDATA[W151204528248]]></out_trade_no>
<result_code><![CDATA[SUCCESS]]></result_code>
<return_code><![CDATA[SUCCESS]]></return_code>
<sign><![CDATA[4C2BF21F52BD9474ED4050030CCAB2E9]]></sign>
<time_end><![CDATA[20151204193245]]></time_end>
<total_fee>1</total_fee>
<trade_type><![CDATA[NATIVE]]></trade_type>
<transaction_id><![CDATA[1008360125201512041903909799]]></transaction_id>
</xml>


执行日期：2015-12-04-19：32：45
﻿用户充值成功

执行日期：2015-12-04-19：56：08
【接收到的notify通知】:
<xml><appid><![CDATA[wxa1e319fccc9b03c8]]></appid>
<bank_type><![CDATA[CFT]]></bank_type>
<cash_fee><![CDATA[1]]></cash_fee>
<fee_type><![CDATA[CNY]]></fee_type>
<is_subscribe><![CDATA[Y]]></is_subscribe>
<mch_id><![CDATA[1292201901]]></mch_id>
<nonce_str><![CDATA[6v2jpvhxu933nz682jafp08d6cxs986s]]></nonce_str>
<openid><![CDATA[oiVrjwB9-CYKrk-4Y_firzXyzmKE]]></openid>
<out_trade_no><![CDATA[W151204782956]]></out_trade_no>
<result_code><![CDATA[SUCCESS]]></result_code>
<return_code><![CDATA[SUCCESS]]></return_code>
<sign><![CDATA[F4B08593032CA97EC28356AE8E358197]]></sign>
<time_end><![CDATA[20151204195600]]></time_end>
<total_fee>1</total_fee>
<trade_type><![CDATA[NATIVE]]></trade_type>
<transaction_id><![CDATA[1008360125201512041904355556]]></transaction_id>
</xml>


执行日期：2015-12-04-19：56：08
【支付成功】:
<xml><appid><![CDATA[wxa1e319fccc9b03c8]]></appid>
<bank_type><![CDATA[CFT]]></bank_type>
<cash_fee><![CDATA[1]]></cash_fee>
<fee_type><![CDATA[CNY]]></fee_type>
<is_subscribe><![CDATA[Y]]></is_subscribe>
<mch_id><![CDATA[1292201901]]></mch_id>
<nonce_str><![CDATA[6v2jpvhxu933nz682jafp08d6cxs986s]]></nonce_str>
<openid><![CDATA[oiVrjwB9-CYKrk-4Y_firzXyzmKE]]></openid>
<out_trade_no><![CDATA[W151204782956]]></out_trade_no>
<result_code><![CDATA[SUCCESS]]></result_code>
<return_code><![CDATA[SUCCESS]]></return_code>
<sign><![CDATA[F4B08593032CA97EC28356AE8E358197]]></sign>
<time_end><![CDATA[20151204195600]]></time_end>
<total_fee>1</total_fee>
<trade_type><![CDATA[NATIVE]]></trade_type>
<transaction_id><![CDATA[1008360125201512041904355556]]></transaction_id>
</xml>


执行日期：2015-12-04-19：56：08
﻿用户充值成功

执行日期：2015-12-04-19：56：15
【接收到的notify通知】:
<xml><appid><![CDATA[wxa1e319fccc9b03c8]]></appid>
<bank_type><![CDATA[CFT]]></bank_type>
<cash_fee><![CDATA[1]]></cash_fee>
<fee_type><![CDATA[CNY]]></fee_type>
<is_subscribe><![CDATA[Y]]></is_subscribe>
<mch_id><![CDATA[1292201901]]></mch_id>
<nonce_str><![CDATA[6v2jpvhxu933nz682jafp08d6cxs986s]]></nonce_str>
<openid><![CDATA[oiVrjwB9-CYKrk-4Y_firzXyzmKE]]></openid>
<out_trade_no><![CDATA[W151204782956]]></out_trade_no>
<result_code><![CDATA[SUCCESS]]></result_code>
<return_code><![CDATA[SUCCESS]]></return_code>
<sign><![CDATA[F4B08593032CA97EC28356AE8E358197]]></sign>
<time_end><![CDATA[20151204195600]]></time_end>
<total_fee>1</total_fee>
<trade_type><![CDATA[NATIVE]]></trade_type>
<transaction_id><![CDATA[1008360125201512041904355556]]></transaction_id>
</xml>


执行日期：2015-12-04-19：56：15
【支付成功】:
<xml><appid><![CDATA[wxa1e319fccc9b03c8]]></appid>
<bank_type><![CDATA[CFT]]></bank_type>
<cash_fee><![CDATA[1]]></cash_fee>
<fee_type><![CDATA[CNY]]></fee_type>
<is_subscribe><![CDATA[Y]]></is_subscribe>
<mch_id><![CDATA[1292201901]]></mch_id>
<nonce_str><![CDATA[6v2jpvhxu933nz682jafp08d6cxs986s]]></nonce_str>
<openid><![CDATA[oiVrjwB9-CYKrk-4Y_firzXyzmKE]]></openid>
<out_trade_no><![CDATA[W151204782956]]></out_trade_no>
<result_code><![CDATA[SUCCESS]]></result_code>
<return_code><![CDATA[SUCCESS]]></return_code>
<sign><![CDATA[F4B08593032CA97EC28356AE8E358197]]></sign>
<time_end><![CDATA[20151204195600]]></time_end>
<total_fee>1</total_fee>
<trade_type><![CDATA[NATIVE]]></trade_type>
<transaction_id><![CDATA[1008360125201512041904355556]]></transaction_id>
</xml>


执行日期：2015-12-04-19：56：15
﻿已经成功了，不需要再更新

执行日期：2015-12-04-20：19：39
【接收到的notify通知】:
<xml><appid><![CDATA[wxa1e319fccc9b03c8]]></appid>
<bank_type><![CDATA[CFT]]></bank_type>
<cash_fee><![CDATA[1]]></cash_fee>
<fee_type><![CDATA[CNY]]></fee_type>
<is_subscribe><![CDATA[Y]]></is_subscribe>
<mch_id><![CDATA[1292201901]]></mch_id>
<nonce_str><![CDATA[8f0xtut6wmu15lzgl21niw9o0ka640sj]]></nonce_str>
<openid><![CDATA[oiVrjwB9-CYKrk-4Y_firzXyzmKE]]></openid>
<out_trade_no><![CDATA[W151204558617]]></out_trade_no>
<result_code><![CDATA[SUCCESS]]></result_code>
<return_code><![CDATA[SUCCESS]]></return_code>
<sign><![CDATA[61E28E6BECDD929A1BC8DFB58DD30552]]></sign>
<time_end><![CDATA[20151204201939]]></time_end>
<total_fee>1</total_fee>
<trade_type><![CDATA[NATIVE]]></trade_type>
<transaction_id><![CDATA[1008360125201512041904786447]]></transaction_id>
</xml>


执行日期：2015-12-04-20：19：39
【支付成功】:
<xml><appid><![CDATA[wxa1e319fccc9b03c8]]></appid>
<bank_type><![CDATA[CFT]]></bank_type>
<cash_fee><![CDATA[1]]></cash_fee>
<fee_type><![CDATA[CNY]]></fee_type>
<is_subscribe><![CDATA[Y]]></is_subscribe>
<mch_id><![CDATA[1292201901]]></mch_id>
<nonce_str><![CDATA[8f0xtut6wmu15lzgl21niw9o0ka640sj]]></nonce_str>
<openid><![CDATA[oiVrjwB9-CYKrk-4Y_firzXyzmKE]]></openid>
<out_trade_no><![CDATA[W151204558617]]></out_trade_no>
<result_code><![CDATA[SUCCESS]]></result_code>
<return_code><![CDATA[SUCCESS]]></return_code>
<sign><![CDATA[61E28E6BECDD929A1BC8DFB58DD30552]]></sign>
<time_end><![CDATA[20151204201939]]></time_end>
<total_fee>1</total_fee>
<trade_type><![CDATA[NATIVE]]></trade_type>
<transaction_id><![CDATA[1008360125201512041904786447]]></transaction_id>
</xml>


执行日期：2015-12-04-20：19：39
﻿用户充值成功

执行日期：2015-12-04-20：22：34
【接收到的notify通知】:
<xml><appid><![CDATA[wxa1e319fccc9b03c8]]></appid>
<bank_type><![CDATA[CFT]]></bank_type>
<cash_fee><![CDATA[1]]></cash_fee>
<fee_type><![CDATA[CNY]]></fee_type>
<is_subscribe><![CDATA[Y]]></is_subscribe>
<mch_id><![CDATA[1292201901]]></mch_id>
<nonce_str><![CDATA[bm2zyy4mwb1ckumo97c1guu5vnhwr8tk]]></nonce_str>
<openid><![CDATA[oiVrjwB9-CYKrk-4Y_firzXyzmKE]]></openid>
<out_trade_no><![CDATA[W151204643499]]></out_trade_no>
<result_code><![CDATA[SUCCESS]]></result_code>
<return_code><![CDATA[SUCCESS]]></return_code>
<sign><![CDATA[1DAE420DB0159D2BC8F595EEBAEE6B12]]></sign>
<time_end><![CDATA[20151204202234]]></time_end>
<total_fee>1</total_fee>
<trade_type><![CDATA[NATIVE]]></trade_type>
<transaction_id><![CDATA[1008360125201512041904837631]]></transaction_id>
</xml>


执行日期：2015-12-04-20：22：34
【支付成功】:
<xml><appid><![CDATA[wxa1e319fccc9b03c8]]></appid>
<bank_type><![CDATA[CFT]]></bank_type>
<cash_fee><![CDATA[1]]></cash_fee>
<fee_type><![CDATA[CNY]]></fee_type>
<is_subscribe><![CDATA[Y]]></is_subscribe>
<mch_id><![CDATA[1292201901]]></mch_id>
<nonce_str><![CDATA[bm2zyy4mwb1ckumo97c1guu5vnhwr8tk]]></nonce_str>
<openid><![CDATA[oiVrjwB9-CYKrk-4Y_firzXyzmKE]]></openid>
<out_trade_no><![CDATA[W151204643499]]></out_trade_no>
<result_code><![CDATA[SUCCESS]]></result_code>
<return_code><![CDATA[SUCCESS]]></return_code>
<sign><![CDATA[1DAE420DB0159D2BC8F595EEBAEE6B12]]></sign>
<time_end><![CDATA[20151204202234]]></time_end>
<total_fee>1</total_fee>
<trade_type><![CDATA[NATIVE]]></trade_type>
<transaction_id><![CDATA[1008360125201512041904837631]]></transaction_id>
</xml>


执行日期：2015-12-04-20：22：34
﻿用户充值成功

执行日期：2015-12-04-20：26：49
【接收到的notify通知】:
<xml><appid><![CDATA[wxa1e319fccc9b03c8]]></appid>
<bank_type><![CDATA[CFT]]></bank_type>
<cash_fee><![CDATA[1]]></cash_fee>
<fee_type><![CDATA[CNY]]></fee_type>
<is_subscribe><![CDATA[Y]]></is_subscribe>
<mch_id><![CDATA[1292201901]]></mch_id>
<nonce_str><![CDATA[bv5i8zvw04sp3frtozol8pvcilw0a44o]]></nonce_str>
<openid><![CDATA[oiVrjwB9-CYKrk-4Y_firzXyzmKE]]></openid>
<out_trade_no><![CDATA[W151204779477]]></out_trade_no>
<result_code><![CDATA[SUCCESS]]></result_code>
<return_code><![CDATA[SUCCESS]]></return_code>
<sign><![CDATA[ACDB60384EE0755733C6A886E74C0DFE]]></sign>
<time_end><![CDATA[20151204202648]]></time_end>
<total_fee>1</total_fee>
<trade_type><![CDATA[NATIVE]]></trade_type>
<transaction_id><![CDATA[1008360125201512041904892159]]></transaction_id>
</xml>


执行日期：2015-12-04-20：26：49
【支付成功】:
<xml><appid><![CDATA[wxa1e319fccc9b03c8]]></appid>
<bank_type><![CDATA[CFT]]></bank_type>
<cash_fee><![CDATA[1]]></cash_fee>
<fee_type><![CDATA[CNY]]></fee_type>
<is_subscribe><![CDATA[Y]]></is_subscribe>
<mch_id><![CDATA[1292201901]]></mch_id>
<nonce_str><![CDATA[bv5i8zvw04sp3frtozol8pvcilw0a44o]]></nonce_str>
<openid><![CDATA[oiVrjwB9-CYKrk-4Y_firzXyzmKE]]></openid>
<out_trade_no><![CDATA[W151204779477]]></out_trade_no>
<result_code><![CDATA[SUCCESS]]></result_code>
<return_code><![CDATA[SUCCESS]]></return_code>
<sign><![CDATA[ACDB60384EE0755733C6A886E74C0DFE]]></sign>
<time_end><![CDATA[20151204202648]]></time_end>
<total_fee>1</total_fee>
<trade_type><![CDATA[NATIVE]]></trade_type>
<transaction_id><![CDATA[1008360125201512041904892159]]></transaction_id>
</xml>


执行日期：2015-12-04-20：26：49
﻿用户充值成功

执行日期：2015-12-04-20：27：29
【接收到的notify通知】:
<xml><appid><![CDATA[wxa1e319fccc9b03c8]]></appid>
<bank_type><![CDATA[CFT]]></bank_type>
<cash_fee><![CDATA[1]]></cash_fee>
<fee_type><![CDATA[CNY]]></fee_type>
<is_subscribe><![CDATA[Y]]></is_subscribe>
<mch_id><![CDATA[1292201901]]></mch_id>
<nonce_str><![CDATA[3l40z783hogbd8jcne3itch4lsqvalnu]]></nonce_str>
<openid><![CDATA[oiVrjwB9-CYKrk-4Y_firzXyzmKE]]></openid>
<out_trade_no><![CDATA[W151204853001]]></out_trade_no>
<result_code><![CDATA[SUCCESS]]></result_code>
<return_code><![CDATA[SUCCESS]]></return_code>
<sign><![CDATA[F1B3D0B0CDDB749904153C410A3FB58E]]></sign>
<time_end><![CDATA[20151204202729]]></time_end>
<total_fee>1</total_fee>
<trade_type><![CDATA[NATIVE]]></trade_type>
<transaction_id><![CDATA[1008360125201512041904904577]]></transaction_id>
</xml>


执行日期：2015-12-04-20：27：29
【支付成功】:
<xml><appid><![CDATA[wxa1e319fccc9b03c8]]></appid>
<bank_type><![CDATA[CFT]]></bank_type>
<cash_fee><![CDATA[1]]></cash_fee>
<fee_type><![CDATA[CNY]]></fee_type>
<is_subscribe><![CDATA[Y]]></is_subscribe>
<mch_id><![CDATA[1292201901]]></mch_id>
<nonce_str><![CDATA[3l40z783hogbd8jcne3itch4lsqvalnu]]></nonce_str>
<openid><![CDATA[oiVrjwB9-CYKrk-4Y_firzXyzmKE]]></openid>
<out_trade_no><![CDATA[W151204853001]]></out_trade_no>
<result_code><![CDATA[SUCCESS]]></result_code>
<return_code><![CDATA[SUCCESS]]></return_code>
<sign><![CDATA[F1B3D0B0CDDB749904153C410A3FB58E]]></sign>
<time_end><![CDATA[20151204202729]]></time_end>
<total_fee>1</total_fee>
<trade_type><![CDATA[NATIVE]]></trade_type>
<transaction_id><![CDATA[1008360125201512041904904577]]></transaction_id>
</xml>


执行日期：2015-12-04-20：27：29
﻿用户充值成功

执行日期：2015-12-05-12：52：19
【接收到的notify通知】:
<xml><appid><![CDATA[wxa1e319fccc9b03c8]]></appid>
<bank_type><![CDATA[CMB_DEBIT]]></bank_type>
<cash_fee><![CDATA[100]]></cash_fee>
<fee_type><![CDATA[CNY]]></fee_type>
<is_subscribe><![CDATA[Y]]></is_subscribe>
<mch_id><![CDATA[1292201901]]></mch_id>
<nonce_str><![CDATA[c6pa87bq47a2m9dsm4osjpw8dvknuax6]]></nonce_str>
<openid><![CDATA[oiVrjwGw4Vr91TCzr6BV1jpAQn2o]]></openid>
<out_trade_no><![CDATA[W151205773907]]></out_trade_no>
<result_code><![CDATA[SUCCESS]]></result_code>
<return_code><![CDATA[SUCCESS]]></return_code>
<sign><![CDATA[95FBFA147B5244FECCCD24F610F9FBB9]]></sign>
<time_end><![CDATA[20151205125218]]></time_end>
<total_fee>100</total_fee>
<trade_type><![CDATA[NATIVE]]></trade_type>
<transaction_id><![CDATA[1006880125201512051913264366]]></transaction_id>
</xml>


执行日期：2015-12-05-12：52：19
【支付成功】:
<xml><appid><![CDATA[wxa1e319fccc9b03c8]]></appid>
<bank_type><![CDATA[CMB_DEBIT]]></bank_type>
<cash_fee><![CDATA[100]]></cash_fee>
<fee_type><![CDATA[CNY]]></fee_type>
<is_subscribe><![CDATA[Y]]></is_subscribe>
<mch_id><![CDATA[1292201901]]></mch_id>
<nonce_str><![CDATA[c6pa87bq47a2m9dsm4osjpw8dvknuax6]]></nonce_str>
<openid><![CDATA[oiVrjwGw4Vr91TCzr6BV1jpAQn2o]]></openid>
<out_trade_no><![CDATA[W151205773907]]></out_trade_no>
<result_code><![CDATA[SUCCESS]]></result_code>
<return_code><![CDATA[SUCCESS]]></return_code>
<sign><![CDATA[95FBFA147B5244FECCCD24F610F9FBB9]]></sign>
<time_end><![CDATA[20151205125218]]></time_end>
<total_fee>100</total_fee>
<trade_type><![CDATA[NATIVE]]></trade_type>
<transaction_id><![CDATA[1006880125201512051913264366]]></transaction_id>
</xml>


执行日期：2015-12-05-12：52：19
﻿用户充值成功

执行日期：2015-12-07-10：01：24
【接收到的notify通知】:
<xml><openid>oiVrjwGw4Vr91TCzr6BV1jpAQn2o</openid><trade_type>NATIVE</trade_type><return_code>SUCCESS</return_code><time_end>20151207100122</time_end><mch_id>1292201901</mch_id><sign>95FBFA147B5244FECCCD24F610F9FBB9</sign><cash_fee>100</cash_fee><is_subscribe>Y</is_subscribe><bank_type>CMB_DEBIT</bank_type><out_trade_no>W151205773907</out_trade_no><transaction_id>1006880125201512051913264366</transaction_id><total_fee>100</total_fee><appid>wxa1e319fccc9b03c8</appid><noncestr>20150531233956996351</noncestr><result_code>SUCCESS</result_code></xml>


执行日期：2015-12-07-11：08：49
【接收到的notify通知】:
<xml><openid>oiVrjwGw4Vr91TCzr6BV1jpAQn2o</openid><trade_type>NATIVE</trade_type><return_code>SUCCESS</return_code><time_end>20151207110847</time_end><mch_id>1292201901</mch_id><cash_fee>100</cash_fee><is_subscribe>Y</is_subscribe><bank_type>CMB_DEBIT</bank_type><out_trade_no>W151205773907</out_trade_no><transaction_id>1006880125201512051913264366</transaction_id><total_fee>100</total_fee><appid>wxa1e319fccc9b03c8</appid><noncestr>20150531233956996351</noncestr><result_code>SUCCESS</result_code></xml>


执行日期：2016-07-20-16：16：27
【接收到的notify通知】:
<xml><appid><![CDATA[wxa1e319fccc9b03c8]]></appid>
<bank_type><![CDATA[CFT]]></bank_type>
<cash_fee><![CDATA[1]]></cash_fee>
<fee_type><![CDATA[CNY]]></fee_type>
<is_subscribe><![CDATA[Y]]></is_subscribe>
<mch_id><![CDATA[1292201901]]></mch_id>
<nonce_str><![CDATA[t9w7ibuw80zz57ysdpjptb9kid4evezr]]></nonce_str>
<openid><![CDATA[oiVrjwB9-CYKrk-4Y_firzXyzmKE]]></openid>
<out_trade_no><![CDATA[W160720204781]]></out_trade_no>
<result_code><![CDATA[SUCCESS]]></result_code>
<return_code><![CDATA[SUCCESS]]></return_code>
<sign><![CDATA[E0917D8B7471E4927253EED4D93D5AB2]]></sign>
<time_end><![CDATA[20160720161627]]></time_end>
<total_fee>1</total_fee>
<trade_type><![CDATA[NATIVE]]></trade_type>
<transaction_id><![CDATA[4008362001201607209382168411]]></transaction_id>
</xml>


执行日期：2016-07-20-16：16：27
【支付成功】:
<xml><appid><![CDATA[wxa1e319fccc9b03c8]]></appid>
<bank_type><![CDATA[CFT]]></bank_type>
<cash_fee><![CDATA[1]]></cash_fee>
<fee_type><![CDATA[CNY]]></fee_type>
<is_subscribe><![CDATA[Y]]></is_subscribe>
<mch_id><![CDATA[1292201901]]></mch_id>
<nonce_str><![CDATA[t9w7ibuw80zz57ysdpjptb9kid4evezr]]></nonce_str>
<openid><![CDATA[oiVrjwB9-CYKrk-4Y_firzXyzmKE]]></openid>
<out_trade_no><![CDATA[W160720204781]]></out_trade_no>
<result_code><![CDATA[SUCCESS]]></result_code>
<return_code><![CDATA[SUCCESS]]></return_code>
<sign><![CDATA[E0917D8B7471E4927253EED4D93D5AB2]]></sign>
<time_end><![CDATA[20160720161627]]></time_end>
<total_fee>1</total_fee>
<trade_type><![CDATA[NATIVE]]></trade_type>
<transaction_id><![CDATA[4008362001201607209382168411]]></transaction_id>
</xml>


执行日期：2016-07-20-16：16：27
用户充值成功

执行日期：2016-07-21-21：08：43
【接收到的notify通知】:
<xml><openid>oiVrjwB9-CYKrk-4Y_firzXyzmKE</openid><sub_mch_id>1217189101</sub_mch_id><return_code>SUCCESS</return_code><time_end>20160721210844</time_end><mch_id>1292201901</mch_id><trade_type>NATIVE</trade_type><sign>E0917D8B7471E4927253EED4D93D5AB2</sign><cash_fee>1</cash_fee><is_subscribe>Y</is_subscribe><bank_type>CFT</bank_type><out_trade_no>W160720204781</out_trade_no><transaction_id>4008362001201607209382168411</transaction_id><total_fee>1</total_fee><appid>wxa1e319fccc9b03c8</appid><noncestr>20150531233956996351</noncestr><result_code>SUCCESS</result_code></xml>


执行日期：2016-07-22-01：37：52
【接收到的notify通知】:
<xml><openid>oiVrjwB9-CYKrk-4Y_firzXyzmKE</openid><sub_mch_id>1217189101</sub_mch_id><return_code>SUCCESS</return_code><time_end>20160722013753</time_end><mch_id>1292201901</mch_id><trade_type>NATIVE</trade_type><cash_fee>1</cash_fee><is_subscribe>Y</is_subscribe><bank_type>CFT</bank_type><out_trade_no>W160720204781</out_trade_no><transaction_id>4008362001201607209382168411</transaction_id><total_fee>1</total_fee><appid>wxa1e319fccc9b03c8</appid><noncestr>20150531233956996351</noncestr><result_code>SUCCESS</result_code></xml>


执行日期：2016-07-24-16：47：10
【接收到的notify通知】:
<xml><appid><![CDATA[wxa1e319fccc9b03c8]]></appid>
<bank_type><![CDATA[CFT]]></bank_type>
<cash_fee><![CDATA[100]]></cash_fee>
<fee_type><![CDATA[CNY]]></fee_type>
<is_subscribe><![CDATA[Y]]></is_subscribe>
<mch_id><![CDATA[1292201901]]></mch_id>
<nonce_str><![CDATA[zey5zeqwcw2j7dj9fuosioxo9v812es4]]></nonce_str>
<openid><![CDATA[oiVrjwFr8PGabDLdOIrCg6XVZOo4]]></openid>
<out_trade_no><![CDATA[W160724026372]]></out_trade_no>
<result_code><![CDATA[SUCCESS]]></result_code>
<return_code><![CDATA[SUCCESS]]></return_code>
<sign><![CDATA[CF662ADD352ECABD8717821DE2D425D7]]></sign>
<time_end><![CDATA[20160724164708]]></time_end>
<total_fee>100</total_fee>
<trade_type><![CDATA[NATIVE]]></trade_type>
<transaction_id><![CDATA[4000692001201607249679560495]]></transaction_id>
</xml>


执行日期：2016-07-24-16：47：10
【支付成功】:
<xml><appid><![CDATA[wxa1e319fccc9b03c8]]></appid>
<bank_type><![CDATA[CFT]]></bank_type>
<cash_fee><![CDATA[100]]></cash_fee>
<fee_type><![CDATA[CNY]]></fee_type>
<is_subscribe><![CDATA[Y]]></is_subscribe>
<mch_id><![CDATA[1292201901]]></mch_id>
<nonce_str><![CDATA[zey5zeqwcw2j7dj9fuosioxo9v812es4]]></nonce_str>
<openid><![CDATA[oiVrjwFr8PGabDLdOIrCg6XVZOo4]]></openid>
<out_trade_no><![CDATA[W160724026372]]></out_trade_no>
<result_code><![CDATA[SUCCESS]]></result_code>
<return_code><![CDATA[SUCCESS]]></return_code>
<sign><![CDATA[CF662ADD352ECABD8717821DE2D425D7]]></sign>
<time_end><![CDATA[20160724164708]]></time_end>
<total_fee>100</total_fee>
<trade_type><![CDATA[NATIVE]]></trade_type>
<transaction_id><![CDATA[4000692001201607249679560495]]></transaction_id>
</xml>


执行日期：2016-07-24-16：47：10
用户充值成功

执行日期：2016-07-24-16：47：26
【接收到的notify通知】:
<xml><appid><![CDATA[wxa1e319fccc9b03c8]]></appid>
<bank_type><![CDATA[CFT]]></bank_type>
<cash_fee><![CDATA[100]]></cash_fee>
<fee_type><![CDATA[CNY]]></fee_type>
<is_subscribe><![CDATA[Y]]></is_subscribe>
<mch_id><![CDATA[1292201901]]></mch_id>
<nonce_str><![CDATA[zey5zeqwcw2j7dj9fuosioxo9v812es4]]></nonce_str>
<openid><![CDATA[oiVrjwFr8PGabDLdOIrCg6XVZOo4]]></openid>
<out_trade_no><![CDATA[W160724026372]]></out_trade_no>
<result_code><![CDATA[SUCCESS]]></result_code>
<return_code><![CDATA[SUCCESS]]></return_code>
<sign><![CDATA[CF662ADD352ECABD8717821DE2D425D7]]></sign>
<time_end><![CDATA[20160724164708]]></time_end>
<total_fee>100</total_fee>
<trade_type><![CDATA[NATIVE]]></trade_type>
<transaction_id><![CDATA[4000692001201607249679560495]]></transaction_id>
</xml>


执行日期：2016-07-24-16：47：26
【支付成功】:
<xml><appid><![CDATA[wxa1e319fccc9b03c8]]></appid>
<bank_type><![CDATA[CFT]]></bank_type>
<cash_fee><![CDATA[100]]></cash_fee>
<fee_type><![CDATA[CNY]]></fee_type>
<is_subscribe><![CDATA[Y]]></is_subscribe>
<mch_id><![CDATA[1292201901]]></mch_id>
<nonce_str><![CDATA[zey5zeqwcw2j7dj9fuosioxo9v812es4]]></nonce_str>
<openid><![CDATA[oiVrjwFr8PGabDLdOIrCg6XVZOo4]]></openid>
<out_trade_no><![CDATA[W160724026372]]></out_trade_no>
<result_code><![CDATA[SUCCESS]]></result_code>
<return_code><![CDATA[SUCCESS]]></return_code>
<sign><![CDATA[CF662ADD352ECABD8717821DE2D425D7]]></sign>
<time_end><![CDATA[20160724164708]]></time_end>
<total_fee>100</total_fee>
<trade_type><![CDATA[NATIVE]]></trade_type>
<transaction_id><![CDATA[4000692001201607249679560495]]></transaction_id>
</xml>


执行日期：2016-07-24-16：47：26
已经成功了，不需要再更新

执行日期：2016-07-25-21：04：59
【接收到的notify通知】:
<xml><openid>oiVrjwFr8PGabDLdOIrCg6XVZOo4</openid><sub_mch_id>1217189101</sub_mch_id><return_code>SUCCESS</return_code><time_end>20160725210459</time_end><mch_id>1292201901</mch_id><trade_type>NATIVE</trade_type><sign>CF662ADD352ECABD8717821DE2D425D7</sign><cash_fee>100</cash_fee><is_subscribe>Y</is_subscribe><bank_type>CFT</bank_type><out_trade_no>W160724026372</out_trade_no><transaction_id>4000692001201607249679560495</transaction_id><total_fee>100</total_fee><appid>wxa1e319fccc9b03c8</appid><noncestr>20150531233956996351</noncestr><result_code>SUCCESS</result_code></xml>


执行日期：2016-07-26-00：55：10
【接收到的notify通知】:
<xml><openid>oiVrjwFr8PGabDLdOIrCg6XVZOo4</openid><sub_mch_id>1217189101</sub_mch_id><return_code>SUCCESS</return_code><time_end>20160726005511</time_end><mch_id>1292201901</mch_id><trade_type>NATIVE</trade_type><cash_fee>100</cash_fee><is_subscribe>Y</is_subscribe><bank_type>CFT</bank_type><out_trade_no>W160724026372</out_trade_no><transaction_id>4000692001201607249679560495</transaction_id><total_fee>100</total_fee><appid>wxa1e319fccc9b03c8</appid><noncestr>20150531233956996351</noncestr><result_code>SUCCESS</result_code></xml>


执行日期：2016-07-31-16：23：16
【接收到的notify通知】:
<xml><appid><![CDATA[wxa1e319fccc9b03c8]]></appid>
<bank_type><![CDATA[CFT]]></bank_type>
<cash_fee><![CDATA[11]]></cash_fee>
<fee_type><![CDATA[CNY]]></fee_type>
<is_subscribe><![CDATA[Y]]></is_subscribe>
<mch_id><![CDATA[1292201901]]></mch_id>
<nonce_str><![CDATA[vmovsalkydyw2j4n6o9whnzvafugqex6]]></nonce_str>
<openid><![CDATA[oiVrjwB9-CYKrk-4Y_firzXyzmKE]]></openid>
<out_trade_no><![CDATA[W160731762045]]></out_trade_no>
<result_code><![CDATA[SUCCESS]]></result_code>
<return_code><![CDATA[SUCCESS]]></return_code>
<sign><![CDATA[E33E0AD4331A43CE322C781B366C711E]]></sign>
<time_end><![CDATA[20160731162317]]></time_end>
<total_fee>11</total_fee>
<trade_type><![CDATA[NATIVE]]></trade_type>
<transaction_id><![CDATA[4008362001201607310200185204]]></transaction_id>
</xml>


执行日期：2016-07-31-16：23：16
【支付成功】:
<xml><appid><![CDATA[wxa1e319fccc9b03c8]]></appid>
<bank_type><![CDATA[CFT]]></bank_type>
<cash_fee><![CDATA[11]]></cash_fee>
<fee_type><![CDATA[CNY]]></fee_type>
<is_subscribe><![CDATA[Y]]></is_subscribe>
<mch_id><![CDATA[1292201901]]></mch_id>
<nonce_str><![CDATA[vmovsalkydyw2j4n6o9whnzvafugqex6]]></nonce_str>
<openid><![CDATA[oiVrjwB9-CYKrk-4Y_firzXyzmKE]]></openid>
<out_trade_no><![CDATA[W160731762045]]></out_trade_no>
<result_code><![CDATA[SUCCESS]]></result_code>
<return_code><![CDATA[SUCCESS]]></return_code>
<sign><![CDATA[E33E0AD4331A43CE322C781B366C711E]]></sign>
<time_end><![CDATA[20160731162317]]></time_end>
<total_fee>11</total_fee>
<trade_type><![CDATA[NATIVE]]></trade_type>
<transaction_id><![CDATA[4008362001201607310200185204]]></transaction_id>
</xml>


执行日期：2016-07-31-16：23：16
用户充值成功

执行日期：2016-08-01-21：04：40
【接收到的notify通知】:
<xml><openid>oiVrjwB9-CYKrk-4Y_firzXyzmKE</openid><sub_mch_id>1217189101</sub_mch_id><return_code>SUCCESS</return_code><time_end>20160801210440</time_end><mch_id>1292201901</mch_id><trade_type>NATIVE</trade_type><sign>E33E0AD4331A43CE322C781B366C711E</sign><cash_fee>11</cash_fee><is_subscribe>Y</is_subscribe><bank_type>CFT</bank_type><out_trade_no>W160731762045</out_trade_no><transaction_id>4008362001201607310200185204</transaction_id><total_fee>11</total_fee><appid>wxa1e319fccc9b03c8</appid><noncestr>20150531233956996351</noncestr><result_code>SUCCESS</result_code></xml>


执行日期：2016-08-02-01：01：02
【接收到的notify通知】:
<xml><openid>oiVrjwB9-CYKrk-4Y_firzXyzmKE</openid><sub_mch_id>1217189101</sub_mch_id><return_code>SUCCESS</return_code><time_end>20160802010103</time_end><mch_id>1292201901</mch_id><trade_type>NATIVE</trade_type><cash_fee>11</cash_fee><is_subscribe>Y</is_subscribe><bank_type>CFT</bank_type><out_trade_no>W160731762045</out_trade_no><transaction_id>4008362001201607310200185204</transaction_id><total_fee>11</total_fee><appid>wxa1e319fccc9b03c8</appid><noncestr>20150531233956996351</noncestr><result_code>SUCCESS</result_code></xml>


执行日期：2016-08-13-14：51：50
【接收到的notify通知】:
<xml><appid><![CDATA[wxa1e319fccc9b03c8]]></appid>
<bank_type><![CDATA[GDB_CREDIT]]></bank_type>
<cash_fee><![CDATA[1]]></cash_fee>
<fee_type><![CDATA[CNY]]></fee_type>
<is_subscribe><![CDATA[Y]]></is_subscribe>
<mch_id><![CDATA[1292201901]]></mch_id>
<nonce_str><![CDATA[cr9wfvc5f6hqjo2wo3vczsipbwmgge7k]]></nonce_str>
<openid><![CDATA[oiVrjwB9-CYKrk-4Y_firzXyzmKE]]></openid>
<out_trade_no><![CDATA[W160813794940]]></out_trade_no>
<result_code><![CDATA[SUCCESS]]></result_code>
<return_code><![CDATA[SUCCESS]]></return_code>
<sign><![CDATA[68278ACAAE3857EE30BFC17AB5FEAB86]]></sign>
<time_end><![CDATA[20160813145150]]></time_end>
<total_fee>1</total_fee>
<trade_type><![CDATA[NATIVE]]></trade_type>
<transaction_id><![CDATA[4008362001201608131249226401]]></transaction_id>
</xml>


执行日期：2016-08-13-14：51：50
【支付成功】:
<xml><appid><![CDATA[wxa1e319fccc9b03c8]]></appid>
<bank_type><![CDATA[GDB_CREDIT]]></bank_type>
<cash_fee><![CDATA[1]]></cash_fee>
<fee_type><![CDATA[CNY]]></fee_type>
<is_subscribe><![CDATA[Y]]></is_subscribe>
<mch_id><![CDATA[1292201901]]></mch_id>
<nonce_str><![CDATA[cr9wfvc5f6hqjo2wo3vczsipbwmgge7k]]></nonce_str>
<openid><![CDATA[oiVrjwB9-CYKrk-4Y_firzXyzmKE]]></openid>
<out_trade_no><![CDATA[W160813794940]]></out_trade_no>
<result_code><![CDATA[SUCCESS]]></result_code>
<return_code><![CDATA[SUCCESS]]></return_code>
<sign><![CDATA[68278ACAAE3857EE30BFC17AB5FEAB86]]></sign>
<time_end><![CDATA[20160813145150]]></time_end>
<total_fee>1</total_fee>
<trade_type><![CDATA[NATIVE]]></trade_type>
<transaction_id><![CDATA[4008362001201608131249226401]]></transaction_id>
</xml>


执行日期：2016-08-13-14：51：50
用户充值成功

执行日期：2016-08-14-21：07：50
【接收到的notify通知】:
<xml><openid>oiVrjwB9-CYKrk-4Y_firzXyzmKE</openid><sub_mch_id>1217189101</sub_mch_id><return_code>SUCCESS</return_code><time_end>20160814210750</time_end><mch_id>1292201901</mch_id><trade_type>NATIVE</trade_type><sign>68278ACAAE3857EE30BFC17AB5FEAB86</sign><cash_fee>1</cash_fee><is_subscribe>Y</is_subscribe><bank_type>GDB_CREDIT</bank_type><out_trade_no>W160813794940</out_trade_no><transaction_id>4008362001201608131249226401</transaction_id><total_fee>1</total_fee><appid>wxa1e319fccc9b03c8</appid><noncestr>20150531233956996351</noncestr><result_code>SUCCESS</result_code></xml>


执行日期：2016-08-15-01：53：40
【接收到的notify通知】:
<xml><openid>oiVrjwB9-CYKrk-4Y_firzXyzmKE</openid><sub_mch_id>1217189101</sub_mch_id><return_code>SUCCESS</return_code><time_end>20160815015341</time_end><mch_id>1292201901</mch_id><trade_type>NATIVE</trade_type><cash_fee>1</cash_fee><is_subscribe>Y</is_subscribe><bank_type>GDB_CREDIT</bank_type><out_trade_no>W160813794940</out_trade_no><transaction_id>4008362001201608131249226401</transaction_id><total_fee>1</total_fee><appid>wxa1e319fccc9b03c8</appid><noncestr>20150531233956996351</noncestr><result_code>SUCCESS</result_code></xml>


执行日期：2017-04-11-17：51：27
【接收到的notify通知】:
<xml><appid><![CDATA[wxa1e319fccc9b03c8]]></appid>
<bank_type><![CDATA[CMB_CREDIT]]></bank_type>
<cash_fee><![CDATA[1]]></cash_fee>
<fee_type><![CDATA[CNY]]></fee_type>
<is_subscribe><![CDATA[Y]]></is_subscribe>
<mch_id><![CDATA[1292201901]]></mch_id>
<nonce_str><![CDATA[as0vbfp7tiu2wr6hradc0nu2h31wpn2a]]></nonce_str>
<openid><![CDATA[oiVrjwB9-CYKrk-4Y_firzXyzmKE]]></openid>
<out_trade_no><![CDATA[ALI170411097710]]></out_trade_no>
<result_code><![CDATA[SUCCESS]]></result_code>
<return_code><![CDATA[SUCCESS]]></return_code>
<sign><![CDATA[22DE95F1FF4CDEAC412D05406974D3B3]]></sign>
<time_end><![CDATA[20170411175127]]></time_end>
<total_fee>1</total_fee>
<trade_type><![CDATA[NATIVE]]></trade_type>
<transaction_id><![CDATA[4008362001201704116653087722]]></transaction_id>
</xml>


执行日期：2017-04-11-17：51：28
【支付成功】:
<xml><appid><![CDATA[wxa1e319fccc9b03c8]]></appid>
<bank_type><![CDATA[CMB_CREDIT]]></bank_type>
<cash_fee><![CDATA[1]]></cash_fee>
<fee_type><![CDATA[CNY]]></fee_type>
<is_subscribe><![CDATA[Y]]></is_subscribe>
<mch_id><![CDATA[1292201901]]></mch_id>
<nonce_str><![CDATA[as0vbfp7tiu2wr6hradc0nu2h31wpn2a]]></nonce_str>
<openid><![CDATA[oiVrjwB9-CYKrk-4Y_firzXyzmKE]]></openid>
<out_trade_no><![CDATA[ALI170411097710]]></out_trade_no>
<result_code><![CDATA[SUCCESS]]></result_code>
<return_code><![CDATA[SUCCESS]]></return_code>
<sign><![CDATA[22DE95F1FF4CDEAC412D05406974D3B3]]></sign>
<time_end><![CDATA[20170411175127]]></time_end>
<total_fee>1</total_fee>
<trade_type><![CDATA[NATIVE]]></trade_type>
<transaction_id><![CDATA[4008362001201704116653087722]]></transaction_id>
</xml>


执行日期：2017-04-11-17：51：28
更新异常！

执行日期：2017-04-11-20：45：02
【接收到的notify通知】:
<xml><appid><![CDATA[wxa1e319fccc9b03c8]]></appid>
<bank_type><![CDATA[CFT]]></bank_type>
<cash_fee><![CDATA[1000]]></cash_fee>
<fee_type><![CDATA[CNY]]></fee_type>
<is_subscribe><![CDATA[N]]></is_subscribe>
<mch_id><![CDATA[1292201901]]></mch_id>
<nonce_str><![CDATA[qn4pn4136z2tw4laqvg5egl73q1pm70s]]></nonce_str>
<openid><![CDATA[oiVrjwHAx72TT5L2DsEc_ByjOEZE]]></openid>
<out_trade_no><![CDATA[W170411869323]]></out_trade_no>
<result_code><![CDATA[SUCCESS]]></result_code>
<return_code><![CDATA[SUCCESS]]></return_code>
<sign><![CDATA[B34603364C9D209925FDEA6DD12ACBE6]]></sign>
<time_end><![CDATA[20170411204502]]></time_end>
<total_fee>1000</total_fee>
<trade_type><![CDATA[NATIVE]]></trade_type>
<transaction_id><![CDATA[4007092001201704116672851608]]></transaction_id>
</xml>


执行日期：2017-04-11-20：45：02
【支付成功】:
<xml><appid><![CDATA[wxa1e319fccc9b03c8]]></appid>
<bank_type><![CDATA[CFT]]></bank_type>
<cash_fee><![CDATA[1000]]></cash_fee>
<fee_type><![CDATA[CNY]]></fee_type>
<is_subscribe><![CDATA[N]]></is_subscribe>
<mch_id><![CDATA[1292201901]]></mch_id>
<nonce_str><![CDATA[qn4pn4136z2tw4laqvg5egl73q1pm70s]]></nonce_str>
<openid><![CDATA[oiVrjwHAx72TT5L2DsEc_ByjOEZE]]></openid>
<out_trade_no><![CDATA[W170411869323]]></out_trade_no>
<result_code><![CDATA[SUCCESS]]></result_code>
<return_code><![CDATA[SUCCESS]]></return_code>
<sign><![CDATA[B34603364C9D209925FDEA6DD12ACBE6]]></sign>
<time_end><![CDATA[20170411204502]]></time_end>
<total_fee>1000</total_fee>
<trade_type><![CDATA[NATIVE]]></trade_type>
<transaction_id><![CDATA[4007092001201704116672851608]]></transaction_id>
</xml>


执行日期：2017-04-11-20：45：02
更新异常！

执行日期：2017-04-11-20：48：17
【接收到的notify通知】:
<xml><appid><![CDATA[wxa1e319fccc9b03c8]]></appid>
<bank_type><![CDATA[CFT]]></bank_type>
<cash_fee><![CDATA[5000]]></cash_fee>
<fee_type><![CDATA[CNY]]></fee_type>
<is_subscribe><![CDATA[N]]></is_subscribe>
<mch_id><![CDATA[1292201901]]></mch_id>
<nonce_str><![CDATA[q5ibjuqpjmns7zrwxdc742kws7xe5wwn]]></nonce_str>
<openid><![CDATA[oiVrjwAq9obCwT1l7z9KEHB_LJoc]]></openid>
<out_trade_no><![CDATA[W170411129288]]></out_trade_no>
<result_code><![CDATA[SUCCESS]]></result_code>
<return_code><![CDATA[SUCCESS]]></return_code>
<sign><![CDATA[312E4048126F637E6D98710485904E2E]]></sign>
<time_end><![CDATA[20170411204817]]></time_end>
<total_fee>5000</total_fee>
<trade_type><![CDATA[NATIVE]]></trade_type>
<transaction_id><![CDATA[4009752001201704116671331229]]></transaction_id>
</xml>


执行日期：2017-04-11-20：48：17
【支付成功】:
<xml><appid><![CDATA[wxa1e319fccc9b03c8]]></appid>
<bank_type><![CDATA[CFT]]></bank_type>
<cash_fee><![CDATA[5000]]></cash_fee>
<fee_type><![CDATA[CNY]]></fee_type>
<is_subscribe><![CDATA[N]]></is_subscribe>
<mch_id><![CDATA[1292201901]]></mch_id>
<nonce_str><![CDATA[q5ibjuqpjmns7zrwxdc742kws7xe5wwn]]></nonce_str>
<openid><![CDATA[oiVrjwAq9obCwT1l7z9KEHB_LJoc]]></openid>
<out_trade_no><![CDATA[W170411129288]]></out_trade_no>
<result_code><![CDATA[SUCCESS]]></result_code>
<return_code><![CDATA[SUCCESS]]></return_code>
<sign><![CDATA[312E4048126F637E6D98710485904E2E]]></sign>
<time_end><![CDATA[20170411204817]]></time_end>
<total_fee>5000</total_fee>
<trade_type><![CDATA[NATIVE]]></trade_type>
<transaction_id><![CDATA[4009752001201704116671331229]]></transaction_id>
</xml>


执行日期：2017-04-11-20：48：17
更新异常！

执行日期：2017-04-11-21：01：34
【接收到的notify通知】:
<xml><appid><![CDATA[wxa1e319fccc9b03c8]]></appid>
<bank_type><![CDATA[ABC_DEBIT]]></bank_type>
<cash_fee><![CDATA[9800]]></cash_fee>
<fee_type><![CDATA[CNY]]></fee_type>
<is_subscribe><![CDATA[N]]></is_subscribe>
<mch_id><![CDATA[1292201901]]></mch_id>
<nonce_str><![CDATA[o73o36nup8g58fklo7xq1skgdozxh4lz]]></nonce_str>
<openid><![CDATA[oiVrjwHEaoLN0zDl1k6sFSiywKyg]]></openid>
<out_trade_no><![CDATA[W170411616273]]></out_trade_no>
<result_code><![CDATA[SUCCESS]]></result_code>
<return_code><![CDATA[SUCCESS]]></return_code>
<sign><![CDATA[A590870985D693D98D66D3121275A07C]]></sign>
<time_end><![CDATA[20170411210134]]></time_end>
<total_fee>9800</total_fee>
<trade_type><![CDATA[NATIVE]]></trade_type>
<transaction_id><![CDATA[4003982001201704116673389704]]></transaction_id>
</xml>


执行日期：2017-04-11-21：01：34
【支付成功】:
<xml><appid><![CDATA[wxa1e319fccc9b03c8]]></appid>
<bank_type><![CDATA[ABC_DEBIT]]></bank_type>
<cash_fee><![CDATA[9800]]></cash_fee>
<fee_type><![CDATA[CNY]]></fee_type>
<is_subscribe><![CDATA[N]]></is_subscribe>
<mch_id><![CDATA[1292201901]]></mch_id>
<nonce_str><![CDATA[o73o36nup8g58fklo7xq1skgdozxh4lz]]></nonce_str>
<openid><![CDATA[oiVrjwHEaoLN0zDl1k6sFSiywKyg]]></openid>
<out_trade_no><![CDATA[W170411616273]]></out_trade_no>
<result_code><![CDATA[SUCCESS]]></result_code>
<return_code><![CDATA[SUCCESS]]></return_code>
<sign><![CDATA[A590870985D693D98D66D3121275A07C]]></sign>
<time_end><![CDATA[20170411210134]]></time_end>
<total_fee>9800</total_fee>
<trade_type><![CDATA[NATIVE]]></trade_type>
<transaction_id><![CDATA[4003982001201704116673389704]]></transaction_id>
</xml>


执行日期：2017-04-11-21：01：34
更新异常！

执行日期：2017-04-11-21：15：29
【接收到的notify通知】:
<xml><appid><![CDATA[wxa1e319fccc9b03c8]]></appid>
<bank_type><![CDATA[CFT]]></bank_type>
<cash_fee><![CDATA[200]]></cash_fee>
<fee_type><![CDATA[CNY]]></fee_type>
<is_subscribe><![CDATA[N]]></is_subscribe>
<mch_id><![CDATA[1292201901]]></mch_id>
<nonce_str><![CDATA[c7vwtz6pj3r3m6fitoomn791966lc1un]]></nonce_str>
<openid><![CDATA[oiVrjwEawVCEk1dGqosLhTml_pW8]]></openid>
<out_trade_no><![CDATA[W170411077651]]></out_trade_no>
<result_code><![CDATA[SUCCESS]]></result_code>
<return_code><![CDATA[SUCCESS]]></return_code>
<sign><![CDATA[F792D47EAF06A1040FC1019F7CE55324]]></sign>
<time_end><![CDATA[20170411211529]]></time_end>
<total_fee>200</total_fee>
<trade_type><![CDATA[NATIVE]]></trade_type>
<transaction_id><![CDATA[4008082001201704116672133033]]></transaction_id>
</xml>


执行日期：2017-04-11-21：15：29
【支付成功】:
<xml><appid><![CDATA[wxa1e319fccc9b03c8]]></appid>
<bank_type><![CDATA[CFT]]></bank_type>
<cash_fee><![CDATA[200]]></cash_fee>
<fee_type><![CDATA[CNY]]></fee_type>
<is_subscribe><![CDATA[N]]></is_subscribe>
<mch_id><![CDATA[1292201901]]></mch_id>
<nonce_str><![CDATA[c7vwtz6pj3r3m6fitoomn791966lc1un]]></nonce_str>
<openid><![CDATA[oiVrjwEawVCEk1dGqosLhTml_pW8]]></openid>
<out_trade_no><![CDATA[W170411077651]]></out_trade_no>
<result_code><![CDATA[SUCCESS]]></result_code>
<return_code><![CDATA[SUCCESS]]></return_code>
<sign><![CDATA[F792D47EAF06A1040FC1019F7CE55324]]></sign>
<time_end><![CDATA[20170411211529]]></time_end>
<total_fee>200</total_fee>
<trade_type><![CDATA[NATIVE]]></trade_type>
<transaction_id><![CDATA[4008082001201704116672133033]]></transaction_id>
</xml>


执行日期：2017-04-11-21：15：29
更新异常！

执行日期：2017-04-11-21：30：05
【接收到的notify通知】:
<xml><appid><![CDATA[wxa1e319fccc9b03c8]]></appid>
<bank_type><![CDATA[CFT]]></bank_type>
<cash_fee><![CDATA[2200]]></cash_fee>
<fee_type><![CDATA[CNY]]></fee_type>
<is_subscribe><![CDATA[Y]]></is_subscribe>
<mch_id><![CDATA[1292201901]]></mch_id>
<nonce_str><![CDATA[rvkq7ysh829b44zr1hegntbnmcq6wi1q]]></nonce_str>
<openid><![CDATA[oiVrjwFDmlUtZQV4RCpfQ1FCBLYk]]></openid>
<out_trade_no><![CDATA[W170411910020]]></out_trade_no>
<result_code><![CDATA[SUCCESS]]></result_code>
<return_code><![CDATA[SUCCESS]]></return_code>
<sign><![CDATA[3AE3B602007B65549FE59D43F06D9390]]></sign>
<time_end><![CDATA[20170411213004]]></time_end>
<total_fee>2200</total_fee>
<trade_type><![CDATA[NATIVE]]></trade_type>
<transaction_id><![CDATA[4008712001201704116677739808]]></transaction_id>
</xml>


执行日期：2017-04-11-21：30：05
【支付成功】:
<xml><appid><![CDATA[wxa1e319fccc9b03c8]]></appid>
<bank_type><![CDATA[CFT]]></bank_type>
<cash_fee><![CDATA[2200]]></cash_fee>
<fee_type><![CDATA[CNY]]></fee_type>
<is_subscribe><![CDATA[Y]]></is_subscribe>
<mch_id><![CDATA[1292201901]]></mch_id>
<nonce_str><![CDATA[rvkq7ysh829b44zr1hegntbnmcq6wi1q]]></nonce_str>
<openid><![CDATA[oiVrjwFDmlUtZQV4RCpfQ1FCBLYk]]></openid>
<out_trade_no><![CDATA[W170411910020]]></out_trade_no>
<result_code><![CDATA[SUCCESS]]></result_code>
<return_code><![CDATA[SUCCESS]]></return_code>
<sign><![CDATA[3AE3B602007B65549FE59D43F06D9390]]></sign>
<time_end><![CDATA[20170411213004]]></time_end>
<total_fee>2200</total_fee>
<trade_type><![CDATA[NATIVE]]></trade_type>
<transaction_id><![CDATA[4008712001201704116677739808]]></transaction_id>
</xml>


执行日期：2017-04-11-21：30：05
更新异常！

执行日期：2017-04-11-21：38：24
【接收到的notify通知】:
<xml><appid><![CDATA[wxa1e319fccc9b03c8]]></appid>
<bank_type><![CDATA[GDB_CREDIT]]></bank_type>
<cash_fee><![CDATA[49500]]></cash_fee>
<fee_type><![CDATA[CNY]]></fee_type>
<is_subscribe><![CDATA[N]]></is_subscribe>
<mch_id><![CDATA[1292201901]]></mch_id>
<nonce_str><![CDATA[p8zzg0y9dbbo85crhlvb5s2w8ddsh6wi]]></nonce_str>
<openid><![CDATA[oiVrjwJcHcff9O3l98twqYWIbHZs]]></openid>
<out_trade_no><![CDATA[W170411536038]]></out_trade_no>
<result_code><![CDATA[SUCCESS]]></result_code>
<return_code><![CDATA[SUCCESS]]></return_code>
<sign><![CDATA[48D27A5EA707ABD06CAB0823AA01B6C5]]></sign>
<time_end><![CDATA[20170411213823]]></time_end>
<total_fee>49500</total_fee>
<trade_type><![CDATA[NATIVE]]></trade_type>
<transaction_id><![CDATA[4000212001201704116678722090]]></transaction_id>
</xml>


执行日期：2017-04-11-21：38：24
【支付成功】:
<xml><appid><![CDATA[wxa1e319fccc9b03c8]]></appid>
<bank_type><![CDATA[GDB_CREDIT]]></bank_type>
<cash_fee><![CDATA[49500]]></cash_fee>
<fee_type><![CDATA[CNY]]></fee_type>
<is_subscribe><![CDATA[N]]></is_subscribe>
<mch_id><![CDATA[1292201901]]></mch_id>
<nonce_str><![CDATA[p8zzg0y9dbbo85crhlvb5s2w8ddsh6wi]]></nonce_str>
<openid><![CDATA[oiVrjwJcHcff9O3l98twqYWIbHZs]]></openid>
<out_trade_no><![CDATA[W170411536038]]></out_trade_no>
<result_code><![CDATA[SUCCESS]]></result_code>
<return_code><![CDATA[SUCCESS]]></return_code>
<sign><![CDATA[48D27A5EA707ABD06CAB0823AA01B6C5]]></sign>
<time_end><![CDATA[20170411213823]]></time_end>
<total_fee>49500</total_fee>
<trade_type><![CDATA[NATIVE]]></trade_type>
<transaction_id><![CDATA[4000212001201704116678722090]]></transaction_id>
</xml>


执行日期：2017-04-11-21：38：24
更新异常！

执行日期：2017-04-11-21：38：48
【接收到的notify通知】:
<xml><appid><![CDATA[wxa1e319fccc9b03c8]]></appid>
<bank_type><![CDATA[CCB_DEBIT]]></bank_type>
<cash_fee><![CDATA[100]]></cash_fee>
<fee_type><![CDATA[CNY]]></fee_type>
<is_subscribe><![CDATA[Y]]></is_subscribe>
<mch_id><![CDATA[1292201901]]></mch_id>
<nonce_str><![CDATA[g6rvcc34dit58eueihnbytg7s935lhdj]]></nonce_str>
<openid><![CDATA[oiVrjwMtp0VcNoNCaCUw_y4bf9gQ]]></openid>
<out_trade_no><![CDATA[W170411087111]]></out_trade_no>
<result_code><![CDATA[SUCCESS]]></result_code>
<return_code><![CDATA[SUCCESS]]></return_code>
<sign><![CDATA[540810DCB85901634D94503CADB7884E]]></sign>
<time_end><![CDATA[20170411213847]]></time_end>
<total_fee>100</total_fee>
<trade_type><![CDATA[NATIVE]]></trade_type>
<transaction_id><![CDATA[4007852001201704116678778229]]></transaction_id>
</xml>


执行日期：2017-04-11-21：38：48
【支付成功】:
<xml><appid><![CDATA[wxa1e319fccc9b03c8]]></appid>
<bank_type><![CDATA[CCB_DEBIT]]></bank_type>
<cash_fee><![CDATA[100]]></cash_fee>
<fee_type><![CDATA[CNY]]></fee_type>
<is_subscribe><![CDATA[Y]]></is_subscribe>
<mch_id><![CDATA[1292201901]]></mch_id>
<nonce_str><![CDATA[g6rvcc34dit58eueihnbytg7s935lhdj]]></nonce_str>
<openid><![CDATA[oiVrjwMtp0VcNoNCaCUw_y4bf9gQ]]></openid>
<out_trade_no><![CDATA[W170411087111]]></out_trade_no>
<result_code><![CDATA[SUCCESS]]></result_code>
<return_code><![CDATA[SUCCESS]]></return_code>
<sign><![CDATA[540810DCB85901634D94503CADB7884E]]></sign>
<time_end><![CDATA[20170411213847]]></time_end>
<total_fee>100</total_fee>
<trade_type><![CDATA[NATIVE]]></trade_type>
<transaction_id><![CDATA[4007852001201704116678778229]]></transaction_id>
</xml>


执行日期：2017-04-11-21：38：48
更新异常！

执行日期：2017-04-11-21：39：12
【接收到的notify通知】:
<xml><appid><![CDATA[wxa1e319fccc9b03c8]]></appid>
<bank_type><![CDATA[GDB_CREDIT]]></bank_type>
<cash_fee><![CDATA[49000]]></cash_fee>
<fee_type><![CDATA[CNY]]></fee_type>
<is_subscribe><![CDATA[N]]></is_subscribe>
<mch_id><![CDATA[1292201901]]></mch_id>
<nonce_str><![CDATA[4rcsfqiwgpw5mk3ii95frcfdvnemiwiq]]></nonce_str>
<openid><![CDATA[oiVrjwJcHcff9O3l98twqYWIbHZs]]></openid>
<out_trade_no><![CDATA[W170411137239]]></out_trade_no>
<result_code><![CDATA[SUCCESS]]></result_code>
<return_code><![CDATA[SUCCESS]]></return_code>
<sign><![CDATA[4F067224C316849EFB74D8B3B58FA598]]></sign>
<time_end><![CDATA[20170411213911]]></time_end>
<total_fee>49000</total_fee>
<trade_type><![CDATA[NATIVE]]></trade_type>
<transaction_id><![CDATA[4000212001201704116677954867]]></transaction_id>
</xml>


执行日期：2017-04-11-21：39：12
【支付成功】:
<xml><appid><![CDATA[wxa1e319fccc9b03c8]]></appid>
<bank_type><![CDATA[GDB_CREDIT]]></bank_type>
<cash_fee><![CDATA[49000]]></cash_fee>
<fee_type><![CDATA[CNY]]></fee_type>
<is_subscribe><![CDATA[N]]></is_subscribe>
<mch_id><![CDATA[1292201901]]></mch_id>
<nonce_str><![CDATA[4rcsfqiwgpw5mk3ii95frcfdvnemiwiq]]></nonce_str>
<openid><![CDATA[oiVrjwJcHcff9O3l98twqYWIbHZs]]></openid>
<out_trade_no><![CDATA[W170411137239]]></out_trade_no>
<result_code><![CDATA[SUCCESS]]></result_code>
<return_code><![CDATA[SUCCESS]]></return_code>
<sign><![CDATA[4F067224C316849EFB74D8B3B58FA598]]></sign>
<time_end><![CDATA[20170411213911]]></time_end>
<total_fee>49000</total_fee>
<trade_type><![CDATA[NATIVE]]></trade_type>
<transaction_id><![CDATA[4000212001201704116677954867]]></transaction_id>
</xml>


执行日期：2017-04-11-21：39：12
更新异常！

执行日期：2017-04-11-21：39：16
【接收到的notify通知】:
<xml><appid><![CDATA[wxa1e319fccc9b03c8]]></appid>
<bank_type><![CDATA[CMB_DEBIT]]></bank_type>
<cash_fee><![CDATA[9]]></cash_fee>
<fee_type><![CDATA[CNY]]></fee_type>
<is_subscribe><![CDATA[Y]]></is_subscribe>
<mch_id><![CDATA[1292201901]]></mch_id>
<nonce_str><![CDATA[1fblcikn4s107czj13heycb5ir4hr5nb]]></nonce_str>
<openid><![CDATA[oiVrjwGw4Vr91TCzr6BV1jpAQn2o]]></openid>
<out_trade_no><![CDATA[W170411746420]]></out_trade_no>
<result_code><![CDATA[SUCCESS]]></result_code>
<return_code><![CDATA[SUCCESS]]></return_code>
<sign><![CDATA[A9CD14CE35BBC3D9B0B7C66E75A300FE]]></sign>
<time_end><![CDATA[20170411213916]]></time_end>
<total_fee>9</total_fee>
<trade_type><![CDATA[NATIVE]]></trade_type>
<transaction_id><![CDATA[4006882001201704116678745039]]></transaction_id>
</xml>


执行日期：2017-04-11-21：39：16
【支付成功】:
<xml><appid><![CDATA[wxa1e319fccc9b03c8]]></appid>
<bank_type><![CDATA[CMB_DEBIT]]></bank_type>
<cash_fee><![CDATA[9]]></cash_fee>
<fee_type><![CDATA[CNY]]></fee_type>
<is_subscribe><![CDATA[Y]]></is_subscribe>
<mch_id><![CDATA[1292201901]]></mch_id>
<nonce_str><![CDATA[1fblcikn4s107czj13heycb5ir4hr5nb]]></nonce_str>
<openid><![CDATA[oiVrjwGw4Vr91TCzr6BV1jpAQn2o]]></openid>
<out_trade_no><![CDATA[W170411746420]]></out_trade_no>
<result_code><![CDATA[SUCCESS]]></result_code>
<return_code><![CDATA[SUCCESS]]></return_code>
<sign><![CDATA[A9CD14CE35BBC3D9B0B7C66E75A300FE]]></sign>
<time_end><![CDATA[20170411213916]]></time_end>
<total_fee>9</total_fee>
<trade_type><![CDATA[NATIVE]]></trade_type>
<transaction_id><![CDATA[4006882001201704116678745039]]></transaction_id>
</xml>


执行日期：2017-04-11-21：39：16
更新异常！

执行日期：2017-04-11-21：40：01
【接收到的notify通知】:
<xml><appid><![CDATA[wxa1e319fccc9b03c8]]></appid>
<bank_type><![CDATA[GDB_CREDIT]]></bank_type>
<cash_fee><![CDATA[48000]]></cash_fee>
<fee_type><![CDATA[CNY]]></fee_type>
<is_subscribe><![CDATA[N]]></is_subscribe>
<mch_id><![CDATA[1292201901]]></mch_id>
<nonce_str><![CDATA[96zq8zuyurk6fmcafusvyeggug103we3]]></nonce_str>
<openid><![CDATA[oiVrjwJcHcff9O3l98twqYWIbHZs]]></openid>
<out_trade_no><![CDATA[W170411046747]]></out_trade_no>
<result_code><![CDATA[SUCCESS]]></result_code>
<return_code><![CDATA[SUCCESS]]></return_code>
<sign><![CDATA[EDC7D5F4AF57BC3D63C69CDF1C2777C5]]></sign>
<time_end><![CDATA[20170411214000]]></time_end>
<total_fee>48000</total_fee>
<trade_type><![CDATA[NATIVE]]></trade_type>
<transaction_id><![CDATA[4000212001201704116676244304]]></transaction_id>
</xml>


执行日期：2017-04-11-21：40：01
【支付成功】:
<xml><appid><![CDATA[wxa1e319fccc9b03c8]]></appid>
<bank_type><![CDATA[GDB_CREDIT]]></bank_type>
<cash_fee><![CDATA[48000]]></cash_fee>
<fee_type><![CDATA[CNY]]></fee_type>
<is_subscribe><![CDATA[N]]></is_subscribe>
<mch_id><![CDATA[1292201901]]></mch_id>
<nonce_str><![CDATA[96zq8zuyurk6fmcafusvyeggug103we3]]></nonce_str>
<openid><![CDATA[oiVrjwJcHcff9O3l98twqYWIbHZs]]></openid>
<out_trade_no><![CDATA[W170411046747]]></out_trade_no>
<result_code><![CDATA[SUCCESS]]></result_code>
<return_code><![CDATA[SUCCESS]]></return_code>
<sign><![CDATA[EDC7D5F4AF57BC3D63C69CDF1C2777C5]]></sign>
<time_end><![CDATA[20170411214000]]></time_end>
<total_fee>48000</total_fee>
<trade_type><![CDATA[NATIVE]]></trade_type>
<transaction_id><![CDATA[4000212001201704116676244304]]></transaction_id>
</xml>


执行日期：2017-04-11-21：40：01
更新异常！

执行日期：2017-04-11-21：42：18
【接收到的notify通知】:
<xml><appid><![CDATA[wxa1e319fccc9b03c8]]></appid>
<bank_type><![CDATA[CMB_CREDIT]]></bank_type>
<cash_fee><![CDATA[1]]></cash_fee>
<fee_type><![CDATA[CNY]]></fee_type>
<is_subscribe><![CDATA[Y]]></is_subscribe>
<mch_id><![CDATA[1292201901]]></mch_id>
<nonce_str><![CDATA[b5gyxisn2bd5fng9pk8kie2osu62fkwc]]></nonce_str>
<openid><![CDATA[oiVrjwB9-CYKrk-4Y_firzXyzmKE]]></openid>
<out_trade_no><![CDATA[W170411110138]]></out_trade_no>
<result_code><![CDATA[SUCCESS]]></result_code>
<return_code><![CDATA[SUCCESS]]></return_code>
<sign><![CDATA[51E692E0BD9B0785160D2664131C1DC0]]></sign>
<time_end><![CDATA[20170411214218]]></time_end>
<total_fee>1</total_fee>
<trade_type><![CDATA[NATIVE]]></trade_type>
<transaction_id><![CDATA[4008362001201704116680516162]]></transaction_id>
</xml>


执行日期：2017-04-11-21：42：18
【支付成功】:
<xml><appid><![CDATA[wxa1e319fccc9b03c8]]></appid>
<bank_type><![CDATA[CMB_CREDIT]]></bank_type>
<cash_fee><![CDATA[1]]></cash_fee>
<fee_type><![CDATA[CNY]]></fee_type>
<is_subscribe><![CDATA[Y]]></is_subscribe>
<mch_id><![CDATA[1292201901]]></mch_id>
<nonce_str><![CDATA[b5gyxisn2bd5fng9pk8kie2osu62fkwc]]></nonce_str>
<openid><![CDATA[oiVrjwB9-CYKrk-4Y_firzXyzmKE]]></openid>
<out_trade_no><![CDATA[W170411110138]]></out_trade_no>
<result_code><![CDATA[SUCCESS]]></result_code>
<return_code><![CDATA[SUCCESS]]></return_code>
<sign><![CDATA[51E692E0BD9B0785160D2664131C1DC0]]></sign>
<time_end><![CDATA[20170411214218]]></time_end>
<total_fee>1</total_fee>
<trade_type><![CDATA[NATIVE]]></trade_type>
<transaction_id><![CDATA[4008362001201704116680516162]]></transaction_id>
</xml>


执行日期：2017-04-11-21：42：18
更新异常！

执行日期：2017-04-11-21：45：55
【接收到的notify通知】:
<xml><appid><![CDATA[wxa1e319fccc9b03c8]]></appid>
<bank_type><![CDATA[CMB_CREDIT]]></bank_type>
<cash_fee><![CDATA[1]]></cash_fee>
<fee_type><![CDATA[CNY]]></fee_type>
<is_subscribe><![CDATA[Y]]></is_subscribe>
<mch_id><![CDATA[1292201901]]></mch_id>
<nonce_str><![CDATA[yfgszguis399wnaptuub2y4cuhr9gw24]]></nonce_str>
<openid><![CDATA[oiVrjwB9-CYKrk-4Y_firzXyzmKE]]></openid>
<out_trade_no><![CDATA[W170411018212]]></out_trade_no>
<result_code><![CDATA[SUCCESS]]></result_code>
<return_code><![CDATA[SUCCESS]]></return_code>
<sign><![CDATA[D75E130AD415E3F5FBEEC12C56A0ACDA]]></sign>
<time_end><![CDATA[20170411214555]]></time_end>
<total_fee>1</total_fee>
<trade_type><![CDATA[NATIVE]]></trade_type>
<transaction_id><![CDATA[4008362001201704116678964073]]></transaction_id>
</xml>


执行日期：2017-04-11-21：45：55
【支付成功】:
<xml><appid><![CDATA[wxa1e319fccc9b03c8]]></appid>
<bank_type><![CDATA[CMB_CREDIT]]></bank_type>
<cash_fee><![CDATA[1]]></cash_fee>
<fee_type><![CDATA[CNY]]></fee_type>
<is_subscribe><![CDATA[Y]]></is_subscribe>
<mch_id><![CDATA[1292201901]]></mch_id>
<nonce_str><![CDATA[yfgszguis399wnaptuub2y4cuhr9gw24]]></nonce_str>
<openid><![CDATA[oiVrjwB9-CYKrk-4Y_firzXyzmKE]]></openid>
<out_trade_no><![CDATA[W170411018212]]></out_trade_no>
<result_code><![CDATA[SUCCESS]]></result_code>
<return_code><![CDATA[SUCCESS]]></return_code>
<sign><![CDATA[D75E130AD415E3F5FBEEC12C56A0ACDA]]></sign>
<time_end><![CDATA[20170411214555]]></time_end>
<total_fee>1</total_fee>
<trade_type><![CDATA[NATIVE]]></trade_type>
<transaction_id><![CDATA[4008362001201704116678964073]]></transaction_id>
</xml>


执行日期：2017-04-11-21：45：55
更新异常！

