
2016-07-22 18:10:58|orderid[Y160722448455]|str[10013629852Buy1868787798552152A0.01RMBY1607224484552]|hmac[6c410378ee26fb1381d4af7bbff7d1e0]
2016-07-22 18:11:01|orderid[Y160722448455]|str[10013629852Buy1868787798552152A0.01RMBY1607224484551]|hmac[21beeee3a28ccdb6238ed3bd18f7278d]
2016-07-22 18:11:02|orderid[]|str[10013629852]|hmac[658a4715c9bdcaccd5c773e751224485]
2016-07-22 18:11:09|orderid[]|str[10013629852]|hmac[658a4715c9bdcaccd5c773e751224485]
2016-07-22 18:13:10|orderid[Y160722011293]|str[10013629852Buy1618334544752712G0.02RMBY1607220112932]|hmac[c424c68401a03e2a0bada8e081cfef49]
2016-07-22 18:14:03|orderid[Y160722448455]|str[10013629852Buy1868787798552152A0.01RMBY1607224484552]|hmac[6c410378ee26fb1381d4af7bbff7d1e0]
2016-07-22 18:16:14|orderid[Y160722011293]|str[10013629852Buy1618334544752712G0.02RMBY1607220112932]|hmac[c424c68401a03e2a0bada8e081cfef49]
2016-07-22 18:20:04|orderid[Y160722448455]|str[10013629852Buy1868787798552152A0.01RMBY1607224484552]|hmac[6c410378ee26fb1381d4af7bbff7d1e0]
2016-07-22 18:22:17|orderid[Y160722011293]|str[10013629852Buy1618334544752712G0.02RMBY1607220112932]|hmac[c424c68401a03e2a0bada8e081cfef49]
2016-07-22 18:29:09|orderid[Y160722448455]|str[10013629852Buy1868787798552152A0.01RMBY1607224484552]|hmac[6c410378ee26fb1381d4af7bbff7d1e0]
2016-07-22 18:31:22|orderid[Y160722011293]|str[10013629852Buy1618334544752712G0.02RMBY1607220112932]|hmac[c424c68401a03e2a0bada8e081cfef49]
2016-07-24 16:56:31|orderid[Y160724845897]|str[10013629852Buy1915281233829152I1.0RMBY1607248458972]|hmac[0b525ac60237807844f543ed6420c5b7]
2016-07-24 16:56:43|orderid[Y160724845897]|str[10013629852Buy1915281233829152I1.0RMBY1607248458971]|hmac[bf0bb8c1ef9a8d630d9045bc317de639]
2016-07-24 16:59:32|orderid[Y160724845897]|str[10013629852Buy1915281233829152I1.0RMBY1607248458972]|hmac[0b525ac60237807844f543ed6420c5b7]
2016-07-24 17:05:38|orderid[Y160724845897]|str[10013629852Buy1915281233829152I1.0RMBY1607248458972]|hmac[0b525ac60237807844f543ed6420c5b7]
2016-07-24 17:14:39|orderid[Y160724845897]|str[10013629852Buy1915281233829152I1.0RMBY1607248458972]|hmac[0b525ac60237807844f543ed6420c5b7]
2016-07-29 01:34:48|orderid[Y160729365328]|str[10013629852Buy1716223258538903I100.0RMBY1607293653282]|hmac[735380835c5abd52b7de2b051d80ead3]
2016-07-29 01:35:02|orderid[Y160729365328]|str[10013629852Buy1716223258538903I100.0RMBY1607293653281]|hmac[b7857f438a77299a9c9528776c23131d]
2016-07-29 01:37:49|orderid[Y160729365328]|str[10013629852Buy1716223258538903I100.0RMBY1607293653282]|hmac[735380835c5abd52b7de2b051d80ead3]
2016-07-29 01:43:52|orderid[Y160729365328]|str[10013629852Buy1716223258538903I100.0RMBY1607293653282]|hmac[735380835c5abd52b7de2b051d80ead3]
2016-07-29 01:52:53|orderid[Y160729365328]|str[10013629852Buy1716223258538903I100.0RMBY1607293653282]|hmac[735380835c5abd52b7de2b051d80ead3]
2016-07-31 16:27:53|orderid[Y160731477431]|str[10013629852Buy1618335592602362G0.13RMBY1607314774312]|hmac[9394ef6d2c9eb86961abfc813bb6b5cf]
2016-07-31 16:28:00|orderid[Y160731477431]|str[10013629852Buy1618335592602362G0.13RMBY1607314774311]|hmac[85f6934de50bd30aafb0f446ec907351]
2016-07-31 16:30:55|orderid[Y160731477431]|str[10013629852Buy1618335592602362G0.13RMBY1607314774312]|hmac[9394ef6d2c9eb86961abfc813bb6b5cf]
2016-07-31 16:31:01|orderid[]|str[10013629852]|hmac[658a4715c9bdcaccd5c773e751224485]
2016-07-31 16:36:57|orderid[Y160731477431]|str[10013629852Buy1618335592602362G0.13RMBY1607314774312]|hmac[9394ef6d2c9eb86961abfc813bb6b5cf]
2016-07-31 16:45:58|orderid[Y160731477431]|str[10013629852Buy1618335592602362G0.13RMBY1607314774312]|hmac[9394ef6d2c9eb86961abfc813bb6b5cf]
2016-08-03 15:17:31|orderid[Y160803354550]|str[10013629852Buy1317274226388264I1.0RMBY1608033545502]|hmac[03eead361c35295825073ee340811bf0]
2016-08-03 15:19:23|orderid[Y160803029073]|str[10013629852Buy1218570531692252I1.0RMBY1608030290732]|hmac[69036a6251abb3cfaf1f63bbcc6ccbdb]
2016-08-03 15:20:33|orderid[Y160803354550]|str[10013629852Buy1317274226388264I1.0RMBY1608033545502]|hmac[03eead361c35295825073ee340811bf0]
2016-08-03 15:22:25|orderid[Y160803029073]|str[10013629852Buy1218570531692252I1.0RMBY1608030290732]|hmac[69036a6251abb3cfaf1f63bbcc6ccbdb]
2016-08-03 15:23:54|orderid[Y160803998917]|str[10013629852Buy1418415812462502H1.0RMBY1608039989172]|hmac[d4ec589ba3f56afe8fa0ae4cc256acb3]
2016-08-03 15:24:14|orderid[Y160803998917]|str[10013629852Buy1418415812462502H1.0RMBY1608039989171]|hmac[6217705a2ef088b2b4520d1712e1958a]
2016-08-03 15:26:07|orderid[Y160803053488]|str[10013629852Buy1119261258250366I100.0RMBY1608030534882]|hmac[1a9b0e542a8322cee78b3b4263182ad4]
2016-08-03 15:26:34|orderid[Y160803354550]|str[10013629852Buy1317274226388264I1.0RMBY1608033545502]|hmac[03eead361c35295825073ee340811bf0]
2016-08-03 15:26:34|orderid[Y160803764862]|str[10013629852Buy1119282292350366I1.0RMBY1608037648622]|hmac[b7d12e4afb5904de65e81286ad79f7cf]
2016-08-03 15:26:48|orderid[Y160803764862]|str[10013629852Buy1119282292350366I1.0RMBY1608037648621]|hmac[4f5e0c5003aeddbb0ad3e10d132953b9]
2016-08-03 15:26:55|orderid[Y160803998917]|str[10013629852Buy1418415812462502H1.0RMBY1608039989172]|hmac[d4ec589ba3f56afe8fa0ae4cc256acb3]
2016-08-03 15:28:30|orderid[Y160803029073]|str[10013629852Buy1218570531692252I1.0RMBY1608030290732]|hmac[69036a6251abb3cfaf1f63bbcc6ccbdb]
2016-08-03 15:29:10|orderid[Y160803053488]|str[10013629852Buy1119261258250366I100.0RMBY1608030534882]|hmac[1a9b0e542a8322cee78b3b4263182ad4]
2016-08-03 15:29:37|orderid[Y160803764862]|str[10013629852Buy1119282292350366I1.0RMBY1608037648622]|hmac[b7d12e4afb5904de65e81286ad79f7cf]
2016-08-03 15:33:00|orderid[Y160803998917]|str[10013629852Buy1418415812462502H1.0RMBY1608039989172]|hmac[d4ec589ba3f56afe8fa0ae4cc256acb3]
2016-08-03 15:33:00|orderid[Y160803009697]|str[10013629852Buy1317223270788264I1.0RMBY1608030096972]|hmac[a95947f8255026bd628518454a674a76]
2016-08-03 15:35:15|orderid[Y160803053488]|str[10013629852Buy1119261258250366I100.0RMBY1608030534882]|hmac[1a9b0e542a8322cee78b3b4263182ad4]
2016-08-03 15:35:37|orderid[Y160803354550]|str[10013629852Buy1317274226388264I1.0RMBY1608033545502]|hmac[03eead361c35295825073ee340811bf0]
2016-08-03 15:35:38|orderid[Y160803764862]|str[10013629852Buy1119282292350366I1.0RMBY1608037648622]|hmac[b7d12e4afb5904de65e81286ad79f7cf]
2016-08-03 15:36:03|orderid[Y160803009697]|str[10013629852Buy1317223270788264I1.0RMBY1608030096972]|hmac[a95947f8255026bd628518454a674a76]
2016-08-03 15:42:04|orderid[Y160803009697]|str[10013629852Buy1317223270788264I1.0RMBY1608030096972]|hmac[a95947f8255026bd628518454a674a76]
2016-08-03 15:44:39|orderid[Y160803764862]|str[10013629852Buy1119282292350366I1.0RMBY1608037648622]|hmac[b7d12e4afb5904de65e81286ad79f7cf]
2016-08-03 15:51:04|orderid[Y160803009697]|str[10013629852Buy1317223270788264I1.0RMBY1608030096972]|hmac[a95947f8255026bd628518454a674a76]
2016-08-03 17:39:22|orderid[Y160803792896]|str[10013629852Buy1317273220129264I100.0RMBY1608037928962]|hmac[21658100e08f7e485b2e1d4c56c22276]
2016-08-03 17:42:23|orderid[Y160803792896]|str[10013629852Buy1317273220129264I100.0RMBY1608037928962]|hmac[21658100e08f7e485b2e1d4c56c22276]
2016-08-03 17:48:24|orderid[Y160803792896]|str[10013629852Buy1317273220129264I100.0RMBY1608037928962]|hmac[21658100e08f7e485b2e1d4c56c22276]
2016-08-03 17:54:47|orderid[Y160803588466]|str[10013629852Buy1868791453342162A100.0RMBY1608035884662]|hmac[1e6b2471a7dc5bc0e7f68036c4b5117c]
2016-08-03 17:57:47|orderid[Y160803588466]|str[10013629852Buy1868791453342162A100.0RMBY1608035884662]|hmac[1e6b2471a7dc5bc0e7f68036c4b5117c]
2016-08-03 18:03:48|orderid[Y160803588466]|str[10013629852Buy1868791453342162A100.0RMBY1608035884662]|hmac[1e6b2471a7dc5bc0e7f68036c4b5117c]
2016-08-03 18:12:53|orderid[Y160803588466]|str[10013629852Buy1868791453342162A100.0RMBY1608035884662]|hmac[1e6b2471a7dc5bc0e7f68036c4b5117c]
2016-08-03 18:40:56|orderid[Y160803976782]|str[10013629852Buy1119232241821366I0.01RMBY1608039767822]|hmac[39bb9a68fc9503d0fb274c168aab4a10]
2016-08-03 18:43:59|orderid[Y160803976782]|str[10013629852Buy1119232241821366I0.01RMBY1608039767822]|hmac[39bb9a68fc9503d0fb274c168aab4a10]
2016-08-03 21:15:39|orderid[Y160803022853]|str[10013629852Buy1318722175279264I500.0RMBY1608030228532]|hmac[8a4cd5be2c08bab3603271cb94b723f8]
2016-08-03 21:16:49|orderid[Y160803183058]|str[10013629852Buy1915287235469252I500.0RMBY1608031830582]|hmac[9531c06b74e11a2a2a1870b4a02f1768]
2016-08-03 21:18:43|orderid[Y160803022853]|str[10013629852Buy1318722175279264I500.0RMBY1608030228532]|hmac[8a4cd5be2c08bab3603271cb94b723f8]
2016-08-03 21:19:52|orderid[Y160803183058]|str[10013629852Buy1915287235469252I500.0RMBY1608031830582]|hmac[9531c06b74e11a2a2a1870b4a02f1768]
2016-08-03 21:24:43|orderid[Y160803022853]|str[10013629852Buy1318722175279264I500.0RMBY1608030228532]|hmac[8a4cd5be2c08bab3603271cb94b723f8]
2016-08-03 21:25:53|orderid[Y160803183058]|str[10013629852Buy1915287235469252I500.0RMBY1608031830582]|hmac[9531c06b74e11a2a2a1870b4a02f1768]
2016-08-03 21:33:44|orderid[Y160803022853]|str[10013629852Buy1318722175279264I500.0RMBY1608030228532]|hmac[8a4cd5be2c08bab3603271cb94b723f8]
2016-08-03 21:34:57|orderid[Y160803183058]|str[10013629852Buy1915287235469252I500.0RMBY1608031830582]|hmac[9531c06b74e11a2a2a1870b4a02f1768]
2016-08-03 21:38:56|orderid[Y160803377133]|str[10013629852Buy1915247259669252I1000.0RMBY1608033771332]|hmac[f6f035b892e5ff3b424bc44d14cf3a72]
2016-08-03 21:39:54|orderid[Y160803026514]|str[10013629852Buy1915211240769252I1000.0RMBY1608030265142]|hmac[ca4b6379ae7b5f945da5a1dad71003e4]
2016-08-03 21:41:57|orderid[Y160803377133]|str[10013629852Buy1915247259669252I1000.0RMBY1608033771332]|hmac[f6f035b892e5ff3b424bc44d14cf3a72]
2016-08-03 21:42:57|orderid[Y160803026514]|str[10013629852Buy1915211240769252I1000.0RMBY1608030265142]|hmac[ca4b6379ae7b5f945da5a1dad71003e4]
2016-08-03 21:47:58|orderid[Y160803377133]|str[10013629852Buy1915247259669252I1000.0RMBY1608033771332]|hmac[f6f035b892e5ff3b424bc44d14cf3a72]
2016-08-03 21:48:58|orderid[Y160803026514]|str[10013629852Buy1915211240769252I1000.0RMBY1608030265142]|hmac[ca4b6379ae7b5f945da5a1dad71003e4]
2016-08-03 21:57:02|orderid[Y160803377133]|str[10013629852Buy1915247259669252I1000.0RMBY1608033771332]|hmac[f6f035b892e5ff3b424bc44d14cf3a72]
2016-08-03 21:58:12|orderid[Y160803026514]|str[10013629852Buy1915211240769252I1000.0RMBY1608030265142]|hmac[ca4b6379ae7b5f945da5a1dad71003e4]
2016-08-03 22:30:24|orderid[Y160803016517]|str[10013629852Buy1818275711012492F600.0RMBY1608030165172]|hmac[6b2a7de6e44b7de7f943a6beaedefdb8]
2016-08-03 22:30:53|orderid[Y160803016517]|str[10013629852Buy1818275711012492F600.0RMBY1608030165171]|hmac[72483745331dcc587106b180715c9634]
2016-08-03 22:33:27|orderid[Y160803016517]|str[10013629852Buy1818275711012492F600.0RMBY1608030165172]|hmac[6b2a7de6e44b7de7f943a6beaedefdb8]
2016-08-03 22:39:28|orderid[Y160803016517]|str[10013629852Buy1818275711012492F600.0RMBY1608030165172]|hmac[6b2a7de6e44b7de7f943a6beaedefdb8]
2016-08-03 22:48:29|orderid[Y160803016517]|str[10013629852Buy1818275711012492F600.0RMBY1608030165172]|hmac[6b2a7de6e44b7de7f943a6beaedefdb8]
2016-08-03 23:03:13|orderid[Y160803636923]|str[10013629852Buy1868791567191120B200.0RMBY1608036369232]|hmac[52e77e6f12b20563644ecc82d7a4a5bc]
2016-08-03 23:03:32|orderid[Y160803636923]|str[10013629852Buy1868791567191120B200.0RMBY1608036369231]|hmac[b5facca11100ee38e8a84483860d61a5]
2016-08-03 23:06:14|orderid[Y160803636923]|str[10013629852Buy1868791567191120B200.0RMBY1608036369232]|hmac[52e77e6f12b20563644ecc82d7a4a5bc]
2016-08-04 02:10:19|orderid[Y160804124079]|str[10013629852Buy1915253224589252I300.0RMBY1608041240792]|hmac[ba87b0f4fcd6af7d303e3226f7f26e74]
2016-08-04 02:13:22|orderid[Y160804124079]|str[10013629852Buy1915253224589252I300.0RMBY1608041240792]|hmac[ba87b0f4fcd6af7d303e3226f7f26e74]
2016-08-04 02:19:23|orderid[Y160804124079]|str[10013629852Buy1915253224589252I300.0RMBY1608041240792]|hmac[ba87b0f4fcd6af7d303e3226f7f26e74]
2016-08-04 02:28:24|orderid[Y160804124079]|str[10013629852Buy1915253224589252I300.0RMBY1608041240792]|hmac[ba87b0f4fcd6af7d303e3226f7f26e74]
2016-08-04 12:10:07|orderid[Y160804222351]|str[10013629852Buy1418415981522162H500.0RMBY1608042223512]|hmac[512d34f7129dfd996b8d22a0709ffad2]
2016-08-04 12:13:09|orderid[Y160804222351]|str[10013629852Buy1418415981522162H500.0RMBY1608042223512]|hmac[512d34f7129dfd996b8d22a0709ffad2]
2016-08-04 12:19:11|orderid[Y160804222351]|str[10013629852Buy1418415981522162H500.0RMBY1608042223512]|hmac[512d34f7129dfd996b8d22a0709ffad2]
2016-08-04 12:28:11|orderid[Y160804222351]|str[10013629852Buy1418415981522162H500.0RMBY1608042223512]|hmac[512d34f7129dfd996b8d22a0709ffad2]
2016-08-04 14:05:24|orderid[Y160804389076]|str[10013629852Buy1868791741461420B28.0RMBY1608043890762]|hmac[2b7e37cb6355387ebe8a01372640a6e8]
2016-08-04 14:05:56|orderid[Y160804996099]|str[10013629852Buy1818275775601825J28.0RMBY1608049960992]|hmac[0e746ee2f6a2ca6b1c28dee26d41f952]
2016-08-04 14:06:12|orderid[Y160804996099]|str[10013629852Buy1818275775601825J28.0RMBY1608049960991]|hmac[2a07e774e51ff91bb6c469218ada7280]
2016-08-04 14:08:26|orderid[Y160804389076]|str[10013629852Buy1868791741461420B28.0RMBY1608043890762]|hmac[2b7e37cb6355387ebe8a01372640a6e8]
2016-08-04 14:08:57|orderid[Y160804996099]|str[10013629852Buy1818275775601825J28.0RMBY1608049960992]|hmac[0e746ee2f6a2ca6b1c28dee26d41f952]
2016-08-04 14:14:26|orderid[Y160804389076]|str[10013629852Buy1868791741461420B28.0RMBY1608043890762]|hmac[2b7e37cb6355387ebe8a01372640a6e8]
2016-08-04 14:15:00|orderid[Y160804996099]|str[10013629852Buy1818275775601825J28.0RMBY1608049960992]|hmac[0e746ee2f6a2ca6b1c28dee26d41f952]
2016-08-04 14:23:30|orderid[Y160804389076]|str[10013629852Buy1868791741461420B28.0RMBY1608043890762]|hmac[2b7e37cb6355387ebe8a01372640a6e8]
2016-08-04 15:21:16|orderid[Y160804238887]|str[10013629852Buy1119282299273366I500.0RMBY1608042388872]|hmac[19b90480f6cfeb1be0ec05ddc2af4043]
2016-08-04 15:24:18|orderid[Y160804238887]|str[10013629852Buy1119282299273366I500.0RMBY1608042388872]|hmac[19b90480f6cfeb1be0ec05ddc2af4043]
2016-08-04 15:30:19|orderid[Y160804238887]|str[10013629852Buy1119282299273366I500.0RMBY1608042388872]|hmac[19b90480f6cfeb1be0ec05ddc2af4043]
2016-08-04 15:39:20|orderid[Y160804238887]|str[10013629852Buy1119282299273366I500.0RMBY1608042388872]|hmac[19b90480f6cfeb1be0ec05ddc2af4043]
2016-08-04 16:25:37|orderid[Y160804322904]|str[10013629852Buy1218570828832132I5000.0RMBY1608043229042]|hmac[904181ecde647f64942c9205f05d105f]
2016-08-04 16:28:39|orderid[Y160804322904]|str[10013629852Buy1218570828832132I5000.0RMBY1608043229042]|hmac[904181ecde647f64942c9205f05d105f]
2016-08-04 16:34:40|orderid[Y160804322904]|str[10013629852Buy1218570828832132I5000.0RMBY1608043229042]|hmac[904181ecde647f64942c9205f05d105f]
2016-08-04 16:43:41|orderid[Y160804322904]|str[10013629852Buy1218570828832132I5000.0RMBY1608043229042]|hmac[904181ecde647f64942c9205f05d105f]
2016-08-04 19:12:04|orderid[Y160804193608]|str[10013629852Buy1868791876422182A20.0RMBY1608041936082]|hmac[ea0df7b0412d0524c649c3370af1ffea]
2016-08-04 19:15:05|orderid[Y160804193608]|str[10013629852Buy1868791876422182A20.0RMBY1608041936082]|hmac[ea0df7b0412d0524c649c3370af1ffea]
2016-08-04 19:21:08|orderid[Y160804193608]|str[10013629852Buy1868791876422182A20.0RMBY1608041936082]|hmac[ea0df7b0412d0524c649c3370af1ffea]
2016-08-04 19:28:16|orderid[Y160804605247]|str[10013629852Buy1418416074822262H10.0RMBY1608046052472]|hmac[26a9518b674d285f2477005dc69f2da6]
2016-08-04 19:30:09|orderid[Y160804193608]|str[10013629852Buy1868791876422182A20.0RMBY1608041936082]|hmac[ea0df7b0412d0524c649c3370af1ffea]
2016-08-04 19:31:22|orderid[Y160804605247]|str[10013629852Buy1418416074822262H10.0RMBY1608046052472]|hmac[26a9518b674d285f2477005dc69f2da6]
2016-08-04 19:37:21|orderid[Y160804008952]|str[10013629852Buy1318723108971364I2.0RMBY1608040089522]|hmac[9db30acb698cb71e65ee7abdf69ad756]
2016-08-04 19:37:24|orderid[Y160804605247]|str[10013629852Buy1418416074822262H10.0RMBY1608046052472]|hmac[26a9518b674d285f2477005dc69f2da6]
2016-08-04 19:40:22|orderid[Y160804008952]|str[10013629852Buy1318723108971364I2.0RMBY1608040089522]|hmac[9db30acb698cb71e65ee7abdf69ad756]
2016-08-04 19:46:24|orderid[Y160804008952]|str[10013629852Buy1318723108971364I2.0RMBY1608040089522]|hmac[9db30acb698cb71e65ee7abdf69ad756]
2016-08-04 20:16:02|orderid[Y160804536739]|str[10013629852Buy1418416085682522H500.0RMBY1608045367392]|hmac[57e73dacd3ca07637a9bceab14017b20]
2016-08-04 20:16:15|orderid[Y160804536739]|str[10013629852Buy1418416085682522H500.0RMBY1608045367391]|hmac[46bf5daba6f0aa1206e5443de1bcc97d]
2016-08-04 20:19:03|orderid[Y160804536739]|str[10013629852Buy1418416085682522H500.0RMBY1608045367392]|hmac[57e73dacd3ca07637a9bceab14017b20]
2016-08-04 20:25:05|orderid[Y160804536739]|str[10013629852Buy1418416085682522H500.0RMBY1608045367392]|hmac[57e73dacd3ca07637a9bceab14017b20]
2016-08-04 20:34:06|orderid[Y160804536739]|str[10013629852Buy1418416085682522H500.0RMBY1608045367392]|hmac[57e73dacd3ca07637a9bceab14017b20]
2016-08-04 21:34:48|orderid[Y160804541407]|str[10013629852Buy1868791937721820B500.0RMBY1608045414072]|hmac[38bf706df5ae65f4b1f60fcafa90d880]
2016-08-04 21:37:50|orderid[Y160804541407]|str[10013629852Buy1868791937721820B500.0RMBY1608045414072]|hmac[38bf706df5ae65f4b1f60fcafa90d880]
2016-08-04 21:43:54|orderid[Y160804541407]|str[10013629852Buy1868791937721820B500.0RMBY1608045414072]|hmac[38bf706df5ae65f4b1f60fcafa90d880]
2016-08-04 22:12:10|orderid[Y160804442889]|str[10013629852Buy1517283279664204I200.0RMBY1608044428892]|hmac[ca8e37b38f2b90d902770334cd5710a0]
2016-08-04 22:12:22|orderid[Y160804442889]|str[10013629852Buy1517283279664204I200.0RMBY1608044428891]|hmac[50239664fc5181a29538183d74d62d57]
2016-08-04 22:15:13|orderid[Y160804442889]|str[10013629852Buy1517283279664204I200.0RMBY1608044428892]|hmac[ca8e37b38f2b90d902770334cd5710a0]
2016-08-04 22:21:15|orderid[Y160804442889]|str[10013629852Buy1517283279664204I200.0RMBY1608044428892]|hmac[ca8e37b38f2b90d902770334cd5710a0]
2016-08-04 22:30:17|orderid[Y160804442889]|str[10013629852Buy1517283279664204I200.0RMBY1608044428892]|hmac[ca8e37b38f2b90d902770334cd5710a0]
2016-08-04 23:03:30|orderid[Y160804967136]|str[10013629852Buy1818275854562642F1000.0RMBY1608049671362]|hmac[4af1375341e9c73725c080522cd001b2]
2016-08-04 23:03:43|orderid[Y160804967136]|str[10013629852Buy1818275854562642F1000.0RMBY1608049671361]|hmac[3cbf8592231b23da558f241987af6e98]
2016-08-04 23:06:30|orderid[Y160804967136]|str[10013629852Buy1818275854562642F1000.0RMBY1608049671362]|hmac[4af1375341e9c73725c080522cd001b2]
2016-08-04 23:06:44|orderid[]|str[10013629852]|hmac[658a4715c9bdcaccd5c773e751224485]
2016-08-04 23:06:44|orderid[]|str[10013629852]|hmac[658a4715c9bdcaccd5c773e751224485]
2016-08-04 23:06:44|orderid[]|str[10013629852]|hmac[658a4715c9bdcaccd5c773e751224485]
2016-08-04 23:08:54|orderid[]|str[10013629852]|hmac[658a4715c9bdcaccd5c773e751224485]
2016-08-04 23:12:34|orderid[Y160804967136]|str[10013629852Buy1818275854562642F1000.0RMBY1608049671362]|hmac[4af1375341e9c73725c080522cd001b2]
2016-08-04 23:17:34|orderid[]|str[10013629852]|hmac[658a4715c9bdcaccd5c773e751224485]
2016-08-05 09:00:47|orderid[Y160805776206]|str[10013629852Buy1868792061901020B200.0RMBY1608057762062]|hmac[3d12540d85309016e2b2ab033ca0dcbe]
2016-08-05 09:01:09|orderid[Y160805776206]|str[10013629852Buy1868792061901020B200.0RMBY1608057762061]|hmac[c33ab7268bd792f0116d75ab0c767cf6]
2016-08-05 09:03:51|orderid[Y160805776206]|str[10013629852Buy1868792061901020B200.0RMBY1608057762062]|hmac[3d12540d85309016e2b2ab033ca0dcbe]
2016-08-05 09:09:55|orderid[Y160805776206]|str[10013629852Buy1868792061901020B200.0RMBY1608057762062]|hmac[3d12540d85309016e2b2ab033ca0dcbe]
2016-08-05 12:50:52|orderid[Y160805268553]|str[10013629852Buy1868792162692112A100.0RMBY1608052685532]|hmac[ee06d063f734089baac1b58edf14c633]
2016-08-05 12:53:53|orderid[Y160805268553]|str[10013629852Buy1868792162692112A100.0RMBY1608052685532]|hmac[ee06d063f734089baac1b58edf14c633]
2016-08-05 12:59:56|orderid[Y160805268553]|str[10013629852Buy1868792162692112A100.0RMBY1608052685532]|hmac[ee06d063f734089baac1b58edf14c633]
2016-08-05 13:08:57|orderid[Y160805268553]|str[10013629852Buy1868792162692112A100.0RMBY1608052685532]|hmac[ee06d063f734089baac1b58edf14c633]
2016-08-05 13:56:51|orderid[Y160805990139]|str[10013629852Buy1618336409522602G461.0RMBY1608059901392]|hmac[afe27cce95b4292d5cc6975d320a2e54]
2016-08-05 13:59:51|orderid[Y160805990139]|str[10013629852Buy1618336409522602G461.0RMBY1608059901392]|hmac[afe27cce95b4292d5cc6975d320a2e54]
2016-08-05 14:05:16|orderid[Y160805363821]|str[10013629852Buy1317282256853364I11.0RMBY1608053638212]|hmac[2bc886253937f780d61f3c0738636736]
2016-08-05 14:05:20|orderid[Y160805363821]|str[10013629852Buy1317282256853364I11.0RMBY1608053638211]|hmac[3e92d7456b71b8e7f09ad085292efead]
2016-08-05 14:05:53|orderid[Y160805990139]|str[10013629852Buy1618336409522602G461.0RMBY1608059901392]|hmac[afe27cce95b4292d5cc6975d320a2e54]
2016-08-05 14:06:28|orderid[Y160805647625]|str[10013629852Buy1618336411302562G11.0RMBY1608056476252]|hmac[e598d06726d598919ed672309927299b]
2016-08-05 14:06:30|orderid[Y160805647625]|str[10013629852Buy1618336411302562G11.0RMBY1608056476251]|hmac[f020954bf648330f753393387e4d4a34]
2016-08-05 14:08:21|orderid[Y160805363821]|str[10013629852Buy1317282256853364I11.0RMBY1608053638212]|hmac[2bc886253937f780d61f3c0738636736]
2016-08-05 14:08:27|orderid[Y160805499841]|str[10013629852Buy1618336411612132G11.0RMBY1608054998412]|hmac[d57d0aa3f01c7fd94a5ea4709df9abd4]
2016-08-05 14:08:30|orderid[Y160805499841]|str[10013629852Buy1618336411612132G11.0RMBY1608054998411]|hmac[952c5ea46dab64dc370c26d496d203f9]
2016-08-05 14:09:31|orderid[Y160805647625]|str[10013629852Buy1618336411302562G11.0RMBY1608056476252]|hmac[e598d06726d598919ed672309927299b]
2016-08-05 14:09:52|orderid[Y160805786552]|str[10013629852Buy1512726192195204I11.0RMBY1608057865522]|hmac[4fb6ae0f254f33a34e07e3146488d901]
2016-08-05 14:10:25|orderid[Y160805786552]|str[10013629852Buy1512726192195204I11.0RMBY1608057865521]|hmac[70e88138839a06e19d7d1cbce0faec7e]
2016-08-05 14:11:29|orderid[Y160805499841]|str[10013629852Buy1618336411612132G11.0RMBY1608054998412]|hmac[d57d0aa3f01c7fd94a5ea4709df9abd4]
2016-08-05 14:12:55|orderid[Y160805786552]|str[10013629852Buy1512726192195204I11.0RMBY1608057865522]|hmac[4fb6ae0f254f33a34e07e3146488d901]
2016-08-05 14:14:22|orderid[Y160805363821]|str[10013629852Buy1317282256853364I11.0RMBY1608053638212]|hmac[2bc886253937f780d61f3c0738636736]
2016-08-05 14:14:54|orderid[Y160805990139]|str[10013629852Buy1618336409522602G461.0RMBY1608059901392]|hmac[afe27cce95b4292d5cc6975d320a2e54]
2016-08-05 14:15:31|orderid[Y160805647625]|str[10013629852Buy1618336411302562G11.0RMBY1608056476252]|hmac[e598d06726d598919ed672309927299b]
2016-08-05 14:17:33|orderid[Y160805499841]|str[10013629852Buy1618336411612132G11.0RMBY1608054998412]|hmac[d57d0aa3f01c7fd94a5ea4709df9abd4]
2016-08-05 14:23:25|orderid[Y160805363821]|str[10013629852Buy1317282256853364I11.0RMBY1608053638212]|hmac[2bc886253937f780d61f3c0738636736]
2016-08-05 14:24:31|orderid[Y160805647625]|str[10013629852Buy1618336411302562G11.0RMBY1608056476252]|hmac[e598d06726d598919ed672309927299b]
2016-08-05 14:26:34|orderid[Y160805499841]|str[10013629852Buy1618336411612132G11.0RMBY1608054998412]|hmac[d57d0aa3f01c7fd94a5ea4709df9abd4]
2016-08-05 14:55:47|orderid[Y160805804113]|str[10013629852Buy1119203235947366I3000.0RMBY1608058041132]|hmac[04e116bcb86dcead559e55635344d34c]
2016-08-05 14:56:01|orderid[Y160805804113]|str[10013629852Buy1119203235947366I3000.0RMBY1608058041131]|hmac[49c441d46dfa3cd4bbe2b6f02b5f24b2]
2016-08-05 14:58:49|orderid[Y160805804113]|str[10013629852Buy1119203235947366I3000.0RMBY1608058041132]|hmac[04e116bcb86dcead559e55635344d34c]
2016-08-05 15:04:49|orderid[Y160805804113]|str[10013629852Buy1119203235947366I3000.0RMBY1608058041132]|hmac[04e116bcb86dcead559e55635344d34c]
2016-08-05 17:35:23|orderid[Y160805024846]|str[10013629852Buy1218571183641028J100.0RMBY1608050248462]|hmac[3f9b0ca30c2e15797444ed89d41f2329]
2016-08-05 17:38:24|orderid[Y160805024846]|str[10013629852Buy1218571183641028J100.0RMBY1608050248462]|hmac[3f9b0ca30c2e15797444ed89d41f2329]
2016-08-05 17:44:09|orderid[Y160805875181]|str[10013629852Buy1119252280118366I500.0RMBY1608058751812]|hmac[134db3ec7145c1f81f92b08f788d4d1e]
2016-08-05 17:44:25|orderid[Y160805024846]|str[10013629852Buy1218571183641028J100.0RMBY1608050248462]|hmac[3f9b0ca30c2e15797444ed89d41f2329]
2016-08-05 17:47:12|orderid[Y160805875181]|str[10013629852Buy1119252280118366I500.0RMBY1608058751812]|hmac[134db3ec7145c1f81f92b08f788d4d1e]
2016-08-05 17:53:15|orderid[Y160805875181]|str[10013629852Buy1119252280118366I500.0RMBY1608058751812]|hmac[134db3ec7145c1f81f92b08f788d4d1e]
2016-08-05 17:53:26|orderid[Y160805024846]|str[10013629852Buy1218571183641028J100.0RMBY1608050248462]|hmac[3f9b0ca30c2e15797444ed89d41f2329]
2016-08-05 18:02:17|orderid[Y160805875181]|str[10013629852Buy1119252280118366I500.0RMBY1608058751812]|hmac[134db3ec7145c1f81f92b08f788d4d1e]
2016-08-05 19:43:31|orderid[Y160805570232]|str[10013629852Buy1915271268022352I500.0RMBY1608055702322]|hmac[2b26bff858928540f0062604eaeaaa0f]
2016-08-05 19:46:34|orderid[Y160805570232]|str[10013629852Buy1915271268022352I500.0RMBY1608055702322]|hmac[2b26bff858928540f0062604eaeaaa0f]
2016-08-05 20:05:10|orderid[Y160805993501]|str[10013629852Buy1218571224732232I100.0RMBY1608059935012]|hmac[bac14bc976b4a7dd302c8f4a80bcdb75]
2016-08-05 20:07:18|orderid[Y160805704217]|str[10013629852Buy1317234200744364I500.0RMBY1608057042172]|hmac[ae4254336846289718aad23c93eec66c]
2016-08-05 20:07:32|orderid[Y160805704217]|str[10013629852Buy1317234200744364I500.0RMBY1608057042171]|hmac[161dca2633e7157b3148f6d87b7ec888]
2016-08-05 20:07:40|orderid[Y160805704217]|str[10013629852Buy1317234200744364I500.0RMBY1608057042171]|hmac[161dca2633e7157b3148f6d87b7ec888]
2016-08-05 20:08:12|orderid[Y160805993501]|str[10013629852Buy1218571224732232I100.0RMBY1608059935012]|hmac[bac14bc976b4a7dd302c8f4a80bcdb75]
2016-08-05 20:10:20|orderid[Y160805704217]|str[10013629852Buy1317234200744364I500.0RMBY1608057042172]|hmac[ae4254336846289718aad23c93eec66c]
2016-08-05 20:14:15|orderid[Y160805993501]|str[10013629852Buy1218571224732232I100.0RMBY1608059935012]|hmac[bac14bc976b4a7dd302c8f4a80bcdb75]
2016-08-05 20:16:22|orderid[Y160805704217]|str[10013629852Buy1317234200744364I500.0RMBY1608057042172]|hmac[ae4254336846289718aad23c93eec66c]
2016-08-05 20:23:19|orderid[Y160805993501]|str[10013629852Buy1218571224732232I100.0RMBY1608059935012]|hmac[bac14bc976b4a7dd302c8f4a80bcdb75]
2016-08-05 20:25:24|orderid[Y160805704217]|str[10013629852Buy1317234200744364I500.0RMBY1608057042172]|hmac[ae4254336846289718aad23c93eec66c]
2016-08-05 21:06:19|orderid[Y160805811711]|str[10013629852Buy1218571241032232I50.0RMBY1608058117112]|hmac[5d9c66ff4a2e6479d2b83ed766071091]
2016-08-05 21:06:40|orderid[Y160805811711]|str[10013629852Buy1218571241032232I50.0RMBY1608058117111]|hmac[cae52ad77f3b0752f13a27e7597a40c0]
2016-08-05 21:09:23|orderid[Y160805811711]|str[10013629852Buy1218571241032232I50.0RMBY1608058117112]|hmac[5d9c66ff4a2e6479d2b83ed766071091]
2016-08-05 21:15:23|orderid[Y160805811711]|str[10013629852Buy1218571241032232I50.0RMBY1608058117112]|hmac[5d9c66ff4a2e6479d2b83ed766071091]
2016-08-05 21:24:28|orderid[Y160805811711]|str[10013629852Buy1218571241032232I50.0RMBY1608058117112]|hmac[5d9c66ff4a2e6479d2b83ed766071091]
2016-08-05 21:29:48|orderid[Y160805108038]|str[10013629852Buy1517275282286204I1000.0RMBY1608051080382]|hmac[8ef018d263f98f0246cbda9285f6bc4e]
2016-08-05 21:32:49|orderid[Y160805108038]|str[10013629852Buy1517275282286204I1000.0RMBY1608051080382]|hmac[8ef018d263f98f0246cbda9285f6bc4e]
2016-08-05 21:38:49|orderid[Y160805108038]|str[10013629852Buy1517275282286204I1000.0RMBY1608051080382]|hmac[8ef018d263f98f0246cbda9285f6bc4e]
2016-08-05 21:51:00|orderid[Y160805646120]|str[10013629852Buy1917529104532352I100.0RMBY1608056461202]|hmac[a92f30e2740cb565764cf4e3db6ad377]
2016-08-05 21:54:01|orderid[Y160805646120]|str[10013629852Buy1917529104532352I100.0RMBY1608056461202]|hmac[a92f30e2740cb565764cf4e3db6ad377]
2016-08-05 22:00:03|orderid[Y160805646120]|str[10013629852Buy1917529104532352I100.0RMBY1608056461202]|hmac[a92f30e2740cb565764cf4e3db6ad377]
2016-08-05 22:07:56|orderid[Y160805745138]|str[10013629852Buy1418416339432272H500.0RMBY1608057451382]|hmac[64a6227bf98602991b02f6ac3d6b3c20]
2016-08-05 22:09:04|orderid[Y160805646120]|str[10013629852Buy1917529104532352I100.0RMBY1608056461202]|hmac[a92f30e2740cb565764cf4e3db6ad377]
2016-08-05 22:10:44|orderid[Y160805374091]|str[10013629852Buy1868792388702302A500.0RMBY1608053740912]|hmac[4e73f9c331da841165ec9606e12099bc]
2016-08-05 22:10:59|orderid[Y160805745138]|str[10013629852Buy1418416339432272H500.0RMBY1608057451382]|hmac[64a6227bf98602991b02f6ac3d6b3c20]
2016-08-05 22:13:47|orderid[Y160805374091]|str[10013629852Buy1868792388702302A500.0RMBY1608053740912]|hmac[4e73f9c331da841165ec9606e12099bc]
2016-08-05 22:19:47|orderid[Y160805374091]|str[10013629852Buy1868792388702302A500.0RMBY1608053740912]|hmac[4e73f9c331da841165ec9606e12099bc]
2016-08-05 22:27:52|orderid[Y160805595138]|str[10013629852Buy1618336496102662G100.0RMBY1608055951382]|hmac[2dc052aadfb4564789139229588387a7]
2016-08-05 22:27:56|orderid[Y160805595138]|str[10013629852Buy1618336496102662G100.0RMBY1608055951381]|hmac[05294272c72b823ec54cb11009fcb808]
2016-08-05 22:28:49|orderid[Y160805374091]|str[10013629852Buy1868792388702302A500.0RMBY1608053740912]|hmac[4e73f9c331da841165ec9606e12099bc]
2016-08-05 22:30:54|orderid[Y160805595138]|str[10013629852Buy1618336496102662G100.0RMBY1608055951382]|hmac[2dc052aadfb4564789139229588387a7]
2016-08-05 22:41:11|orderid[Y160805725625]|str[10013629852Buy1915291206042352I1000.0RMBY1608057256252]|hmac[7b61798b74af6a698c069f4b33a4d100]
2016-08-05 22:44:14|orderid[Y160805725625]|str[10013629852Buy1915291206042352I1000.0RMBY1608057256252]|hmac[7b61798b74af6a698c069f4b33a4d100]
2016-08-06 15:55:35|orderid[Y160806942986]|str[10013629852Buy1418416459251927D150.0RMBY1608069429862]|hmac[bea85bb1369794a100afa342607bdc40]
2016-08-06 15:58:35|orderid[Y160806942986]|str[10013629852Buy1418416459251927D150.0RMBY1608069429862]|hmac[bea85bb1369794a100afa342607bdc40]
2016-08-06 16:04:38|orderid[Y160806942986]|str[10013629852Buy1418416459251927D150.0RMBY1608069429862]|hmac[bea85bb1369794a100afa342607bdc40]
2016-08-06 16:13:39|orderid[Y160806942986]|str[10013629852Buy1418416459251927D150.0RMBY1608069429862]|hmac[bea85bb1369794a100afa342607bdc40]
2016-08-06 16:17:28|orderid[Y160806518117]|str[10013629852Buy1915243252213352I100.0RMBY1608065181172]|hmac[6ffd77144916de985184210675de6a2b]
2016-08-06 16:20:29|orderid[Y160806518117]|str[10013629852Buy1915243252213352I100.0RMBY1608065181172]|hmac[6ffd77144916de985184210675de6a2b]
2016-08-06 16:26:32|orderid[Y160806518117]|str[10013629852Buy1915243252213352I100.0RMBY1608065181172]|hmac[6ffd77144916de985184210675de6a2b]
2016-08-06 16:28:28|orderid[Y160806512181]|str[10013629852Buy1716245271030113I897.0RMBY1608065121812]|hmac[04fb0d0243746f7718091d543a990212]
2016-08-06 16:31:29|orderid[Y160806512181]|str[10013629852Buy1716245271030113I897.0RMBY1608065121812]|hmac[04fb0d0243746f7718091d543a990212]
2016-08-06 16:35:32|orderid[Y160806518117]|str[10013629852Buy1915243252213352I100.0RMBY1608065181172]|hmac[6ffd77144916de985184210675de6a2b]
2016-08-06 16:48:20|orderid[Y160806856022]|str[10013629852Buy1517272285218204I300.0RMBY1608068560222]|hmac[8ca74bc1d845a5282546aec66873539d]
2016-08-06 16:50:39|orderid[Y160806579143]|str[10013629852Buy1119223278690466I103.0RMBY1608065791432]|hmac[9915939a5aaa1db9fa497da489290fa9]
2016-08-06 16:51:21|orderid[Y160806856022]|str[10013629852Buy1517272285218204I300.0RMBY1608068560222]|hmac[8ca74bc1d845a5282546aec66873539d]
2016-08-06 16:53:41|orderid[Y160806579143]|str[10013629852Buy1119223278690466I103.0RMBY1608065791432]|hmac[9915939a5aaa1db9fa497da489290fa9]
2016-08-06 16:57:22|orderid[Y160806856022]|str[10013629852Buy1517272285218204I300.0RMBY1608068560222]|hmac[8ca74bc1d845a5282546aec66873539d]
2016-08-06 16:59:41|orderid[Y160806579143]|str[10013629852Buy1119223278690466I103.0RMBY1608065791432]|hmac[9915939a5aaa1db9fa497da489290fa9]
2016-08-06 17:06:24|orderid[Y160806856022]|str[10013629852Buy1517272285218204I300.0RMBY1608068560222]|hmac[8ca74bc1d845a5282546aec66873539d]
2016-08-06 17:08:47|orderid[Y160806579143]|str[10013629852Buy1119223278690466I103.0RMBY1608065791432]|hmac[9915939a5aaa1db9fa497da489290fa9]
2016-08-06 18:57:25|orderid[Y160806883124]|str[10013629852Buy1517201251138204I400.0RMBY1608068831242]|hmac[c1b5a790af5a536b70185147bc84d9c1]
2016-08-06 19:00:28|orderid[Y160806883124]|str[10013629852Buy1517201251138204I400.0RMBY1608068831242]|hmac[c1b5a790af5a536b70185147bc84d9c1]
2016-08-06 19:01:23|orderid[Y160806619593]|str[10013629852Buy1119262258721466I49.34RMBY1608066195932]|hmac[83f4de6c30c5b27c15b83fa77e7ea577]
2016-08-06 19:01:36|orderid[Y160806619593]|str[10013629852Buy1119262258721466I49.34RMBY1608066195931]|hmac[8ce51c20fe464758a153d341a1daa287]
2016-08-06 19:04:23|orderid[Y160806619593]|str[10013629852Buy1119262258721466I49.34RMBY1608066195932]|hmac[83f4de6c30c5b27c15b83fa77e7ea577]
2016-08-06 19:06:28|orderid[Y160806883124]|str[10013629852Buy1517201251138204I400.0RMBY1608068831242]|hmac[c1b5a790af5a536b70185147bc84d9c1]
2016-08-06 19:10:26|orderid[Y160806619593]|str[10013629852Buy1119262258721466I49.34RMBY1608066195932]|hmac[83f4de6c30c5b27c15b83fa77e7ea577]
2016-08-06 19:15:29|orderid[Y160806883124]|str[10013629852Buy1517201251138204I400.0RMBY1608068831242]|hmac[c1b5a790af5a536b70185147bc84d9c1]
2016-08-06 19:19:27|orderid[Y160806619593]|str[10013629852Buy1119262258721466I49.34RMBY1608066195932]|hmac[83f4de6c30c5b27c15b83fa77e7ea577]
2016-08-06 19:51:45|orderid[Y160806146624]|str[10013629852Buy1618336618522702G200.0RMBY1608061466242]|hmac[b9b138d48bc84f8de388b20a98676877]
2016-08-06 19:54:48|orderid[Y160806146624]|str[10013629852Buy1618336618522702G200.0RMBY1608061466242]|hmac[b9b138d48bc84f8de388b20a98676877]
2016-08-06 20:00:49|orderid[Y160806146624]|str[10013629852Buy1618336618522702G200.0RMBY1608061466242]|hmac[b9b138d48bc84f8de388b20a98676877]
2016-08-06 21:16:20|orderid[Y160806478564]|str[10013629852Buy1868792706812192A20.0RMBY1608064785642]|hmac[df657ce6fb97cf0db6ef889bbdd9cb7d]
2016-08-06 21:19:22|orderid[Y160806478564]|str[10013629852Buy1868792706812192A20.0RMBY1608064785642]|hmac[df657ce6fb97cf0db6ef889bbdd9cb7d]
2016-08-06 21:23:19|orderid[Y160806512033]|str[10013629852Buy1218571487492352I200.0RMBY1608065120332]|hmac[5a65d3eb89c39b2966bff0e4d436c4fe]
2016-08-06 21:25:29|orderid[Y160806478564]|str[10013629852Buy1868792706812192A20.0RMBY1608064785642]|hmac[df657ce6fb97cf0db6ef889bbdd9cb7d]
2016-08-06 21:26:20|orderid[Y160806512033]|str[10013629852Buy1218571487492352I200.0RMBY1608065120332]|hmac[5a65d3eb89c39b2966bff0e4d436c4fe]
2016-08-06 21:30:46|orderid[Y160806436139]|str[10013629852Buy1716267296360113I100.0RMBY1608064361392]|hmac[f616f92bf8e57cbd9871eaec8956ffbf]
2016-08-06 21:32:24|orderid[Y160806512033]|str[10013629852Buy1218571487492352I200.0RMBY1608065120332]|hmac[5a65d3eb89c39b2966bff0e4d436c4fe]
2016-08-06 21:33:47|orderid[Y160806436139]|str[10013629852Buy1716267296360113I100.0RMBY1608064361392]|hmac[f616f92bf8e57cbd9871eaec8956ffbf]
2016-08-06 21:39:48|orderid[Y160806436139]|str[10013629852Buy1716267296360113I100.0RMBY1608064361392]|hmac[f616f92bf8e57cbd9871eaec8956ffbf]
2016-08-06 21:48:49|orderid[Y160806436139]|str[10013629852Buy1716267296360113I100.0RMBY1608064361392]|hmac[f616f92bf8e57cbd9871eaec8956ffbf]
2016-08-06 21:49:41|orderid[Y160806027616]|str[10013629852Buy1868792715662242A50.0RMBY1608060276162]|hmac[f726ada50b568c120aa5b46ed31daaa6]
2016-08-06 21:52:44|orderid[Y160806027616]|str[10013629852Buy1868792715662242A50.0RMBY1608060276162]|hmac[f726ada50b568c120aa5b46ed31daaa6]
2016-08-06 22:02:54|orderid[Y160806157675]|str[10013629852Buy1517211243758204I100.0RMBY1608061576752]|hmac[8da482ab411e2f8a8f0577f07f7bf6f0]
2016-08-06 22:05:55|orderid[Y160806157675]|str[10013629852Buy1517211243758204I100.0RMBY1608061576752]|hmac[8da482ab411e2f8a8f0577f07f7bf6f0]
2016-08-06 22:11:56|orderid[Y160806157675]|str[10013629852Buy1517211243758204I100.0RMBY1608061576752]|hmac[8da482ab411e2f8a8f0577f07f7bf6f0]
2016-08-06 22:20:59|orderid[Y160806157675]|str[10013629852Buy1517211243758204I100.0RMBY1608061576752]|hmac[8da482ab411e2f8a8f0577f07f7bf6f0]
2016-08-06 23:15:26|orderid[Y160806587683]|str[10013629852Buy1618336642082322G500.0RMBY1608065876832]|hmac[ee52ef7f30788ff47b7838baf59f2d17]
2016-08-06 23:18:28|orderid[Y160806587683]|str[10013629852Buy1618336642082322G500.0RMBY1608065876832]|hmac[ee52ef7f30788ff47b7838baf59f2d17]
2016-08-06 23:24:33|orderid[Y160806587683]|str[10013629852Buy1618336642082322G500.0RMBY1608065876832]|hmac[ee52ef7f30788ff47b7838baf59f2d17]
2016-08-06 23:33:34|orderid[Y160806587683]|str[10013629852Buy1618336642082322G500.0RMBY1608065876832]|hmac[ee52ef7f30788ff47b7838baf59f2d17]
2016-08-07 00:01:17|orderid[Y160807136396]|str[10013629852Buy1317262292286364I503.0RMBY1608071363962]|hmac[c0fed71e79841342588f34e6e7047178]
2016-08-07 00:04:18|orderid[Y160807136396]|str[10013629852Buy1317262292286364I503.0RMBY1608071363962]|hmac[c0fed71e79841342588f34e6e7047178]
2016-08-07 00:10:22|orderid[Y160807136396]|str[10013629852Buy1317262292286364I503.0RMBY1608071363962]|hmac[c0fed71e79841342588f34e6e7047178]
2016-08-07 00:18:25|orderid[Y160807874640]|str[10013629852Buy1716252283970113I500.0RMBY1608078746402]|hmac[ab0e91a6290cf0de61dfe330e5f200fb]
2016-08-07 00:19:24|orderid[Y160807136396]|str[10013629852Buy1317262292286364I503.0RMBY1608071363962]|hmac[c0fed71e79841342588f34e6e7047178]
2016-08-07 00:21:27|orderid[Y160807874640]|str[10013629852Buy1716252283970113I500.0RMBY1608078746402]|hmac[ab0e91a6290cf0de61dfe330e5f200fb]
2016-08-07 00:27:28|orderid[Y160807874640]|str[10013629852Buy1716252283970113I500.0RMBY1608078746402]|hmac[ab0e91a6290cf0de61dfe330e5f200fb]
2016-08-07 00:36:29|orderid[Y160807874640]|str[10013629852Buy1716252283970113I500.0RMBY1608078746402]|hmac[ab0e91a6290cf0de61dfe330e5f200fb]
2016-08-07 10:00:11|orderid[Y160807629447]|str[10013629852Buy1818276150121025J100.0RMBY1608076294472]|hmac[4f32e321ff65385f73de4a4bf9d9dcf7]
2016-08-07 10:00:23|orderid[Y160807629447]|str[10013629852Buy1818276150121025J100.0RMBY1608076294471]|hmac[777bcfb5722e11e6acd5b4ef0082c79a]
2016-08-07 10:03:13|orderid[Y160807629447]|str[10013629852Buy1818276150121025J100.0RMBY1608076294472]|hmac[4f32e321ff65385f73de4a4bf9d9dcf7]
2016-08-07 10:09:14|orderid[Y160807629447]|str[10013629852Buy1818276150121025J100.0RMBY1608076294472]|hmac[4f32e321ff65385f73de4a4bf9d9dcf7]
2016-08-07 10:18:17|orderid[Y160807629447]|str[10013629852Buy1818276150121025J100.0RMBY1608076294472]|hmac[4f32e321ff65385f73de4a4bf9d9dcf7]
2016-08-07 12:59:17|orderid[Y160807857467]|str[10013629852Buy1818276167922702F100.0RMBY1608078574672]|hmac[71129b802145fd8aef3205edb77453bf]
2016-08-07 13:00:56|orderid[Y160807933160]|str[10013629852Buy1517222237339204I500.0RMBY1608079331602]|hmac[90d836431be8910f28116b5b12513469]
2016-08-07 13:02:20|orderid[Y160807857467]|str[10013629852Buy1818276167922702F100.0RMBY1608078574672]|hmac[71129b802145fd8aef3205edb77453bf]
2016-08-07 13:03:58|orderid[Y160807933160]|str[10013629852Buy1517222237339204I500.0RMBY1608079331602]|hmac[90d836431be8910f28116b5b12513469]
2016-08-07 13:09:59|orderid[Y160807933160]|str[10013629852Buy1517222237339204I500.0RMBY1608079331602]|hmac[90d836431be8910f28116b5b12513469]
2016-08-07 13:19:00|orderid[Y160807933160]|str[10013629852Buy1517222237339204I500.0RMBY1608079331602]|hmac[90d836431be8910f28116b5b12513469]
2016-08-07 13:30:50|orderid[Y160807261951]|str[10013629852Buy1915291209393352I20.0RMBY1608072619512]|hmac[8f787f6fa485c2e71a450039a9621a9d]
2016-08-07 13:33:51|orderid[Y160807261951]|str[10013629852Buy1915291209393352I20.0RMBY1608072619512]|hmac[8f787f6fa485c2e71a450039a9621a9d]
2016-08-07 13:39:52|orderid[Y160807261951]|str[10013629852Buy1915291209393352I20.0RMBY1608072619512]|hmac[8f787f6fa485c2e71a450039a9621a9d]
2016-08-07 13:48:55|orderid[Y160807261951]|str[10013629852Buy1915291209393352I20.0RMBY1608072619512]|hmac[8f787f6fa485c2e71a450039a9621a9d]
2016-08-07 14:13:33|orderid[Y160807742065]|str[10013629852Buy1915271265793352I12.0RMBY1608077420652]|hmac[18d0cd77080e9711d2436eecebda3eab]
2016-08-07 14:16:37|orderid[Y160807742065]|str[10013629852Buy1915271265793352I12.0RMBY1608077420652]|hmac[18d0cd77080e9711d2436eecebda3eab]
2016-08-07 14:18:16|orderid[Y160807808394]|str[10013629852Buy1218571618691528J8.0RMBY1608078083942]|hmac[27ebc6d520623cd6a6dd4c3d45699c60]
2016-08-07 14:21:17|orderid[Y160807808394]|str[10013629852Buy1218571618691528J8.0RMBY1608078083942]|hmac[27ebc6d520623cd6a6dd4c3d45699c60]
2016-08-07 14:22:39|orderid[Y160807742065]|str[10013629852Buy1915271265793352I12.0RMBY1608077420652]|hmac[18d0cd77080e9711d2436eecebda3eab]
2016-08-07 14:24:39|orderid[Y160807607758]|str[10013629852Buy1618336707622302G100.0RMBY1608076077582]|hmac[d41e9e66fe3d690109e94a1765cf930f]
2016-08-07 14:24:52|orderid[Y160807607758]|str[10013629852Buy1618336707622302G100.0RMBY1608076077581]|hmac[8322d7fba4f5f7f69665b663fc5710fe]
2016-08-07 14:27:18|orderid[Y160807808394]|str[10013629852Buy1218571618691528J8.0RMBY1608078083942]|hmac[27ebc6d520623cd6a6dd4c3d45699c60]
2016-08-07 14:27:41|orderid[Y160807607758]|str[10013629852Buy1618336707622302G100.0RMBY1608076077582]|hmac[d41e9e66fe3d690109e94a1765cf930f]
2016-08-07 14:31:40|orderid[Y160807742065]|str[10013629852Buy1915271265793352I12.0RMBY1608077420652]|hmac[18d0cd77080e9711d2436eecebda3eab]
2016-08-07 14:33:42|orderid[Y160807607758]|str[10013629852Buy1618336707622302G100.0RMBY1608076077582]|hmac[d41e9e66fe3d690109e94a1765cf930f]
2016-08-07 14:36:20|orderid[Y160807808394]|str[10013629852Buy1218571618691528J8.0RMBY1608078083942]|hmac[27ebc6d520623cd6a6dd4c3d45699c60]
2016-08-07 14:42:44|orderid[Y160807607758]|str[10013629852Buy1618336707622302G100.0RMBY1608076077582]|hmac[d41e9e66fe3d690109e94a1765cf930f]
2016-08-07 15:15:36|orderid[Y160807026409]|str[10013629852Buy1716292222041113I500.0RMBY1608070264092]|hmac[d984a2ef8f57c3fbed30bbc69a9ca930]
2016-08-07 15:15:52|orderid[Y160807026409]|str[10013629852Buy1716292222041113I500.0RMBY1608070264091]|hmac[260652e6eb16485411f2c9fe438f0c27]
2016-08-07 15:18:38|orderid[Y160807026409]|str[10013629852Buy1716292222041113I500.0RMBY1608070264092]|hmac[d984a2ef8f57c3fbed30bbc69a9ca930]
2016-08-07 15:24:39|orderid[Y160807026409]|str[10013629852Buy1716292222041113I500.0RMBY1608070264092]|hmac[d984a2ef8f57c3fbed30bbc69a9ca930]
2016-08-07 15:33:42|orderid[Y160807026409]|str[10013629852Buy1716292222041113I500.0RMBY1608070264092]|hmac[d984a2ef8f57c3fbed30bbc69a9ca930]
2016-08-07 16:01:13|orderid[Y160807847116]|str[10013629852Buy1716295221541113I498.0RMBY1608078471162]|hmac[2ad9b78b8d3ecfc5d9e602ba107d18fd]
2016-08-07 16:04:19|orderid[Y160807847116]|str[10013629852Buy1716295221541113I498.0RMBY1608078471162]|hmac[2ad9b78b8d3ecfc5d9e602ba107d18fd]
2016-08-07 16:10:22|orderid[Y160807847116]|str[10013629852Buy1716295221541113I498.0RMBY1608078471162]|hmac[2ad9b78b8d3ecfc5d9e602ba107d18fd]
2016-08-07 16:19:24|orderid[Y160807847116]|str[10013629852Buy1716295221541113I498.0RMBY1608078471162]|hmac[2ad9b78b8d3ecfc5d9e602ba107d18fd]
2016-08-07 16:40:51|orderid[Y160807048664]|str[10013629852Buy1716295221941113I500.0RMBY1608070486642]|hmac[bd7ad49532dc0b5f3b91f24d280e7a00]
2016-08-07 16:43:53|orderid[Y160807048664]|str[10013629852Buy1716295221941113I500.0RMBY1608070486642]|hmac[bd7ad49532dc0b5f3b91f24d280e7a00]
2016-08-07 16:49:54|orderid[Y160807048664]|str[10013629852Buy1716295221941113I500.0RMBY1608070486642]|hmac[bd7ad49532dc0b5f3b91f24d280e7a00]
2016-08-07 16:51:07|orderid[Y160807159675]|str[10013629852Buy1119203239743466I100.0RMBY1608071596752]|hmac[2d034e488bd6b2468cfb88c387a10ab7]
2016-08-07 16:54:09|orderid[Y160807159675]|str[10013629852Buy1119203239743466I100.0RMBY1608071596752]|hmac[2d034e488bd6b2468cfb88c387a10ab7]
2016-08-07 16:54:52|orderid[Y160807441092]|str[10013629852Buy1618336724701626F100.0RMBY1608074410922]|hmac[9045a96a0fd9cfb491f01b93afbc9d72]
2016-08-07 16:57:52|orderid[Y160807441092]|str[10013629852Buy1618336724701626F100.0RMBY1608074410922]|hmac[9045a96a0fd9cfb491f01b93afbc9d72]
2016-08-07 16:58:56|orderid[Y160807048664]|str[10013629852Buy1716295221941113I500.0RMBY1608070486642]|hmac[bd7ad49532dc0b5f3b91f24d280e7a00]
2016-08-07 17:00:09|orderid[Y160807159675]|str[10013629852Buy1119203239743466I100.0RMBY1608071596752]|hmac[2d034e488bd6b2468cfb88c387a10ab7]
2016-08-07 17:03:54|orderid[Y160807441092]|str[10013629852Buy1618336724701626F100.0RMBY1608074410922]|hmac[9045a96a0fd9cfb491f01b93afbc9d72]
2016-08-07 18:28:32|orderid[Y160807541580]|str[10013629852Buy1218571667662142I20.0RMBY1608075415802]|hmac[1c5ef3531da2c7e5ae802d5079afe117]
2016-08-07 18:31:33|orderid[Y160807541580]|str[10013629852Buy1218571667662142I20.0RMBY1608075415802]|hmac[1c5ef3531da2c7e5ae802d5079afe117]
2016-08-07 18:37:34|orderid[Y160807541580]|str[10013629852Buy1218571667662142I20.0RMBY1608075415802]|hmac[1c5ef3531da2c7e5ae802d5079afe117]
2016-08-07 19:47:36|orderid[Y160807239997]|str[10013629852Buy1618336744472452G8.0RMBY1608072399972]|hmac[fd0c05e2a872f280a23c5d1f99e68d08]
2016-08-07 19:49:00|orderid[Y160807800314]|str[10013629852Buy1218571682781828J8.0RMBY1608078003142]|hmac[3a841222b31c14956f319f0ebad4b586]
2016-08-07 19:49:04|orderid[Y160807800314]|str[10013629852Buy1218571682781828J8.0RMBY1608078003141]|hmac[6d114664192ed3859d54168e42dd3993]
2016-08-07 19:50:39|orderid[Y160807239997]|str[10013629852Buy1618336744472452G8.0RMBY1608072399972]|hmac[fd0c05e2a872f280a23c5d1f99e68d08]
2016-08-07 19:52:03|orderid[Y160807800314]|str[10013629852Buy1218571682781828J8.0RMBY1608078003142]|hmac[3a841222b31c14956f319f0ebad4b586]
2016-08-07 19:58:04|orderid[Y160807800314]|str[10013629852Buy1218571682781828J8.0RMBY1608078003142]|hmac[3a841222b31c14956f319f0ebad4b586]
2016-08-07 20:43:45|orderid[Y160807951171]|str[10013629852Buy1118921107004466I150.0RMBY1608079511712]|hmac[b85f44c24d8acf4cce13d8dd790ebc4c]
2016-08-07 20:46:47|orderid[Y160807951171]|str[10013629852Buy1118921107004466I150.0RMBY1608079511712]|hmac[b85f44c24d8acf4cce13d8dd790ebc4c]
2016-08-07 20:52:49|orderid[Y160807951171]|str[10013629852Buy1118921107004466I150.0RMBY1608079511712]|hmac[b85f44c24d8acf4cce13d8dd790ebc4c]
2016-08-07 21:04:23|orderid[Y160807767516]|str[10013629852Buy1317271220038364I20.0RMBY1608077675162]|hmac[9b37d9bb8480e57844df163d04128c37]
2016-08-07 21:04:36|orderid[Y160807767516]|str[10013629852Buy1317271220038364I20.0RMBY1608077675161]|hmac[6fe38b33a6c376f18d8077a7afbee9b1]
2016-08-07 21:07:23|orderid[Y160807767516]|str[10013629852Buy1317271220038364I20.0RMBY1608077675162]|hmac[9b37d9bb8480e57844df163d04128c37]
2016-08-07 21:07:36|orderid[]|str[10013629852]|hmac[658a4715c9bdcaccd5c773e751224485]
2016-08-07 21:07:36|orderid[]|str[10013629852]|hmac[658a4715c9bdcaccd5c773e751224485]
2016-08-07 21:07:36|orderid[]|str[10013629852]|hmac[658a4715c9bdcaccd5c773e751224485]
2016-08-07 21:13:24|orderid[Y160807767516]|str[10013629852Buy1317271220038364I20.0RMBY1608077675162]|hmac[9b37d9bb8480e57844df163d04128c37]
2016-08-07 22:44:02|orderid[Y160807539499]|str[10013629852Buy1868793024952252A50.0RMBY1608075394992]|hmac[947e061eb2a34b1341028cfbf28f6225]
2016-08-07 22:47:04|orderid[Y160807539499]|str[10013629852Buy1868793024952252A50.0RMBY1608075394992]|hmac[947e061eb2a34b1341028cfbf28f6225]
2016-08-07 23:44:34|orderid[Y160807931759]|str[10013629852Buy1418416680951927D100.0RMBY1608079317592]|hmac[b5363efc5bb661296bc85ef271c99da8]
2016-08-07 23:44:45|orderid[Y160807931759]|str[10013629852Buy1418416680951927D100.0RMBY1608079317591]|hmac[2c71fbb9c076f131284b03ac4ea9fcf5]
2016-08-07 23:44:55|orderid[Y160807931759]|str[10013629852Buy1418416680951927D100.0RMBY1608079317591]|hmac[2c71fbb9c076f131284b03ac4ea9fcf5]
2016-08-07 23:47:35|orderid[Y160807931759]|str[10013629852Buy1418416680951927D100.0RMBY1608079317592]|hmac[b5363efc5bb661296bc85ef271c99da8]
2016-08-07 23:53:38|orderid[Y160807931759]|str[10013629852Buy1418416680951927D100.0RMBY1608079317592]|hmac[b5363efc5bb661296bc85ef271c99da8]
2016-08-08 00:02:38|orderid[Y160807931759]|str[10013629852Buy1418416680951927D100.0RMBY1608079317592]|hmac[b5363efc5bb661296bc85ef271c99da8]
2016-08-08 00:25:45|orderid[Y160808725126]|str[10013629852Buy1118920132344466I1000.0RMBY1608087251262]|hmac[a5de1ba185e30fec12b781b56820bc6e]
2016-08-08 00:28:45|orderid[Y160808725126]|str[10013629852Buy1118920132344466I1000.0RMBY1608087251262]|hmac[a5de1ba185e30fec12b781b56820bc6e]
2016-08-08 00:33:15|orderid[Y160808706771]|str[10013629852Buy1868793046262142A500.0RMBY1608087067712]|hmac[631e70999d786d5afd8ac931b7c67659]
2016-08-08 00:34:46|orderid[Y160808725126]|str[10013629852Buy1118920132344466I1000.0RMBY1608087251262]|hmac[a5de1ba185e30fec12b781b56820bc6e]
2016-08-08 00:36:16|orderid[Y160808706771]|str[10013629852Buy1868793046262142A500.0RMBY1608087067712]|hmac[631e70999d786d5afd8ac931b7c67659]
2016-08-08 00:42:18|orderid[Y160808706771]|str[10013629852Buy1868793046262142A500.0RMBY1608087067712]|hmac[631e70999d786d5afd8ac931b7c67659]
2016-08-08 00:43:49|orderid[Y160808725126]|str[10013629852Buy1118920132344466I1000.0RMBY1608087251262]|hmac[a5de1ba185e30fec12b781b56820bc6e]
2016-08-08 00:51:18|orderid[Y160808706771]|str[10013629852Buy1868793046262142A500.0RMBY1608087067712]|hmac[631e70999d786d5afd8ac931b7c67659]
2016-08-08 03:54:27|orderid[]|str[10013629852]|hmac[658a4715c9bdcaccd5c773e751224485]
2016-08-08 09:29:03|orderid[Y160808719951]|str[10013629852Buy1218571769972312I100.0RMBY1608087199512]|hmac[d9290231732e636c644b8f01ab708b7d]
2016-08-08 09:29:24|orderid[Y160808719951]|str[10013629852Buy1218571769972312I100.0RMBY1608087199511]|hmac[81268e2a9b915bcd20d9ed071715a81f]
2016-08-08 09:32:04|orderid[Y160808719951]|str[10013629852Buy1218571769972312I100.0RMBY1608087199512]|hmac[d9290231732e636c644b8f01ab708b7d]
2016-08-08 09:38:07|orderid[Y160808719951]|str[10013629852Buy1218571769972312I100.0RMBY1608087199512]|hmac[d9290231732e636c644b8f01ab708b7d]
2016-08-08 09:47:09|orderid[Y160808719951]|str[10013629852Buy1218571769972312I100.0RMBY1608087199512]|hmac[d9290231732e636c644b8f01ab708b7d]
2016-08-08 10:28:54|orderid[Y160808163429]|str[10013629852Buy1418416723662202H400.0RMBY1608081634292]|hmac[3b89bf32d60eeb08dab8e14eaec9f4ed]
2016-08-08 10:29:10|orderid[Y160808163429]|str[10013629852Buy1418416723662202H400.0RMBY1608081634291]|hmac[f1b055d08b0a394e59a45dd702174b51]
2016-08-08 10:32:00|orderid[Y160808163429]|str[10013629852Buy1418416723662202H400.0RMBY1608081634292]|hmac[3b89bf32d60eeb08dab8e14eaec9f4ed]
2016-08-08 11:13:41|orderid[Y160808716469]|str[10013629852Buy1917529100674352I50.0RMBY1608087164692]|hmac[5cdfa0a1d1c1824277428e4e6a78a426]
2016-08-08 11:16:45|orderid[Y160808716469]|str[10013629852Buy1917529100674352I50.0RMBY1608087164692]|hmac[5cdfa0a1d1c1824277428e4e6a78a426]
2016-08-08 13:57:17|orderid[Y160808099167]|str[10013629852Buy1915276264294352I100.0RMBY1608080991672]|hmac[7a4f4059a410a9b29b2459d1c4cb7b89]
2016-08-08 14:00:19|orderid[Y160808099167]|str[10013629852Buy1915276264294352I100.0RMBY1608080991672]|hmac[7a4f4059a410a9b29b2459d1c4cb7b89]
2016-08-08 15:16:12|orderid[Y160808156332]|str[10013629852Buy1618336843101626F412.0RMBY1608081563322]|hmac[6a57caeaf281daf2aebd87e47452f94d]
2016-08-08 15:19:14|orderid[Y160808156332]|str[10013629852Buy1618336843101626F412.0RMBY1608081563322]|hmac[6a57caeaf281daf2aebd87e47452f94d]
2016-08-08 15:25:17|orderid[Y160808156332]|str[10013629852Buy1618336843101626F412.0RMBY1608081563322]|hmac[6a57caeaf281daf2aebd87e47452f94d]
2016-08-08 15:34:17|orderid[Y160808156332]|str[10013629852Buy1618336843101626F412.0RMBY1608081563322]|hmac[6a57caeaf281daf2aebd87e47452f94d]
2016-08-08 18:30:51|orderid[Y160808090440]|str[10013629852Buy1418416806972412H500.0RMBY1608080904402]|hmac[a1837eb61a8149fc49c05555e8c582a5]
2016-08-08 18:33:51|orderid[Y160808090440]|str[10013629852Buy1418416806972412H500.0RMBY1608080904402]|hmac[a1837eb61a8149fc49c05555e8c582a5]
2016-08-08 18:39:54|orderid[Y160808090440]|str[10013629852Buy1418416806972412H500.0RMBY1608080904402]|hmac[a1837eb61a8149fc49c05555e8c582a5]
2016-08-08 18:49:50|orderid[Y160808331663]|str[10013629852Buy1517225239341304I50.0RMBY1608083316632]|hmac[0c40ca4a4e10f14f5da73ec86c8ff98b]
2016-08-08 18:50:02|orderid[Y160808331663]|str[10013629852Buy1517225239341304I50.0RMBY1608083316631]|hmac[5ded6a3d0275d9f3f30b8f3bd6e61ecb]
2016-08-08 18:52:52|orderid[Y160808331663]|str[10013629852Buy1517225239341304I50.0RMBY1608083316632]|hmac[0c40ca4a4e10f14f5da73ec86c8ff98b]
2016-08-08 18:53:01|orderid[]|str[10013629852]|hmac[658a4715c9bdcaccd5c773e751224485]
2016-08-08 18:58:54|orderid[Y160808331663]|str[10013629852Buy1517225239341304I50.0RMBY1608083316632]|hmac[0c40ca4a4e10f14f5da73ec86c8ff98b]
2016-08-08 22:27:38|orderid[Y160808402198]|str[10013629852Buy1818276333212492F200.0RMBY1608084021982]|hmac[8ada3e8b3553b53c85393be5669b08e7]
2016-08-08 22:27:56|orderid[Y160808402198]|str[10013629852Buy1818276333212492F200.0RMBY1608084021981]|hmac[97076411f738982e9eef9a7c64b8965a]
2016-08-08 22:30:38|orderid[Y160808402198]|str[10013629852Buy1818276333212492F200.0RMBY1608084021982]|hmac[8ada3e8b3553b53c85393be5669b08e7]
2016-08-08 22:36:41|orderid[Y160808402198]|str[10013629852Buy1818276333212492F200.0RMBY1608084021982]|hmac[8ada3e8b3553b53c85393be5669b08e7]
2016-08-08 22:38:42|orderid[Y160808481901]|str[10013629852Buy1517243219571304I300.0RMBY1608084819012]|hmac[791e800d7f0c29673346d2b2898a515e]
2016-08-08 22:41:43|orderid[Y160808481901]|str[10013629852Buy1517243219571304I300.0RMBY1608084819012]|hmac[791e800d7f0c29673346d2b2898a515e]
2016-08-08 22:45:28|orderid[Y160808047038]|str[10013629852Buy1218571948922362I400.0RMBY1608080470382]|hmac[623e47f8275e6af64a13fb8a9c9855e0]
2016-08-08 22:45:42|orderid[Y160808402198]|str[10013629852Buy1818276333212492F200.0RMBY1608084021982]|hmac[8ada3e8b3553b53c85393be5669b08e7]
2016-08-08 22:47:44|orderid[Y160808481901]|str[10013629852Buy1517243219571304I300.0RMBY1608084819012]|hmac[791e800d7f0c29673346d2b2898a515e]
2016-08-08 22:48:31|orderid[Y160808047038]|str[10013629852Buy1218571948922362I400.0RMBY1608080470382]|hmac[623e47f8275e6af64a13fb8a9c9855e0]
2016-08-08 22:54:32|orderid[Y160808047038]|str[10013629852Buy1218571948922362I400.0RMBY1608080470382]|hmac[623e47f8275e6af64a13fb8a9c9855e0]
2016-08-08 23:00:27|orderid[Y160808435395]|str[10013629852Buy1818276336052432F50.0RMBY1608084353952]|hmac[c0c824632e39d149f2b4a73f6e2598b8]
2016-08-08 23:03:34|orderid[Y160808435395]|str[10013629852Buy1818276336052432F50.0RMBY1608084353952]|hmac[c0c824632e39d149f2b4a73f6e2598b8]
2016-08-08 23:03:34|orderid[Y160808047038]|str[10013629852Buy1218571948922362I400.0RMBY1608080470382]|hmac[623e47f8275e6af64a13fb8a9c9855e0]
2016-08-09 10:48:13|orderid[Y160809944026]|str[10013629852Buy1318729189301464I200.0RMBY1608099440262]|hmac[2566fc16cbba932f849a102c6db6f510]
2016-08-09 10:51:19|orderid[Y160809944026]|str[10013629852Buy1318729189301464I200.0RMBY1608099440262]|hmac[2566fc16cbba932f849a102c6db6f510]
2016-08-09 10:57:22|orderid[Y160809944026]|str[10013629852Buy1318729189301464I200.0RMBY1608099440262]|hmac[2566fc16cbba932f849a102c6db6f510]
2016-08-09 11:06:24|orderid[Y160809944026]|str[10013629852Buy1318729189301464I200.0RMBY1608099440262]|hmac[2566fc16cbba932f849a102c6db6f510]
2016-08-09 16:46:04|orderid[Y160809312707]|str[10013629852Buy1868793586872132A20.0RMBY1608093127072]|hmac[cbc7d6ff10c1cb0c39e72c7131488695]
2016-08-09 16:49:07|orderid[Y160809312707]|str[10013629852Buy1868793586872132A20.0RMBY1608093127072]|hmac[cbc7d6ff10c1cb0c39e72c7131488695]
2016-08-09 16:55:09|orderid[Y160809312707]|str[10013629852Buy1868793586872132A20.0RMBY1608093127072]|hmac[cbc7d6ff10c1cb0c39e72c7131488695]
2016-08-09 20:21:22|orderid[Y160809759190]|str[10013629852Buy1618337031432672G30.0RMBY1608097591902]|hmac[d25b96fdc9cc7343e30f73551d2a91b2]
2016-08-09 20:24:29|orderid[Y160809759190]|str[10013629852Buy1618337031432672G30.0RMBY1608097591902]|hmac[d25b96fdc9cc7343e30f73551d2a91b2]
2016-08-09 20:30:32|orderid[Y160809759190]|str[10013629852Buy1618337031432672G30.0RMBY1608097591902]|hmac[d25b96fdc9cc7343e30f73551d2a91b2]
2016-08-09 20:39:34|orderid[Y160809759190]|str[10013629852Buy1618337031432672G30.0RMBY1608097591902]|hmac[d25b96fdc9cc7343e30f73551d2a91b2]
2016-08-09 20:44:26|orderid[Y160809858604]|str[10013629852Buy1517254201633304I500.0RMBY1608098586042]|hmac[02844a59a3abd345b72f5d0298ae32f2]
2016-08-09 20:44:33|orderid[Y160809858604]|str[10013629852Buy1517254201633304I500.0RMBY1608098586041]|hmac[ae6ea7b3cee35221036a89f7a02749af]
2016-08-09 20:47:27|orderid[Y160809858604]|str[10013629852Buy1517254201633304I500.0RMBY1608098586042]|hmac[02844a59a3abd345b72f5d0298ae32f2]
2016-08-09 20:53:28|orderid[Y160809858604]|str[10013629852Buy1517254201633304I500.0RMBY1608098586042]|hmac[02844a59a3abd345b72f5d0298ae32f2]
2016-08-09 21:02:31|orderid[Y160809858604]|str[10013629852Buy1517254201633304I500.0RMBY1608098586042]|hmac[02844a59a3abd345b72f5d0298ae32f2]
2016-08-09 21:15:49|orderid[Y160809131753]|str[10013629852Buy1119271221769466I200.0RMBY1608091317532]|hmac[5ed9d189d7a1294f74a9ded8c309ce10]
2016-08-09 21:16:23|orderid[Y160809131753]|str[10013629852Buy1119271221769466I200.0RMBY1608091317531]|hmac[bd21619055a2bdc4089dced0feb67e52]
2016-08-09 21:18:53|orderid[Y160809131753]|str[10013629852Buy1119271221769466I200.0RMBY1608091317532]|hmac[5ed9d189d7a1294f74a9ded8c309ce10]
2016-08-09 21:24:57|orderid[Y160809131753]|str[10013629852Buy1119271221769466I200.0RMBY1608091317532]|hmac[5ed9d189d7a1294f74a9ded8c309ce10]
2016-08-09 21:33:58|orderid[Y160809131753]|str[10013629852Buy1119271221769466I200.0RMBY1608091317532]|hmac[5ed9d189d7a1294f74a9ded8c309ce10]
2016-08-09 21:54:46|orderid[Y160809157583]|str[10013629852Buy1868793681212292A30.0RMBY1608091575832]|hmac[3f1b564a289be825812a03fe95b96e55]
2016-08-09 21:57:49|orderid[Y160809157583]|str[10013629852Buy1868793681212292A30.0RMBY1608091575832]|hmac[3f1b564a289be825812a03fe95b96e55]
2016-08-09 23:15:12|orderid[Y160809992631]|str[10013629852Buy1618337052042442G15000.0RMBY1608099926312]|hmac[ce434249223e9b08a9342ada10120357]
2016-08-09 23:15:45|orderid[Y160809992631]|str[10013629852Buy1618337052042442G15000.0RMBY1608099926311]|hmac[c46e72d28f2cb47157ebccb938c83209]
2016-08-09 23:18:17|orderid[Y160809992631]|str[10013629852Buy1618337052042442G15000.0RMBY1608099926312]|hmac[ce434249223e9b08a9342ada10120357]
2016-08-09 23:42:57|orderid[Y160809601294]|str[10013629852Buy1218572209601228J352.0RMBY1608096012942]|hmac[715582d16ca0becb689fae04fb079671]
2016-08-09 23:45:58|orderid[Y160809601294]|str[10013629852Buy1218572209601228J352.0RMBY1608096012942]|hmac[715582d16ca0becb689fae04fb079671]
2016-08-09 23:52:02|orderid[Y160809601294]|str[10013629852Buy1218572209601228J352.0RMBY1608096012942]|hmac[715582d16ca0becb689fae04fb079671]
2016-08-10 00:01:04|orderid[Y160809601294]|str[10013629852Buy1218572209601228J352.0RMBY1608096012942]|hmac[715582d16ca0becb689fae04fb079671]
2016-08-10 02:19:13|orderid[Y160810272545]|str[10013629852Buy1418417044872512H510.0RMBY1608102725452]|hmac[985e33b2d6f66f938cfea755c2be27b7]
2016-08-10 02:19:29|orderid[Y160810272545]|str[10013629852Buy1418417044872512H510.0RMBY1608102725451]|hmac[3c238720a8e7a3b5f314d0fd046c5d49]
2016-08-10 02:22:18|orderid[Y160810272545]|str[10013629852Buy1418417044872512H510.0RMBY1608102725452]|hmac[985e33b2d6f66f938cfea755c2be27b7]
2016-08-10 02:28:18|orderid[Y160810272545]|str[10013629852Buy1418417044872512H510.0RMBY1608102725452]|hmac[985e33b2d6f66f938cfea755c2be27b7]
2016-08-10 02:37:20|orderid[Y160810272545]|str[10013629852Buy1418417044872512H510.0RMBY1608102725452]|hmac[985e33b2d6f66f938cfea755c2be27b7]
2016-08-10 10:51:17|orderid[Y160810577355]|str[10013629852Buy1218572276741028J2600.0RMBY1608105773552]|hmac[618cfbd1e4c477c31a6dc97cb0cdbb79]
2016-08-10 10:51:46|orderid[Y160810577355]|str[10013629852Buy1218572276741028J2600.0RMBY1608105773551]|hmac[c221cf46b24576b10bb9d37e3c3280d7]
2016-08-10 10:54:20|orderid[Y160810577355]|str[10013629852Buy1218572276741028J2600.0RMBY1608105773552]|hmac[618cfbd1e4c477c31a6dc97cb0cdbb79]
2016-08-10 11:04:44|orderid[Y160810958553]|str[10013629852Buy1818276495272152F100.0RMBY1608109585532]|hmac[d4241bb0d9cebdd8ee7d0114f13088e5]
2016-08-10 11:04:56|orderid[Y160810958553]|str[10013629852Buy1818276495272152F100.0RMBY1608109585531]|hmac[5b5c7ccb5998cbed3543f29c8ca4ad0a]
2016-08-10 11:07:48|orderid[Y160810958553]|str[10013629852Buy1818276495272152F100.0RMBY1608109585532]|hmac[d4241bb0d9cebdd8ee7d0114f13088e5]
2016-08-10 11:13:49|orderid[Y160810958553]|str[10013629852Buy1818276495272152F100.0RMBY1608109585532]|hmac[d4241bb0d9cebdd8ee7d0114f13088e5]
2016-08-10 11:22:51|orderid[Y160810958553]|str[10013629852Buy1818276495272152F100.0RMBY1608109585532]|hmac[d4241bb0d9cebdd8ee7d0114f13088e5]
2016-08-10 12:25:44|orderid[Y160810275680]|str[10013629852Buy1915204270007352I50.0RMBY1608102756802]|hmac[8fa6004955f2ec78cd2a0fc6be1bc2e9]
2016-08-10 12:28:47|orderid[Y160810275680]|str[10013629852Buy1915204270007352I50.0RMBY1608102756802]|hmac[8fa6004955f2ec78cd2a0fc6be1bc2e9]
2016-08-10 12:34:47|orderid[Y160810275680]|str[10013629852Buy1915204270007352I50.0RMBY1608102756802]|hmac[8fa6004955f2ec78cd2a0fc6be1bc2e9]
2016-08-10 12:43:49|orderid[Y160810275680]|str[10013629852Buy1915204270007352I50.0RMBY1608102756802]|hmac[8fa6004955f2ec78cd2a0fc6be1bc2e9]
2016-08-10 13:36:32|orderid[Y160810775631]|str[10013629852Buy1716236268315113I114.0RMBY1608107756312]|hmac[4bc6c5ed3c52f8c0b96fb941f9343afe]
2016-08-10 13:36:48|orderid[Y160810775631]|str[10013629852Buy1716236268315113I114.0RMBY1608107756311]|hmac[66eee6d964c46ecd364d306c3f74be73]
2016-08-10 13:39:34|orderid[Y160810775631]|str[10013629852Buy1716236268315113I114.0RMBY1608107756312]|hmac[4bc6c5ed3c52f8c0b96fb941f9343afe]
2016-08-10 13:45:37|orderid[Y160810775631]|str[10013629852Buy1716236268315113I114.0RMBY1608107756312]|hmac[4bc6c5ed3c52f8c0b96fb941f9343afe]
2016-08-10 13:54:39|orderid[Y160810775631]|str[10013629852Buy1716236268315113I114.0RMBY1608107756312]|hmac[4bc6c5ed3c52f8c0b96fb941f9343afe]
2016-08-10 16:46:39|orderid[Y160810451573]|str[10013629852Buy1716203238835113I100.0RMBY1608104515732]|hmac[225e9dded6d29eeb0ce426ccbc1e95a0]
2016-08-10 16:49:43|orderid[Y160810451573]|str[10013629852Buy1716203238835113I100.0RMBY1608104515732]|hmac[225e9dded6d29eeb0ce426ccbc1e95a0]
2016-08-10 16:55:47|orderid[Y160810451573]|str[10013629852Buy1716203238835113I100.0RMBY1608104515732]|hmac[225e9dded6d29eeb0ce426ccbc1e95a0]
2016-08-10 17:04:51|orderid[Y160810451573]|str[10013629852Buy1716203238835113I100.0RMBY1608104515732]|hmac[225e9dded6d29eeb0ce426ccbc1e95a0]
2016-08-10 17:23:34|orderid[Y160810390094]|str[10013629852Buy1618337150112432G0.01RMBY1608103900942]|hmac[ae40e83481e270c0ef0dbe3c984fab68]
2016-08-10 17:23:45|orderid[Y160810390094]|str[10013629852Buy1618337150112432G0.01RMBY1608103900941]|hmac[9da19956e26a20af148599c8011b6ffc]
2016-08-10 17:26:41|orderid[Y160810390094]|str[10013629852Buy1618337150112432G0.01RMBY1608103900942]|hmac[ae40e83481e270c0ef0dbe3c984fab68]
2016-08-10 17:26:56|orderid[]|str[10013629852]|hmac[658a4715c9bdcaccd5c773e751224485]
2016-08-10 17:32:43|orderid[Y160810390094]|str[10013629852Buy1618337150112432G0.01RMBY1608103900942]|hmac[ae40e83481e270c0ef0dbe3c984fab68]
2016-08-10 17:41:45|orderid[Y160810390094]|str[10013629852Buy1618337150112432G0.01RMBY1608103900942]|hmac[ae40e83481e270c0ef0dbe3c984fab68]
2016-08-10 18:03:28|orderid[Y160810214813]|str[10013629852Buy1713629121945113I100.0RMBY1608102148132]|hmac[9dc8b66a7eec19cffcb52d30c27af3da]
2016-08-10 18:06:35|orderid[Y160810214813]|str[10013629852Buy1713629121945113I100.0RMBY1608102148132]|hmac[9dc8b66a7eec19cffcb52d30c27af3da]
2016-08-10 18:12:38|orderid[Y160810214813]|str[10013629852Buy1713629121945113I100.0RMBY1608102148132]|hmac[9dc8b66a7eec19cffcb52d30c27af3da]
2016-08-10 18:21:40|orderid[Y160810214813]|str[10013629852Buy1713629121945113I100.0RMBY1608102148132]|hmac[9dc8b66a7eec19cffcb52d30c27af3da]
2016-08-10 20:06:26|orderid[Y160810594763]|str[10013629852Buy1818276555862742F0.2RMBY1608105947632]|hmac[2f189ac30174eedc8c8aa7ff895e5f55]
2016-08-10 20:06:33|orderid[Y160810594763]|str[10013629852Buy1818276555862742F0.2RMBY1608105947631]|hmac[0f1d64841c007c5f269b1c3313219d68]
2016-08-10 20:09:28|orderid[Y160810594763]|str[10013629852Buy1818276555862742F0.2RMBY1608105947632]|hmac[2f189ac30174eedc8c8aa7ff895e5f55]
2016-08-10 20:15:30|orderid[Y160810594763]|str[10013629852Buy1818276555862742F0.2RMBY1608105947632]|hmac[2f189ac30174eedc8c8aa7ff895e5f55]
2016-08-10 22:41:20|orderid[Y160810612029]|str[10013629852Buy1119271221562566I16000.0RMBY1608106120292]|hmac[faabb0b16b453abf6aac921a9ecc69c6]
2016-08-10 22:44:24|orderid[Y160810612029]|str[10013629852Buy1119271221562566I16000.0RMBY1608106120292]|hmac[faabb0b16b453abf6aac921a9ecc69c6]
2016-08-10 22:50:25|orderid[Y160810612029]|str[10013629852Buy1119271221562566I16000.0RMBY1608106120292]|hmac[faabb0b16b453abf6aac921a9ecc69c6]
2016-08-10 22:54:20|orderid[Y160810436760]|str[10013629852Buy1915292209167352I2000.0RMBY1608104367602]|hmac[37c3aaa72fca1c2fda5bdc3d33c191e1]
2016-08-10 22:54:25|orderid[Y160810647746]|str[10013629852Buy1517202259225304I100.0RMBY1608106477462]|hmac[0b21ac22ea483d8fc4c9784708c4ef1b]
2016-08-10 22:57:20|orderid[Y160810436760]|str[10013629852Buy1915292209167352I2000.0RMBY1608104367602]|hmac[37c3aaa72fca1c2fda5bdc3d33c191e1]
2016-08-10 22:57:28|orderid[Y160810647746]|str[10013629852Buy1517202259225304I100.0RMBY1608106477462]|hmac[0b21ac22ea483d8fc4c9784708c4ef1b]
2016-08-10 23:03:22|orderid[Y160810436760]|str[10013629852Buy1915292209167352I2000.0RMBY1608104367602]|hmac[37c3aaa72fca1c2fda5bdc3d33c191e1]
2016-08-10 23:03:28|orderid[Y160810647746]|str[10013629852Buy1517202259225304I100.0RMBY1608106477462]|hmac[0b21ac22ea483d8fc4c9784708c4ef1b]
2016-08-10 23:12:25|orderid[Y160810436760]|str[10013629852Buy1915292209167352I2000.0RMBY1608104367602]|hmac[37c3aaa72fca1c2fda5bdc3d33c191e1]
2016-08-10 23:12:30|orderid[Y160810647746]|str[10013629852Buy1517202259225304I100.0RMBY1608106477462]|hmac[0b21ac22ea483d8fc4c9784708c4ef1b]
2016-08-10 23:13:30|orderid[Y160810768525]|str[10013629852Buy1868794032911920B100.0RMBY1608107685252]|hmac[d8fa66cca489ab4b22a045c2923d6d2a]
2016-08-10 23:16:30|orderid[Y160810768525]|str[10013629852Buy1868794032911920B100.0RMBY1608107685252]|hmac[d8fa66cca489ab4b22a045c2923d6d2a]
2016-08-11 07:57:40|orderid[Y160811335362]|str[10013629852Buy1118921106803566I40.0RMBY1608113353622]|hmac[c8f2768d75e6eb49ec00b550f660f6d5]
2016-08-11 07:57:51|orderid[Y160811335362]|str[10013629852Buy1118921106803566I40.0RMBY1608113353621]|hmac[3957a9ac2fdd8b30cf9bff8fbd2fdfb8]
2016-08-11 07:58:03|orderid[Y160811335362]|str[10013629852Buy1118921106803566I40.0RMBY1608113353621]|hmac[3957a9ac2fdd8b30cf9bff8fbd2fdfb8]
2016-08-11 08:00:41|orderid[Y160811335362]|str[10013629852Buy1118921106803566I40.0RMBY1608113353622]|hmac[c8f2768d75e6eb49ec00b550f660f6d5]
2016-08-11 15:56:01|orderid[Y160811584549]|str[10013629852Buy1418417309572212H100.0RMBY1608115845492]|hmac[dc3e2f7420ff9f9ad24b2612cb6a4549]
2016-08-11 15:59:04|orderid[Y160811584549]|str[10013629852Buy1418417309572212H100.0RMBY1608115845492]|hmac[dc3e2f7420ff9f9ad24b2612cb6a4549]
2016-08-11 16:05:07|orderid[Y160811584549]|str[10013629852Buy1418417309572212H100.0RMBY1608115845492]|hmac[dc3e2f7420ff9f9ad24b2612cb6a4549]
2016-08-11 16:14:11|orderid[Y160811584549]|str[10013629852Buy1418417309572212H100.0RMBY1608115845492]|hmac[dc3e2f7420ff9f9ad24b2612cb6a4549]
2016-08-11 16:18:53|orderid[Y160811141792]|str[10013629852Buy1917526190038352I500.0RMBY1608111417922]|hmac[962c2db99f4d672276c082670f510576]
2016-08-11 16:21:56|orderid[Y160811141792]|str[10013629852Buy1917526190038352I500.0RMBY1608111417922]|hmac[962c2db99f4d672276c082670f510576]
2016-08-11 16:26:18|orderid[Y160811067039]|str[10013629852Buy1818276647072352F200.0RMBY1608110670392]|hmac[ddbc0ea609f997036596ab165ad90b76]
2016-08-11 16:27:59|orderid[Y160811141792]|str[10013629852Buy1917526190038352I500.0RMBY1608111417922]|hmac[962c2db99f4d672276c082670f510576]
2016-08-11 16:29:21|orderid[Y160811067039]|str[10013629852Buy1818276647072352F200.0RMBY1608110670392]|hmac[ddbc0ea609f997036596ab165ad90b76]
2016-08-11 16:35:23|orderid[Y160811067039]|str[10013629852Buy1818276647072352F200.0RMBY1608110670392]|hmac[ddbc0ea609f997036596ab165ad90b76]
2016-08-11 16:37:09|orderid[Y160811141792]|str[10013629852Buy1917526190038352I500.0RMBY1608111417922]|hmac[962c2db99f4d672276c082670f510576]
2016-08-11 16:40:46|orderid[Y160811065324]|str[10013629852Buy1418417317481227D500.0RMBY1608110653242]|hmac[3e5be69373f61bdd64aa484b6272ba90]
2016-08-11 16:43:02|orderid[Y160811644442]|str[10013629852Buy1317222272165464I30.0RMBY1608116444422]|hmac[583c2d27753b7b270ab5aef719ef8d7d]
2016-08-11 16:43:48|orderid[Y160811065324]|str[10013629852Buy1418417317481227D500.0RMBY1608110653242]|hmac[3e5be69373f61bdd64aa484b6272ba90]
2016-08-11 16:44:27|orderid[Y160811067039]|str[10013629852Buy1818276647072352F200.0RMBY1608110670392]|hmac[ddbc0ea609f997036596ab165ad90b76]
2016-08-11 16:46:03|orderid[Y160811644442]|str[10013629852Buy1317222272165464I30.0RMBY1608116444422]|hmac[583c2d27753b7b270ab5aef719ef8d7d]
2016-08-11 16:49:55|orderid[Y160811065324]|str[10013629852Buy1418417317481227D500.0RMBY1608110653242]|hmac[3e5be69373f61bdd64aa484b6272ba90]
2016-08-11 16:52:05|orderid[Y160811644442]|str[10013629852Buy1317222272165464I30.0RMBY1608116444422]|hmac[583c2d27753b7b270ab5aef719ef8d7d]
2016-08-11 19:13:40|orderid[Y160811878405]|str[10013629852Buy1818276664242122F500.0RMBY1608118784052]|hmac[1e3696ea97dcd95aae6437128865cb1f]
2016-08-11 19:16:41|orderid[Y160811878405]|str[10013629852Buy1818276664242122F500.0RMBY1608118784052]|hmac[1e3696ea97dcd95aae6437128865cb1f]
2016-08-11 19:22:44|orderid[Y160811878405]|str[10013629852Buy1818276664242122F500.0RMBY1608118784052]|hmac[1e3696ea97dcd95aae6437128865cb1f]
2016-08-11 19:31:45|orderid[Y160811878405]|str[10013629852Buy1818276664242122F500.0RMBY1608118784052]|hmac[1e3696ea97dcd95aae6437128865cb1f]