
2016-07-20 15:28:44|orderid[o20160720152844]|str[Buy10001126856o201607201528440.01CNYhttp://localhost:2014/php_yingjie/callback.php07day1]|hmac[70dc2ec7acb6b2ff42fec9a5eb041eb9]
2016-07-20 15:33:15|orderid[o20160720153315]|str[Buy10001126856o201607201533150.01CNYhttp://localhost:2014/php_yingjie/callback.php07day1]|hmac[8a83c0229a96afbd1e30af069d8e8039]
2016-07-20 15:33:15|orderid[o20160720153315]|str[Buy10001126856o201607201533150.01CNYhttp://localhost:2014/php_yingjie/callback.php07day1]|hmac[8a83c0229a96afbd1e30af069d8e8039]
2016-07-20 15:33:22|orderid[o20160720153322]|str[Buy10001126856o201607201533220.01CNYhttp://localhost:2014/php_yingjie/callback.php07day1]|hmac[210b7ef7d654644bfdacb8c29c365cb9]
2016-07-20 15:35:58|orderid[o20160720153558]|str[Buy10001126856o201607201535580.01CNYhttp://localhost:2014/php_yingjie/callback.php07day1]|hmac[a82e5dc7120e68a1217712a6a395cc50]
2016-07-20 15:42:00|orderid[o20160720154200]|str[Buy10001126856o201607201542000.01CNYhttp://localhost:2014/php_yingjie/callback.php07day1]|hmac[31a96d938136f2f62ca3873ae1feefa8]
2016-07-20 15:48:51|orderid[o20160720154851]|str[Buy10001126856o201607201548510.01CNYhttp://localhost:2014/php_yingjie/callback.php07day1]|hmac[ada511473349a3fc12c5da0d5b07f949]
2016-07-22 11:25:37|orderid[o20160722112537]|str[Buy10013629852o201607221125370.01CNYhttp://localhost:2014/php_yingjie/callback.php07day1]|hmac[3e1a1b4fda58f506b054a7dd72fef54d]
2016-07-22 11:29:52|orderid[o20160722112952]|str[Buy10013629852o201607221129520.01CNYhttp://localhost:2014/php_yingjie/callback.php07day1]|hmac[58189601028474c8752387b0a8fa54cb]
2016-07-22 11:29:53|orderid[o20160722112953]|str[Buy10013629852o201607221129530.01CNYhttp://localhost:2014/php_yingjie/callback.php07day1]|hmac[cde695f1e09b4c50b559a0bc25bb0374]
2016-07-22 11:29:53|orderid[o20160722112953]|str[Buy10013629852o201607221129530.01CNYhttp://localhost:2014/php_yingjie/callback.php07day1]|hmac[cde695f1e09b4c50b559a0bc25bb0374]
2016-07-22 11:37:31|orderid[o20160722113731]|str[Buy10013629852o201607221137310.01CNYhttp://localhost:2014/php_yingjie/callback.php07day1]|hmac[43ec1b2037445b06051bbc35d16ddf00]
2016-07-22 11:38:05|orderid[o20160722113805]|str[Buy10013629852o201607221138050.01CNYhttp://localhost:2014/php_yingjie/callback.php07day1]|hmac[08704685a5eadc183bfda19482da0365]
2016-07-22 11:38:58|orderid[o20160722113858]|str[Buy10013629852o201607221138580.01CNYhttp://localhost:2014/php_yingjie/callback.php07day1]|hmac[18360c409f56e619371debbadb978add]
2016-07-22 11:42:47|orderid[o20160722114247]|str[Buy10013629852o201607221142470.01CNYhttp://localhost:2014/php_yingjie/callback.php07day1]|hmac[6294d725c18e5729bd8233a07b405de2]
2016-07-22 11:43:07|orderid[o20160722114307]|str[Buy10013629852o201607221143070.01CNYhttp://localhost:2014/php_yingjie/callback.php07day1]|hmac[75ef1d0764bda143e0b3ed20d1802906]
2016-07-22 11:43:24|orderid[o20160722114324]|str[Buy10013629852o201607221143240.01CNYhttp://localhost:2014/php_yingjie/callback.php07day1]|hmac[82f6dd8bb22ed9edf3e00c544cfe1675]
2016-07-22 11:52:33|orderid[o20160722115233]|str[Buy10013629852o201607221152330.01CNYhttp://localhost:2014/php_yingjie/callback.php07day1]|hmac[7b46ef5ddbe6e6e1a5d378aff24a122b]
2016-07-22 14:41:50|orderid[]|str[Buy10013629852CNYhttp://www.zhiying365.com/account/yeepay_return.php07day1]|hmac[a78c2dd1e6f4e2b995fb4632bbe483e8]
2016-07-22 14:43:50|orderid[]|str[Buy1001362985220.1CNYhttp://www.zhiying365.com/account/yeepay_return.php07day1]|hmac[27e8586e5de67ce28a24888f969b1da4]
2016-07-22 14:44:10|orderid[]|str[Buy100136298520.12CNYhttp://www.zhiying365.com/account/yeepay_return.php07day1]|hmac[62091d1952de577684200cdd7e395e82]
2016-07-22 14:48:30|orderid[]|str[Buy1001362985250CNYhttp://www.zhiying365.com/account/yeepay_return.php07day1]|hmac[44465d7aedb71d34e67e80d7b5d5ba2d]
2016-07-22 14:49:44|orderid[]|str[Buy100136298520.12CNYhttp://www.zhiying365.com/account/yeepay_return.php07day1]|hmac[62091d1952de577684200cdd7e395e82]
2016-07-22 14:52:37|orderid[yeepay_95303145]|str[10013629852Buy1119211208499956I0.12RMByeepay_953031451]|hmac[bbe6359f6a09cfa7741098c116f01740]
2016-07-22 14:54:39|orderid[]|str[10013629852]|hmac[658a4715c9bdcaccd5c773e751224485]
2016-07-22 14:55:03|orderid[]|str[10013629852]|hmac[658a4715c9bdcaccd5c773e751224485]
2016-07-22 14:55:12|orderid[]|str[10013629852]|hmac[658a4715c9bdcaccd5c773e751224485]
2016-07-22 14:55:24|orderid[yeepay_95303145]|str[10013629852Buy1119211208499956I0.12RMByeepay_953031451]|hmac[bbe6359f6a09cfa7741098c116f01740]
2016-07-22 14:55:28|orderid[]|str[10013629852]|hmac[658a4715c9bdcaccd5c773e751224485]
2016-07-22 14:56:02|orderid[yeepay_95303145]|str[10013629852Buy1119211208499956I0.12RMByeepay_953031451]|hmac[bbe6359f6a09cfa7741098c116f01740]
2016-07-22 14:56:12|orderid[]|str[10013629852]|hmac[658a4715c9bdcaccd5c773e751224485]
2016-07-22 14:57:31|orderid[]|str[Buy100136298520.11CNYhttp://www.zhiying365.com/account/yeepay_return.php07day1]|hmac[8b021e7a809207c4200799262f5670ca]
2016-07-22 14:58:43|orderid[yeepay_95303310]|str[10013629852Buy1716272205211903I0.11RMByeepay_953033101]|hmac[884b93ff3ee9330b1b8a74a1adf84d00]
2016-07-22 14:58:50|orderid[yeepay_95303310]|str[10013629852Buy1716272205211903I0.11RMByeepay_953033101]|hmac[884b93ff3ee9330b1b8a74a1adf84d00]
2016-07-22 14:59:12|orderid[]|str[10013629852]|hmac[658a4715c9bdcaccd5c773e751224485]
2016-07-22 14:59:20|orderid[]|str[10013629852]|hmac[658a4715c9bdcaccd5c773e751224485]
2016-07-22 14:59:20|orderid[]|str[10013629852]|hmac[658a4715c9bdcaccd5c773e751224485]
2016-07-22 15:00:40|orderid[]|str[Buy100136298520.01CNYhttp://www.zhiying365.com/account/yeepay_return.php07day1]|hmac[58539b2859362262dbc216f9c074ec56]
2016-07-22 15:01:23|orderid[yeepay_95303380]|str[10013629852Buy1317202211357064I0.01RMByeepay_953033801]|hmac[053a004480e0f92259e537661e28f3ea]
2016-07-22 15:01:51|orderid[yeepay_95303380]|str[10013629852Buy1317202211357064I0.01RMByeepay_953033801]|hmac[053a004480e0f92259e537661e28f3ea]
2016-07-22 15:02:03|orderid[]|str[10013629852]|hmac[658a4715c9bdcaccd5c773e751224485]
2016-07-22 15:02:14|orderid[]|str[10013629852]|hmac[658a4715c9bdcaccd5c773e751224485]
2016-07-22 15:02:15|orderid[]|str[10013629852]|hmac[658a4715c9bdcaccd5c773e751224485]
2016-07-22 15:02:18|orderid[]|str[10013629852]|hmac[658a4715c9bdcaccd5c773e751224485]
2016-07-22 15:03:04|orderid[]|str[Buy100136298520.01CNYhttp://www.zhiying365.com/account/yeepay_return.php07day1]|hmac[58539b2859362262dbc216f9c074ec56]
2016-07-22 15:03:44|orderid[yeepay_95303420]|str[10013629852Buy1868787739962142A0.01RMByeepay_953034201]|hmac[eba95e3c1370579acf3d0474f1173dae]
2016-07-22 15:33:04|orderid[]|str[Buy100136298520.02CNYhttp://www.zhiying365.com/account/yeepay_return.php07day1]|hmac[4683c23e329557e09b40ef9dba5a4694]
2016-07-22 15:33:46|orderid[yeepay_95304008]|str[10013629852Buy1517284275133004I0.02RMByeepay_953040081]|hmac[61fe330dbae899b14ed973ca84df1ebd]
2016-07-22 15:34:53|orderid[yeepay_95304008]|str[10013629852Buy1517284275133004I0.02RMByeepay_953040081]|hmac[61fe330dbae899b14ed973ca84df1ebd]
2016-07-22 15:35:01|orderid[yeepay_95304008]|str[10013629852Buy1517284275133004I0.02RMByeepay_953040081]|hmac[61fe330dbae899b14ed973ca84df1ebd]
2016-07-22 15:35:03|orderid[]|str[10013629852]|hmac[658a4715c9bdcaccd5c773e751224485]
2016-07-22 15:35:10|orderid[]|str[10013629852]|hmac[658a4715c9bdcaccd5c773e751224485]
2016-07-22 15:35:11|orderid[]|str[10013629852]|hmac[658a4715c9bdcaccd5c773e751224485]
2016-07-22 15:35:12|orderid[]|str[10013629852]|hmac[658a4715c9bdcaccd5c773e751224485]
2016-07-22 15:35:15|orderid[]|str[10013629852]|hmac[658a4715c9bdcaccd5c773e751224485]
2016-07-22 15:35:53|orderid[]|str[Buy100136298520.01CNYhttp://www.zhiying365.com/account/yeepay_return.php07day1]|hmac[58539b2859362262dbc216f9c074ec56]
2016-07-22 15:38:10|orderid[]|str[Buy100136298520.01CNYhttp://www.zhiying365.com/account/yeepay_return.php07day1]|hmac[58539b2859362262dbc216f9c074ec56]
2016-07-22 15:38:55|orderid[yeepay_95304097]|str[10013629852Buy1418413902982122H0.01RMByeepay_953040971]|hmac[2bb73498d9f3e52a5f183c2d3f570f85]
2016-07-22 15:40:12|orderid[yeepay_95304097]|str[10013629852Buy1418413902982122H0.01RMByeepay_953040971]|hmac[2bb73498d9f3e52a5f183c2d3f570f85]
2016-07-22 15:40:15|orderid[]|str[10013629852]|hmac[658a4715c9bdcaccd5c773e751224485]
2016-07-22 15:56:41|orderid[]|str[Buy100136298520.01CNYhttp://www.zhiying365.com/account/yeepay_return.php07day1]|hmac[58539b2859362262dbc216f9c074ec56]
2016-07-22 15:57:24|orderid[yeepay_95304480]|str[10013629852Buy1868787756732172A0.01RMByeepay_953044801]|hmac[51fa02139e6a350fc51e78651eedc2eb]
2016-07-22 15:58:05|orderid[yeepay_95304480]|str[10013629852Buy1868787756732172A0.01RMByeepay_953044801]|hmac[51fa02139e6a350fc51e78651eedc2eb]
2016-07-22 16:02:14|orderid[]|str[Buy100136298520.01CNYhttp://www.zhiying365.com/account/yeepay_return.php07day1]|hmac[58539b2859362262dbc216f9c074ec56]
2016-07-22 16:03:06|orderid[yeepay_95304587]|str[10013629852Buy1868787758512292A0.01RMByeepay_953045871]|hmac[dcc8298af463e407a3c94773f151146b]
2016-07-22 16:03:44|orderid[Y160722242575]|str[Buy10013629852Y1607222425750.01CNYhttp://www.zhiying365.com/account/yeepay_return.php07day1]|hmac[a06e32746f14632e2ad9ef6cd884e890]
2016-07-22 16:04:22|orderid[Y160722242575]|str[10013629852Buy1218567919282382I0.01RMBY1607222425751]|hmac[471634eac8d20b1c33bfe559ca0fc4a3]
2016-07-22 16:04:41|orderid[Y160722242575]|str[10013629852Buy1218567919282382I0.01RMBY1607222425751]|hmac[471634eac8d20b1c33bfe559ca0fc4a3]
2016-07-22 16:04:44|orderid[]|str[10013629852]|hmac[658a4715c9bdcaccd5c773e751224485]
2016-07-22 16:04:55|orderid[Y160722612706]|str[Buy10013629852Y1607226127060.01CNYhttp://www.zhiying365.com/account/yeepay_return.php07day1]|hmac[151699c592c5c766c5c29ed463fdc447]
2016-07-22 16:05:36|orderid[Y160722612706]|str[10013629852Buy1915201271857152I0.01RMBY1607226127061]|hmac[26020dacb654d4c24ca7b5a9f5e6c70d]
2016-07-22 16:06:14|orderid[Y160722010644]|str[Buy10013629852Y1607220106440.12CNYhttp://www.zhiying365.com/account/yeepay_return.php07day1]|hmac[0021d014d990e9ff5709dbef46f8ec73]
2016-07-22 16:06:56|orderid[Y160722010644]|str[10013629852Buy1218567919912392I0.12RMBY1607220106441]|hmac[a77f2e0fce31fe7cc11b809e3983589c]
2016-07-22 16:07:49|orderid[Y160722777837]|str[Buy10013629852Y1607227778370.03CNYhttp://www.zhiying365.com/account/yeepay_return.php07day1]|hmac[b62585322e00ff43a824f09c1347f07d]
2016-07-22 16:08:41|orderid[Y160722777837]|str[10013629852Buy1716217241121903I0.03RMBY1607227778371]|hmac[d3aaba3b2cdd98930067b8f5c6d91909]
2016-07-22 16:13:17|orderid[Y160722717518]|str[Buy10013629852Y1607227175180.02CNYhttp://www.zhiying365.com/account/yeepay_return.php07day1]|hmac[ed6316ced02ec1e82b6919f450ac328e]
2016-07-22 16:13:53|orderid[Y160722717518]|str[10013629852Buy1818274389062742F0.02RMBY1607227175181]|hmac[5f7f10273125f10a0f02f01f90cbfc85]
2016-07-22 16:17:11|orderid[Y160722710296]|str[Buy10013629852Y1607227102961CNYhttp://www.zhiying365.com/account/yeepay_return.php07day1]|hmac[8213d94147b01ade28fed23716d2f391]
2016-07-22 17:00:56|orderid[Y160722226908]|str[Buy10013629852Y1607222269081CNYhttp://www.zhiying365.com/account/yeepay_return.php07day1]|hmac[d45b3d9690ea6576fad8aa2e4416cb3f]
2016-07-22 17:01:27|orderid[Y160722869690]|str[Buy10013629852Y1607228696900.02CNYhttp://www.zhiying365.com/account/yeepay_return.php07day1]|hmac[338c6afd719ab8aa3c9d30c53c0968b6]
2016-07-22 17:02:24|orderid[Y160722066036]|str[Buy10013629852Y1607220660360.02CNYhttp://www.zhiying365.com/account/yeepay_return.php07day1]|hmac[d64f53a0d8874d7c8e2b6c6c38a0d8c0]
2016-07-22 17:13:09|orderid[Y160722726455]|str[Buy10013629852Y1607227264550.22CNYhttp://www.zhiying365.com/account/yeepay_return.php07day1]|hmac[b113fbb1c3042587dfcb89524056ec62]
2016-07-22 17:25:54|orderid[Y160722435918]|str[Buy10013629852Y1607224359180.03CNYhttp://www.zhiying365.com/account/yeepay_return.php07day1]|hmac[2ba415791b3d30a38933da8de8fddb63]
2016-07-22 17:26:39|orderid[Y160722767791]|str[Buy10013629852Y1607227677910.03CNYhttp://www.zhiying365.com/account/yeepay_return.php07day1]|hmac[00b5954d0f12a5efb39c37f67bd1aac2]
2016-07-22 17:27:42|orderid[Y160722767791]|str[10013629852Buy1818274397282562F0.03RMBY1607227677911]|hmac[4a374b154bd3673514281bf7d41cc9e7]
2016-07-22 17:31:02|orderid[Y160722114147]|str[Buy10013629852Y1607221141470.01CNYhttp://www.zhiying365.com/account/yeepay_return.php07day1]|hmac[d37db0428ddbeae570e22d9c0532e54b]
2016-07-22 17:33:07|orderid[Y160722114147]|str[10013629852Buy1868787787022182A0.01RMBY1607221141471]|hmac[a49a660c228985379a5264fdf248103c]
2016-07-22 17:34:22|orderid[Y160722095846]|str[Buy10013629852Y1607220958460.02CNYhttp://www.zhiying365.com/account/yeepay_return.php07day1]|hmac[d8f9151f525bf3aaf7ac87cb865a0dc3]
2016-07-22 17:40:26|orderid[Y160722536810]|str[Buy10013629852Y1607225368100.03CNYhttp://www.zhiying365.com/account/yeepay_return.php07day1]|hmac[e13393756b55b278c86aa5bbb0757f4d]
2016-07-22 17:42:48|orderid[Y160722536810]|str[10013629852Buy1517201252253004I0.03RMBY1607225368101]|hmac[d5f4fde64e1a6d56484a7041eaa91bb2]
2016-07-22 17:43:32|orderid[Y160722536810]|str[10013629852Buy1517201252253004I0.03RMBY1607225368101]|hmac[d5f4fde64e1a6d56484a7041eaa91bb2]
2016-07-22 17:52:37|orderid[Y160722095846]|str[10013629852Buy1317293286187064I0.02RMBY1607220958462]|hmac[1779cd077c54ae0ff28ee13597beaea2]
2016-07-22 17:53:14|orderid[Y160722095846]|str[10013629852Buy1317293286187064I0.02RMBY1607220958462]|hmac[1779cd077c54ae0ff28ee13597beaea2]
2016-07-22 17:53:14|orderid[Y160722095846]|str[10013629852Buy1317293286187064I0.02RMBY1607220958462]|hmac[1779cd077c54ae0ff28ee13597beaea2]
2016-07-22 17:59:39|orderid[Y160722157414]|str[Buy10013629852Y1607221574140.05CNYhttp://www.zhiying365.com/account/yeepay_return.php07day1]|hmac[0f8d03fdbb06a8787d8103ad19cde633]
2016-07-22 18:10:12|orderid[Y160722448455]|str[Buy10013629852Y1607224484550.01CNYhttp://www.zhiying365.com/services/yeepay_return.php07day1]|hmac[6528718b8760c8eb3f02c46c96649c56]
2016-07-22 18:11:39|orderid[Y160722011293]|str[Buy10013629852Y1607220112930.02CNYhttp://www.zhiying365.com/services/yeepay_return.php07day1]|hmac[9649a97c0a70208b29225fef645b52ca]
2016-07-24 16:48:05|orderid[Y160724845897]|str[Buy10013629852Y1607248458971CNYhttp://www.zhiying365.com/services/yeepay_return.php07day1]|hmac[49025e464ec4c81477003f0bcaf089e1]
2016-07-24 16:58:36|orderid[Y160724130808]|str[Buy10013629852Y1607241308081CNYhttp://www.zhiying365.com/services/yeepay_return.php07day1]|hmac[617d831f5a00a08cdd282a212325cabd]
2016-07-25 10:01:50|orderid[Y160725745198]|str[Buy10013629852Y1607257451981CNYhttp://www.zhiying365.com/services/yeepay_return.php07day1]|hmac[6e7fd0e51f4dae8b85272d9514dcc86e]
2016-07-25 10:03:48|orderid[Y160725690548]|str[Buy10013629852Y1607256905481CNYhttp://www.zhiying365.com/services/yeepay_return.php07day1]|hmac[95462d15aa99cc0bfbd3e29db256be76]
2016-07-25 10:04:01|orderid[Y160725086678]|str[Buy10013629852Y160725086678500CNYhttp://www.zhiying365.com/services/yeepay_return.php07day1]|hmac[2a7ba84be66b397071767a413db6f068]
2016-07-25 10:21:05|orderid[Y160725538828]|str[Buy10013629852Y1607255388281CNYhttp://www.zhiying365.com/services/yeepay_return.php07day1]|hmac[568376726a0bf7631be3e16192ae06d5]
2016-07-25 10:35:09|orderid[Y160725196194]|str[Buy10013629852Y160725196194500CNYhttp://www.zhiying365.com/services/yeepay_return.php07day1]|hmac[b381bedead0e09a9dc079e833bb43b7b]
2016-07-25 11:24:22|orderid[Y160725381609]|str[Buy10013629852Y1607253816091CNYhttp://www.zhiying365.com/services/yeepay_return.php07day1]|hmac[03c375405f2bdccc8ec2425bc07bd345]
2016-07-29 01:30:44|orderid[Y160729365328]|str[Buy10013629852Y160729365328100CNYhttp://www.zhiying365.com/services/yeepay_return.php07day1]|hmac[6a34ba0656120f5452d82712bc09357f]
2016-07-31 16:06:56|orderid[Y160731286559]|str[Buy10013629852Y160731286559100CNYhttp://www.zhiying365.com/services/yeepay_return.php07day1]|hmac[b4a7d4da5c2f4659f80ddcbd5e1603d9]
2016-07-31 16:07:41|orderid[Y160731150358]|str[Buy10013629852Y160731150358500CNYhttp://www.zhiying365.com/services/yeepay_return.php07day1]|hmac[7b47f95b48707e4f9fe90225d4ebc1c5]
2016-07-31 16:20:54|orderid[Y160731477504]|str[Buy10013629852Y160731477504100CNYhttp://www.zhiying365.com/services/yeepay_return.php07day1]|hmac[69944aafa66bffbd43e056c148d55788]
2016-07-31 16:25:06|orderid[Y160731433681]|str[Buy10013629852Y1607314336810.11CNYhttp://www.zhiying365.com/services/yeepay_return.php07day1]|hmac[e1541246a376fbd29565bb30bb93c196]
2016-07-31 16:26:50|orderid[Y160731477431]|str[Buy10013629852Y1607314774310.13CNYhttp://www.zhiying365.com/services/yeepay_return.php07day1]|hmac[644c6316919872687bf8446e586de19a]
2016-07-31 16:45:00|orderid[Y160731396564]|str[Buy10013629852Y160731396564100CNYhttp://www.zhiying365.com/services/yeepay_return.php07day1]|hmac[9fabe13d99df9448f311722127bfda19]
2016-08-01 10:26:51|orderid[Y160801953520]|str[Buy10013629852Y160801953520500CNYhttp://www.zhiying365.com/services/yeepay_return.php07day1]|hmac[009681d385ceb78fc023afdb52f9c0dc]
2016-08-01 11:25:36|orderid[Y160801027977]|str[Buy10013629852Y1608010279771CNYhttp://www.zhiying365.com/services/yeepay_return.php07day1]|hmac[00c7d95f78e582470ec32147b7896ad8]
2016-08-01 11:29:37|orderid[Y160801851589]|str[Buy10013629852Y160801851589100CNYhttp://www.zhiying365.com/services/yeepay_return.php07day1]|hmac[84f8b979aa06e6dd83a6b39f1a3baf28]
2016-08-02 15:46:05|orderid[Y160802573987]|str[Buy10013629852Y16080257398750CNYhttp://www.zhiying365.com/services/yeepay_return.php07day1]|hmac[4f75827735f6059343fdea148ca20faa]
2016-08-02 15:46:13|orderid[Y160802731376]|str[Buy10013629852Y16080273137650CNYhttp://www.zhiying365.com/services/yeepay_return.php07day1]|hmac[8ecca7756316731b6873662dc3b6cb2d]
2016-08-02 15:46:16|orderid[Y160802461686]|str[Buy10013629852Y16080246168650CNYhttp://www.zhiying365.com/services/yeepay_return.php07day1]|hmac[937db5aedb5397ebca827f95af724462]
2016-08-02 15:46:22|orderid[Y160802214862]|str[Buy10013629852Y16080221486250CNYhttp://www.zhiying365.com/services/yeepay_return.php07day1]|hmac[2d800aca39431337198c99c08b200185]
2016-08-02 15:52:08|orderid[Y160802847897]|str[Buy10013629852Y16080284789750CNYhttp://www.zhiying365.com/services/yeepay_return.php07day1]|hmac[efe678e4645cd39410d1efc6e16bf958]
2016-08-02 15:52:14|orderid[Y160802693909]|str[Buy10013629852Y16080269390950CNYhttp://www.zhiying365.com/services/yeepay_return.php07day1]|hmac[8cbcdec642205f7cae14a35e8fb74731]
2016-08-02 16:02:02|orderid[Y160802840398]|str[Buy10013629852Y16080284039850CNYhttp://www.zhiying365.com/services/yeepay_return.php07day1]|hmac[c0cccb340100286209f2ff98dfe1d23f]
2016-08-02 16:02:23|orderid[Y160802172948]|str[Buy10013629852Y16080217294850CNYhttp://www.zhiying365.com/services/yeepay_return.php0ICBC-NET-B2B7day1]|hmac[64827847102fe63beae13ee8488ceff1]
2016-08-02 16:02:29|orderid[Y160802738160]|str[Buy10013629852Y160802738160100CNYhttp://www.zhiying365.com/services/yeepay_return.php0ICBC-NET-B2B7day1]|hmac[927610980925c6bd205e85a3da0046fd]
2016-08-02 16:03:02|orderid[Y160802685332]|str[Buy10013629852Y160802685332100CNYhttp://www.zhiying365.com/services/yeepay_return.php0ICBC-NET-B2B7day1]|hmac[5e42a3759ef03f1ae882a94801b52cb2]
2016-08-02 16:03:13|orderid[Y160802813355]|str[Buy10013629852Y160802813355100CNYhttp://www.zhiying365.com/services/yeepay_return.php0ICBC-NET-B2B7day1]|hmac[cb0696da3fe5b14494cbd24464c8a789]
2016-08-02 16:03:55|orderid[Y160802695587]|str[Buy10013629852Y160802695587100CNYhttp://www.zhiying365.com/services/yeepay_return.php0ICBC-NET-B2B7day1]|hmac[a3b0e53cb6c808fc26cb7c236cf81458]
2016-08-02 16:04:09|orderid[Y160802357578]|str[Buy10013629852Y160802357578100CNYhttp://www.zhiying365.com/services/yeepay_return.php0ICBC-NET-B2B7day1]|hmac[412a81b8c8ffbdee057f93eb9c725411]
2016-08-02 16:04:12|orderid[Y160802170131]|str[Buy10013629852Y160802170131100CNYhttp://www.zhiying365.com/services/yeepay_return.php0ICBC-NET-B2B7day1]|hmac[8e6143c4ec4865b9c45f57ba2e85984c]
2016-08-02 16:05:06|orderid[Y160802537168]|str[Buy10013629852Y160802537168100CNYhttp://www.zhiying365.com/services/yeepay_return.php0ICBC-NET-B2B7day1]|hmac[27ec5ffa1f3a5c57961a7d133bd9ab5d]
2016-08-02 16:19:31|orderid[Y160802445191]|str[Buy10013629852Y16080244519150CNYhttp://www.zhiying365.com/services/yeepay_return.php0ICBC-NET-B2C7day1]|hmac[a4c05d79ebb78fde7bb98985d22fdb18]
2016-08-02 16:34:39|orderid[Y160802848250]|str[Buy10013629852Y16080284825050CNYhttp://www.zhiying365.com/services/yeepay_return.php0CCB-NET-B2C7day1]|hmac[5161c11db94ac88e612f5f0b1640edac]
2016-08-02 16:47:23|orderid[Y160802862851]|str[Buy10013629852Y160802862851100CNYhttp://www.zhiying365.com/services/yeepay_return.php0CMBCHINA-NET-B2C7day1]|hmac[16fd702769c113d64eaea7c499063680]
2016-08-02 16:47:28|orderid[Y160802823456]|str[Buy10013629852Y160802823456100CNYhttp://www.zhiying365.com/services/yeepay_return.php0BOCO-NET-B2C7day1]|hmac[a3fd863ee12319669fda136f0d43d737]
2016-08-02 16:47:38|orderid[Y160802901803]|str[Buy10013629852Y160802901803100CNYhttp://www.zhiying365.com/services/yeepay_return.php0CMBC-NET-B2C7day1]|hmac[b7d80047aa0d47de849eea5f6705a4ef]
2016-08-02 16:47:47|orderid[Y160802918850]|str[Buy10013629852Y160802918850100CNYhttp://www.zhiying365.com/services/yeepay_return.php0CEB-NET-B2C7day1]|hmac[81f1c641948d5d41823e1a4dfc6bd949]
2016-08-02 16:47:57|orderid[Y160802892146]|str[Buy10013629852Y160802892146100CNYhttp://www.zhiying365.com/services/yeepay_return.php0BOC-NET-B2C7day1]|hmac[1f8e22a03b6e34445a7a0b127a3a885d]
2016-08-02 16:48:06|orderid[Y160802145241]|str[Buy10013629852Y160802145241100CNYhttp://www.zhiying365.com/services/yeepay_return.php0PINGANBANK-NET-B2C7day1]|hmac[44db7b2e8d9ed9495d7ba5dd61ea441d]
2016-08-02 16:48:13|orderid[Y160802070779]|str[Buy10013629852Y160802070779100CNYhttp://www.zhiying365.com/services/yeepay_return.php0ECITIC-NET-B2C7day1]|hmac[b60b536cc688a58bf4e1db4b1cc59aec]
2016-08-02 16:48:18|orderid[Y160802079123]|str[Buy10013629852Y160802079123100CNYhttp://www.zhiying365.com/services/yeepay_return.php0SDB-NET-B2C7day1]|hmac[4027da1e51825c4bc16ee51b838357f7]
2016-08-02 16:48:52|orderid[Y160802608798]|str[Buy10013629852Y160802608798100CNYhttp://www.zhiying365.com/services/yeepay_return.php0SDB-NET-B2C7day1]|hmac[a212ed83b520076ffef04d067fa62f60]
2016-08-02 16:48:56|orderid[Y160802348076]|str[Buy10013629852Y160802348076100CNYhttp://www.zhiying365.com/services/yeepay_return.php0SDB-NET-B2C7day1]|hmac[09da8907dd881483b2c1d18ec68f950e]
2016-08-02 16:49:55|orderid[Y160802775476]|str[Buy10013629852Y160802775476100CNYhttp://www.zhiying365.com/services/yeepay_return.php0GDB-NET-B2C7day1]|hmac[bd128d7fd193c16b56b68038b7cd6e93]
2016-08-02 16:50:07|orderid[Y160802307083]|str[Buy10013629852Y160802307083100CNYhttp://www.zhiying365.com/services/yeepay_return.php0SHB-NET-B2C7day1]|hmac[619bf1e7ee2b95d92d9c7229a2f3b3c5]
2016-08-02 16:50:12|orderid[Y160802969226]|str[Buy10013629852Y160802969226100CNYhttp://www.zhiying365.com/services/yeepay_return.php0SPDB-NET-B2C7day1]|hmac[eab3813d9ad427ff0857c0c483aa379d]
2016-08-02 16:50:21|orderid[Y160802574705]|str[Buy10013629852Y160802574705100CNYhttp://www.zhiying365.com/services/yeepay_return.php0HXB-NET-B2C7day1]|hmac[fb5ceb787637e637d3d8a507ba215fe7]
2016-08-02 16:50:25|orderid[Y160802782546]|str[Buy10013629852Y160802782546100CNYhttp://www.zhiying365.com/services/yeepay_return.php0BCCB-NET-B2C7day1]|hmac[b0d9745d10489d7cebd0c75de0864a0a]
2016-08-02 16:50:27|orderid[Y160802183246]|str[Buy10013629852Y160802183246100CNYhttp://www.zhiying365.com/services/yeepay_return.php0ABC-NET-B2C7day1]|hmac[561cb2c39ad65f46406963b5e5e70a83]
2016-08-02 16:50:33|orderid[Y160802020087]|str[Buy10013629852Y160802020087100CNYhttp://www.zhiying365.com/services/yeepay_return.php0POST-NET-B2C7day1]|hmac[4805f2f9b81710e6bb89185319a16e35]
2016-08-02 17:02:58|orderid[Y160802156586]|str[Buy10013629852Y16080215658650CNYhttp://www.zhiying365.com/services/yeepay_return.php0ICBC-NET-B2C7day1]|hmac[33839a6d45ea3a6509b34a14f111d4dd]
2016-08-02 17:03:16|orderid[Y160802025622]|str[Buy10013629852Y16080202562250CNYhttp://www.zhiying365.com/services/yeepay_return.php0CCB-NET-B2C7day1]|hmac[e55550bd8cc190d04779e578cf08ab27]
2016-08-02 17:03:23|orderid[Y160802954398]|str[Buy10013629852Y16080295439850CNYhttp://www.zhiying365.com/services/yeepay_return.php0CMBCHINA-NET-B2C7day1]|hmac[fb65d4cf3c735a60ed8c399cb82a26a1]
2016-08-02 17:03:43|orderid[Y160802801534]|str[Buy10013629852Y16080280153450CNYhttp://www.zhiying365.com/services/yeepay_return.php0BOCO-NET-B2C7day1]|hmac[0d63e054efe7cdd13b0c07ee289b956e]
2016-08-02 17:04:22|orderid[Y160802154567]|str[Buy10013629852Y16080215456750CNYhttp://www.zhiying365.com/services/yeepay_return.php0CMBCHINA-NET-B2C7day1]|hmac[780001c22ba5726a221e8a6d678d467c]
2016-08-02 17:04:33|orderid[Y160802720638]|str[Buy10013629852Y16080272063850CNYhttp://www.zhiying365.com/services/yeepay_return.php0BOCO-NET-B2C7day1]|hmac[96f71aba17fde283d581b8059e61ba3a]
2016-08-02 17:04:55|orderid[Y160802047082]|str[Buy10013629852Y16080204708250CNYhttp://www.zhiying365.com/services/yeepay_return.php0CMBCHINA-NET-B2C7day1]|hmac[1bccbe49e42c75c7b433043cff987bc1]
2016-08-02 17:05:01|orderid[Y160802638610]|str[Buy10013629852Y16080263861050CNYhttp://www.zhiying365.com/services/yeepay_return.php0BOCO-NET-B2C7day1]|hmac[6278ec3c7975e4b3fc79b6485449c20a]
2016-08-02 17:05:20|orderid[Y160802903743]|str[Buy10013629852Y16080290374350CNYhttp://www.zhiying365.com/services/yeepay_return.php0CIB-NET-B2C7day1]|hmac[0c05198eacad3bd863c88771dcdfaeee]
2016-08-02 17:06:12|orderid[Y160802865573]|str[Buy10013629852Y16080286557350CNYhttp://www.zhiying365.com/services/yeepay_return.php0CMBC-NET-B2C7day1]|hmac[59d667a53cf2f5c31ab0b54c692a3c64]
2016-08-02 17:06:55|orderid[Y160802628824]|str[Buy10013629852Y16080262882450CNYhttp://www.zhiying365.com/services/yeepay_return.php0CEB-NET-B2C7day1]|hmac[cb0fd01b1b564571092a90283f61201c]
2016-08-02 17:07:17|orderid[Y160802034404]|str[Buy10013629852Y16080203440450CNYhttp://www.zhiying365.com/services/yeepay_return.php0CEB-NET-B2C7day1]|hmac[ac4ca28955410d0ae5c5790953a5b967]
2016-08-02 17:07:35|orderid[Y160802335047]|str[Buy10013629852Y16080233504750CNYhttp://www.zhiying365.com/services/yeepay_return.php0BOC-NET-B2C7day1]|hmac[8440825fb78752745e6dd79edb0319a7]
2016-08-02 17:07:47|orderid[Y160802188318]|str[Buy10013629852Y16080218831850CNYhttp://www.zhiying365.com/services/yeepay_return.php0PINGANBANK-NET-B2C7day1]|hmac[d5dda17fe52e5f574c28cce713900a02]
2016-08-02 17:08:27|orderid[Y160802861798]|str[Buy10013629852Y1608028617980.1CNYhttp://www.zhiying365.com/services/yeepay_return.php0ICBC-NET-B2C7day1]|hmac[40bc9b94e4e52216b92817622f36899d]
2016-08-02 17:08:27|orderid[Y160802662553]|str[Buy10013629852Y16080266255350CNYhttp://www.zhiying365.com/services/yeepay_return.php0PINGANBANK-NET-B2C7day1]|hmac[146bed5b0a09b5abd3e2127afce3a32d]
2016-08-02 17:08:30|orderid[Y160802601756]|str[Buy10013629852Y1608026017560.1CNYhttp://www.zhiying365.com/services/yeepay_return.php0CCB-NET-B2C7day1]|hmac[72ad1ad8ab7c225f1095742a09572b67]
2016-08-02 17:08:33|orderid[Y160802890351]|str[Buy10013629852Y16080289035150CNYhttp://www.zhiying365.com/services/yeepay_return.php0BOC-NET-B2C7day1]|hmac[0a23e6a724040d378ba1a53b14a90b79]
2016-08-02 17:08:44|orderid[Y160802459175]|str[Buy10013629852Y1608024591750.1CNYhttp://www.zhiying365.com/services/yeepay_return.php0CMBCHINA-NET-B2C7day1]|hmac[ef90616e64e21d0c9ec16fdb21d732c4]
2016-08-02 17:08:58|orderid[Y160802097721]|str[Buy10013629852Y1608020977210.1CNYhttp://www.zhiying365.com/services/yeepay_return.php0CEB-NET-B2C7day1]|hmac[6d32e504627815eb9b616ff6055df7a4]
2016-08-02 17:08:59|orderid[Y160802600266]|str[Buy10013629852Y16080260026650CNYhttp://www.zhiying365.com/services/yeepay_return.php0PINGANBANK-NET-B2C7day1]|hmac[beebfb5ce53f29a094a5a5a53ec7f3ca]
2016-08-02 17:09:06|orderid[Y160802360829]|str[Buy10013629852Y16080236082950CNYhttp://www.zhiying365.com/services/yeepay_return.php0ECITIC-NET-B2C7day1]|hmac[1e0d894f475e13c2acdcb7913aa4db9c]
2016-08-02 17:09:14|orderid[Y160802823646]|str[Buy10013629852Y16080282364650CNYhttp://www.zhiying365.com/services/yeepay_return.php0ECITIC-NET-B2C7day1]|hmac[b30790d7d93b31037dd92973bdf7abd5]
2016-08-02 17:09:39|orderid[Y160802776781]|str[Buy10013629852Y1608027767810.1CNYhttp://www.zhiying365.com/services/yeepay_return.php0CEB-NET-B2C7day1]|hmac[689acd24c68bc0c2b3353c83422b1d48]
2016-08-02 17:09:53|orderid[Y160802495889]|str[Buy10013629852Y16080249588950CNYhttp://www.zhiying365.com/services/yeepay_return.php0SDB-NET-B2C7day1]|hmac[580271fac172438a56efe8624bf2145e]
2016-08-02 17:10:26|orderid[Y160802264199]|str[Buy10013629852Y1608022641990.1CNYhttp://www.zhiying365.com/services/yeepay_return.php0CMBC-NET-B2C7day1]|hmac[d32d420eba1a67715a21185b5f7a1c84]
2016-08-02 17:10:34|orderid[Y160802955597]|str[Buy10013629852Y1608029555970.1CNYhttp://www.zhiying365.com/services/yeepay_return.php0CMBC-NET-B2C7day1]|hmac[33075c76f1e4439d6debebec5b69d81e]
2016-08-02 17:10:52|orderid[Y160802197790]|str[Buy10013629852Y16080219779050CNYhttp://www.zhiying365.com/services/yeepay_return.php0GDB-NET-B2C7day1]|hmac[01419bb13fe689713169d7c9dc41d672]
2016-08-02 17:10:57|orderid[Y160802753838]|str[Buy10013629852Y1608027538380.1CNYhttp://www.zhiying365.com/services/yeepay_return.php0PINGANBANK-NET-B2C7day1]|hmac[63db8c8abfca4d9ce9de1d3b5fd83721]
2016-08-02 17:11:50|orderid[Y160802463053]|str[Buy10013629852Y16080246305350CNYhttp://www.zhiying365.com/services/yeepay_return.php0SDB-NET-B2C7day1]|hmac[5c6fb9c5e8831c71ea14ff043dcea51f]
2016-08-02 17:12:07|orderid[Y160802003592]|str[Buy10013629852Y16080200359250CNYhttp://www.zhiying365.com/services/yeepay_return.php0GDB-NET-B2C7day1]|hmac[005ba17346c8cf54cb6d6a6ea4c2bac2]
2016-08-02 17:12:15|orderid[Y160802165776]|str[Buy10013629852Y16080216577650CNYhttp://www.zhiying365.com/services/yeepay_return.php0SHB-NET-B2C7day1]|hmac[5e90726883ee5215414602027373044e]
2016-08-02 17:12:52|orderid[Y160802711977]|str[Buy10013629852Y16080271197750CNYhttp://www.zhiying365.com/services/yeepay_return.php0SPDB-NET-B2C7day1]|hmac[743f07419e537f09c69dcbf8c0788977]
2016-08-02 17:13:30|orderid[Y160802851073]|str[Buy10013629852Y16080285107350CNYhttp://www.zhiying365.com/services/yeepay_return.php0HXB-NET-B2C7day1]|hmac[1c6659cfddf4a24b777336dfbe9d116d]
2016-08-02 17:14:05|orderid[Y160802551862]|str[Buy10013629852Y16080255186250CNYhttp://www.zhiying365.com/services/yeepay_return.php0BCCB-NET-B2C7day1]|hmac[37e8d6554b3055f7817d6f1e588aee4c]
2016-08-02 17:14:51|orderid[Y160802127780]|str[Buy10013629852Y16080212778050CNYhttp://www.zhiying365.com/services/yeepay_return.php0ABC-NET-B2C7day1]|hmac[b3bbd42f8afc936a09ee7d7646019e2c]
2016-08-02 17:15:21|orderid[Y160802129093]|str[Buy10013629852Y16080212909350CNYhttp://www.zhiying365.com/services/yeepay_return.php0POST-NET-B2C7day1]|hmac[6ffd8e423645d16e82de9f873c99a3de]
2016-08-02 17:17:24|orderid[Y160802828668]|str[Buy10013629852Y16080282866850CNYhttp://www.zhiying365.com/services/yeepay_return.php0CEB-NET-B2C7day1]|hmac[4ab7ae27af105c9b4bb5e205e8d44d65]
2016-08-02 17:18:14|orderid[Y160802908717]|str[Buy10013629852Y16080290871750CNYhttp://www.zhiying365.com/services/yeepay_return.php0BOC-NET-B2C7day1]|hmac[b1b09e10b957085d400de14e5379afbf]
2016-08-02 17:31:26|orderid[Y160802065700]|str[Buy10013629852Y16080206570050CNYhttp://www.zhiying365.com/services/yeepay_return.php0HXB-NET-B2C7day1]|hmac[34203f4eb3aa76ffaccc7ade2bc1dcd1]
2016-08-02 17:32:35|orderid[Y160802779943]|str[Buy10013629852Y16080277994350CNYhttp://www.zhiying365.com/services/yeepay_return.php0SDB-NET-B2C7day1]|hmac[071b621927a75b09ca3a45f01080645f]
2016-08-02 17:46:53|orderid[Y160802385624]|str[Buy10013629852Y16080238562450CNYhttp://www.zhiying365.com/services/yeepay_return.php0BOC-NET-B2C7day1]|hmac[1dd66d4e00dfdbd266eb8d4bc6367f5d]
2016-08-02 17:47:03|orderid[Y160802181344]|str[Buy10013629852Y16080218134450CNYhttp://www.zhiying365.com/services/yeepay_return.php0ICBC-NET-B2C7day1]|hmac[899e748b9d4bfc9435315c6c3709b1c4]
2016-08-02 17:47:14|orderid[Y160802279918]|str[Buy10013629852Y16080227991850CNYhttp://www.zhiying365.com/services/yeepay_return.php0CCB-NET-B2C7day1]|hmac[78dc5b8009b63e51f1eadd4d3280cba7]
2016-08-02 17:47:43|orderid[Y160802258057]|str[Buy10013629852Y16080225805750CNYhttp://www.zhiying365.com/services/yeepay_return.php0ABC-NET-B2C7day1]|hmac[f21d25bfc8b177d29240feab27dac989]
2016-08-02 17:47:55|orderid[Y160802015544]|str[Buy10013629852Y16080201554450CNYhttp://www.zhiying365.com/services/yeepay_return.php0CMBCHINA-NET-B2C7day1]|hmac[9507e9cf6b61be570e26e447562c40f2]
2016-08-02 17:48:05|orderid[Y160802095220]|str[Buy10013629852Y16080209522050CNYhttp://www.zhiying365.com/services/yeepay_return.php0BOCO-NET-B2C7day1]|hmac[6c85131a5391008b682ab71f3be86173]
2016-08-02 17:48:26|orderid[Y160802477704]|str[Buy10013629852Y16080247770450CNYhttp://www.zhiying365.com/services/yeepay_return.php0CIB-NET-B2C7day1]|hmac[d97df89133122b3c46638c4c47c96030]
2016-08-02 17:48:44|orderid[Y160802675151]|str[Buy10013629852Y16080267515150CNYhttp://www.zhiying365.com/services/yeepay_return.php0CMBC-NET-B2C7day1]|hmac[1e2ccacfe3dc95f11690a9b7498284b2]
2016-08-02 17:49:39|orderid[Y160802525556]|str[Buy10013629852Y16080252555650CNYhttp://www.zhiying365.com/services/yeepay_return.php0CEB-NET-B2C7day1]|hmac[a6c42dd052fa5179c42019e438389249]
2016-08-02 17:49:49|orderid[Y160802977063]|str[Buy10013629852Y16080297706350CNYhttp://www.zhiying365.com/services/yeepay_return.php0PINGANBANK-NET-B2C7day1]|hmac[02e80e38065449f2e0e972377e0487a4]
2016-08-02 17:49:59|orderid[Y160802986987]|str[Buy10013629852Y16080298698750CNYhttp://www.zhiying365.com/services/yeepay_return.php0ECITIC-NET-B2C7day1]|hmac[53cbefd96b3168c795f817084514ebd4]
2016-08-02 17:50:09|orderid[Y160802318620]|str[Buy10013629852Y16080231862050CNYhttp://www.zhiying365.com/services/yeepay_return.php0SDB-NET-B2C7day1]|hmac[1b53f86ef4ee2701a2c599a618e24879]
2016-08-02 17:50:14|orderid[Y160802754474]|str[Buy10013629852Y16080275447450CNYhttp://www.zhiying365.com/services/yeepay_return.php0GDB-NET-B2C7day1]|hmac[a2ebaa2a8cb2febb9c9ce304b79ec4d8]
2016-08-02 17:50:27|orderid[Y160802415082]|str[Buy10013629852Y16080241508250CNYhttp://www.zhiying365.com/services/yeepay_return.php0SHB-NET-B2C7day1]|hmac[fd5ef29080be0cd8f897317f8b58b135]
2016-08-02 17:50:45|orderid[Y160802100887]|str[Buy10013629852Y16080210088750CNYhttp://www.zhiying365.com/services/yeepay_return.php0SPDB-NET-B2C7day1]|hmac[8eafece43150a89af1a376019f43de33]
2016-08-02 17:50:55|orderid[Y160802174794]|str[Buy10013629852Y16080217479450CNYhttp://www.zhiying365.com/services/yeepay_return.php0HXB-NET-B2C7day1]|hmac[43f76ac062af151b6caf631df0a70a1b]
2016-08-02 17:51:11|orderid[Y160802519924]|str[Buy10013629852Y16080251992450CNYhttp://www.zhiying365.com/services/yeepay_return.php0BCCB-NET-B2C7day1]|hmac[a36d0d02b63ec202809af0e1c1d1b5b2]
2016-08-02 17:51:23|orderid[Y160802315352]|str[Buy10013629852Y16080231535250CNYhttp://www.zhiying365.com/services/yeepay_return.php0POST-NET-B2C7day1]|hmac[7ebfb057de8d6d1bbb69535e49a6e97f]
2016-08-03 14:56:29|orderid[Y160803007293]|str[Buy10013629852Y16080300729350CNYhttp://www.zhiying365.com/services/yeepay_return.php0BOC-NET-B2C7day1]|hmac[1ced46164a8733a594d8a818184b863a]
2016-08-03 14:58:08|orderid[Y160803996871]|str[Buy10013629852Y16080399687150CNYhttp://www.zhiying365.com/services/yeepay_return.php0BOC-NET-B2C7day1]|hmac[775d30756b66628c8ec12b5df9c92702]
2016-08-03 14:58:26|orderid[Y160803067393]|str[Buy10013629852Y16080306739350CNYhttp://www.zhiying365.com/services/yeepay_return.php0ICBC-NET-B2C7day1]|hmac[ada37bbf5201e16da7262f558fcfae0f]
2016-08-03 14:59:28|orderid[Y160803500286]|str[Buy10013629852Y16080350028610CNYhttp://www.zhiying365.com/services/yeepay_return.php0BOC-NET-B2C7day1]|hmac[44977cda3c369a64329edeb729a71432]
2016-08-03 15:01:21|orderid[Y160803522675]|str[Buy10013629852Y1608035226751CNYhttp://www.zhiying365.com/services/yeepay_return.php0BOC-NET-B2C7day1]|hmac[6d3d921aa93b809fc1e4967419ddc1e6]
2016-08-03 15:02:04|orderid[Y160803324933]|str[Buy10013629852Y16080332493310CNYhttp://www.zhiying365.com/services/yeepay_return.php0BCCB-NET-B2C7day1]|hmac[97d6916aa49767d80f7d4861ee2a4e1b]
2016-08-03 15:02:14|orderid[Y160803282761]|str[Buy10013629852Y16080328276110CNYhttp://www.zhiying365.com/services/yeepay_return.php0BOCO-NET-B2C7day1]|hmac[32b118f76a417db2b33606f2e9a28289]
2016-08-03 15:07:11|orderid[Y160803761971]|str[Buy10013629852Y1608037619711CNYhttp://www.zhiying365.com/services/yeepay_return.php0ICBC-NET-B2C7day1]|hmac[ea4ae32f3e0b82b4f56ac8bcfbef5843]
2016-08-03 15:07:53|orderid[Y160803607577]|str[Buy10013629852Y1608036075771CNYhttp://www.zhiying365.com/services/yeepay_return.php0ICBC-NET-B2C7day1]|hmac[2899100c7155d315bcd1fe07a5d126b2]
2016-08-03 15:09:13|orderid[Y160803080838]|str[Buy10013629852Y1608030808381CNYhttp://www.zhiying365.com/services/yeepay_return.php0ABC-NET-B2C7day1]|hmac[dced1a2be3541627e0bfe1f06fbebbaa]
2016-08-03 15:11:45|orderid[Y160803912911]|str[Buy10013629852Y1608039129111CNYhttp://www.zhiying365.com/services/yeepay_return.php0ICBC-NET-B2C7day1]|hmac[b99ec52b7d823b28dead097e191c0e75]
2016-08-03 15:15:31|orderid[Y160803354550]|str[Buy10013629852Y1608033545501CNYhttp://www.zhiying365.com/services/yeepay_return.php0CCB-NET-B2C7day1]|hmac[51e2e4b714ff39206d53010c59d48da8]
2016-08-03 15:17:44|orderid[Y160803029073]|str[Buy10013629852Y1608030290731CNYhttp://www.zhiying365.com/services/yeepay_return.php0BOCO-NET-B2C7day1]|hmac[f1fb2295e500fe3f268d5b975be5a6aa]
2016-08-03 15:19:38|orderid[Y160803900888]|str[Buy10013629852Y1608039008881CNYhttp://www.zhiying365.com/services/yeepay_return.php0POST-NET-B2C7day1]|hmac[d81a157a4399809cf2fb06446c508a23]
2016-08-03 15:20:00|orderid[Y160803666550]|str[Buy10013629852Y1608036665501CNYhttp://www.zhiying365.com/services/yeepay_return.php0POST-NET-B2C7day1]|hmac[5d51e3f74fc7ff090e18a9d07f050d91]
2016-08-03 15:22:48|orderid[Y160803998917]|str[Buy10013629852Y1608039989171CNYhttp://www.zhiying365.com/services/yeepay_return.php0BOC-NET-B2C7day1]|hmac[5a7474b70a3fe8780c9bd5ef73cb0859]
2016-08-03 15:24:08|orderid[Y160803053488]|str[Buy10013629852Y160803053488100CNYhttp://www.zhiying365.com/services/yeepay_return.php0CCB-NET-B2C7day1]|hmac[575476dcf7ac4d77316195f9b0c22056]
2016-08-03 15:25:04|orderid[Y160803696214]|str[Buy10013629852Y16080369621450CNYhttp://www.zhiying365.com/services/yeepay_return.php0BOC-NET-B2C7day1]|hmac[8eaa882294744468ef1c40fde1191f9c]
2016-08-03 15:25:10|orderid[Y160803764862]|str[Buy10013629852Y1608037648621CNYhttp://www.zhiying365.com/services/yeepay_return.php0BOC-NET-B2C7day1]|hmac[7cfba7a8e46088fbb7967a07d47b15e1]
2016-08-03 15:25:16|orderid[Y160803725856]|str[Buy10013629852Y160803725856100CNYhttp://www.zhiying365.com/services/yeepay_return.php0ICBC-NET-B2C7day1]|hmac[33a044fbf68d15d62509fd5eece3355c]
2016-08-03 15:28:10|orderid[Y160803009697]|str[Buy10013629852Y1608030096971CNYhttp://www.zhiying365.com/services/yeepay_return.php0POST-NET-B2C7day1]|hmac[c8aaa1e2fe14fda8822b2ab652b97530]
2016-08-03 15:29:44|orderid[Y160803270495]|str[Buy10013629852Y1608032704951CNYhttp://www.zhiying365.com/services/yeepay_return.php0POST-NET-B2C7day1]|hmac[50b9155776c98684bfdc7a17d3b88864]
2016-08-03 15:30:41|orderid[Y160803360953]|str[Buy10013629852Y1608033609531CNYhttp://www.zhiying365.com/services/yeepay_return.php0CMBCHINA-NET-B2C7day1]|hmac[1cc18a43eed607519592d3b108a22516]
2016-08-03 15:35:31|orderid[Y160803744834]|str[Buy10013629852Y16080374483450CNYhttp://www.zhiying365.com/services/yeepay_return.php0BOC-NET-B2C7day1]|hmac[e7282815ab911770b19f6e39d6eb56ee]
2016-08-03 15:36:38|orderid[Y160803384315]|str[Buy10013629852Y16080338431550CNYhttp://www.zhiying365.com/services/yeepay_return.php0CCB-NET-B2C7day1]|hmac[e9817a88a5599068ca899ba8b13c17de]
2016-08-03 15:49:54|orderid[Y160803399605]|str[Buy10013629852Y16080339960550CNYhttp://www.zhiying365.com/services/yeepay_return.php0BOCO-NET-B2C7day1]|hmac[edbfacc8920060f98864e5e535fa08fe]
2016-08-03 15:50:14|orderid[Y160803068108]|str[Buy10013629852Y16080306810810CNYhttp://www.zhiying365.com/services/yeepay_return.php0POST-NET-B2C7day1]|hmac[027ba0f18cd1254050c805197a5c33ba]
2016-08-03 15:50:40|orderid[Y160803849493]|str[Buy10013629852Y16080384949310CNYhttp://www.zhiying365.com/services/yeepay_return.php0BOC-NET-B2C7day1]|hmac[02c614dd1cdded62ee2c20d911a1373f]
2016-08-03 15:50:51|orderid[Y160803507683]|str[Buy10013629852Y16080350768310CNYhttp://www.zhiying365.com/services/yeepay_return.php0POST-NET-B2C7day1]|hmac[90e2058211cc8946e88a578b2c7c5644]
2016-08-03 15:51:17|orderid[Y160803058670]|str[Buy10013629852Y16080305867010CNYhttp://www.zhiying365.com/services/yeepay_return.php0ICBC-NET-B2C7day1]|hmac[fae4ab4138fb56b957aaf08cb143fee7]
2016-08-03 15:51:34|orderid[Y160803087306]|str[Buy10013629852Y16080308730610CNYhttp://www.zhiying365.com/services/yeepay_return.php0CCB-NET-B2C7day1]|hmac[c9b21788e369188d941b48469f236846]
2016-08-03 15:51:55|orderid[Y160803347773]|str[Buy10013629852Y16080334777310CNYhttp://www.zhiying365.com/services/yeepay_return.php0ABC-NET-B2C7day1]|hmac[a11c220b8ed4860eef95d1768faa892a]
2016-08-03 15:52:25|orderid[Y160803577683]|str[Buy10013629852Y1608035776831CNYhttp://www.zhiying365.com/services/yeepay_return.php0BOCO-NET-B2C7day1]|hmac[3880a4f1debf72090810bd0de6815d05]
2016-08-03 15:53:11|orderid[Y160803422103]|str[Buy10013629852Y1608034221031CNYhttp://www.zhiying365.com/services/yeepay_return.php0BOCO-NET-B2C7day1]|hmac[6066e2e8c6ede6e2d88ef3d0262e7546]
2016-08-03 17:25:14|orderid[Y160803699327]|str[Buy10013629852Y160803699327100CNYhttp://www.zhiying365.com/services/yeepay_return.php0ABC-NET-B2C7day1]|hmac[805bdd7e880526e9e216ad829878adc5]
2016-08-03 17:38:18|orderid[Y160803792896]|str[Buy10013629852Y160803792896100CNYhttp://www.zhiying365.com/services/yeepay_return.php0CIB-NET-B2C7day1]|hmac[f55a57f7563388c1dc83b72767ed4e81]
2016-08-03 17:54:03|orderid[Y160803588466]|str[Buy10013629852Y160803588466100CNYhttp://www.zhiying365.com/services/yeepay_return.php0CIB-NET-B2C7day1]|hmac[fb29cced4d7e631c2b0c344927d3ee6a]
2016-08-03 18:35:25|orderid[Y160803826020]|str[Buy10013629852Y1608038260201CNYhttp://www.zhiying365.com/services/yeepay_return.php0CMBCHINA-NET-B2C7day1]|hmac[790ecc8020372710bfe4819c3e69d3a7]
2016-08-03 18:38:34|orderid[Y160803147738]|str[Buy10013629852Y1608031477380.01CNYhttp://www.zhiying365.com/services/yeepay_return.php0CMBCHINA-NET-B2C7day1]|hmac[a1b3c823c8cca1b45a0e8b82a745f0fb]
2016-08-03 18:39:36|orderid[Y160803976782]|str[Buy10013629852Y1608039767820.01CNYhttp://www.zhiying365.com/services/yeepay_return.php0CMBCHINA-NET-B2C7day1]|hmac[29a28db6d0e1e235b4bb6ff4086a3671]
2016-08-03 21:14:29|orderid[Y160803022853]|str[Buy10013629852Y160803022853500CNYhttp://www.zhiying365.com/services/yeepay_return.php0BOC-NET-B2C7day1]|hmac[9e61ef01faebcb8442c4ffd2ff61a081]
2016-08-03 21:15:44|orderid[Y160803183058]|str[Buy10013629852Y160803183058500CNYhttp://www.zhiying365.com/services/yeepay_return.php0BOC-NET-B2C7day1]|hmac[107d64cd6be06f533802c9b4f17aa7f4]
2016-08-03 21:25:25|orderid[Y160803284163]|str[Buy10013629852Y1608032841631000CNYhttp://www.zhiying365.com/services/yeepay_return.php0GDB-NET-B2C7day1]|hmac[d75cc8c46c105599d8b63dd4559b3e07]
2016-08-03 21:25:32|orderid[Y160803066590]|str[Buy10013629852Y1608030665901000CNYhttp://www.zhiying365.com/services/yeepay_return.php0GDB-NET-B2C7day1]|hmac[6c002ca6aebfece48dd910ea5c6bbedf]
2016-08-03 21:32:16|orderid[Y160803147334]|str[Buy10013629852Y1608031473341000CNYhttp://www.zhiying365.com/services/yeepay_return.php0GDB-NET-B2C7day1]|hmac[afca37af2fd7ad111f111f26ae419166]
2016-08-03 21:37:47|orderid[Y160803729110]|str[Buy10013629852Y1608037291101000CNYhttp://www.zhiying365.com/services/yeepay_return.php0CIB-NET-B2C7day1]|hmac[44f4ffcceaa721ad0075a585c8159f04]
2016-08-03 21:38:11|orderid[Y160803377133]|str[Buy10013629852Y1608033771331000CNYhttp://www.zhiying365.com/services/yeepay_return.php0CIB-NET-B2C7day1]|hmac[0445dc51f2b33b225c41e5e3adb40dc3]
2016-08-03 21:39:04|orderid[Y160803026514]|str[Buy10013629852Y1608030265141000CNYhttp://www.zhiying365.com/services/yeepay_return.php0CIB-NET-B2C7day1]|hmac[6e7831b604a9a3e7105606b2662cc7ff]
2016-08-03 21:44:07|orderid[Y160803512249]|str[Buy10013629852Y1608035122491000CNYhttp://www.zhiying365.com/services/yeepay_return.php0GDB-NET-B2C7day1]|hmac[21e771024e84348543d090031dd81866]
2016-08-03 22:28:34|orderid[Y160803016517]|str[Buy10013629852Y160803016517600CNYhttp://www.zhiying365.com/services/yeepay_return.php0BOC-NET-B2C7day1]|hmac[4619b63d9132255e0b6de0e8acf4e39f]
2016-08-03 22:36:28|orderid[Y160803709951]|str[Buy10013629852Y16080370995150CNYhttp://www.zhiying365.com/services/yeepay_return.php0POST-NET-B2C7day1]|hmac[32df785b5e781c83933d2474b5d5e031]
2016-08-03 22:50:48|orderid[Y160803825238]|str[Buy10013629852Y160803825238300CNYhttp://www.zhiying365.com/services/yeepay_return.php0CMBC-NET-B2C7day1]|hmac[5ab826548f9d65c44442212094fbea0c]
2016-08-03 22:52:20|orderid[Y160803113351]|str[Buy10013629852Y160803113351300CNYhttp://www.zhiying365.com/services/yeepay_return.php0CMBC-NET-B2C7day1]|hmac[f6689a2a8c4e0d1c016dba9a5bf30c5e]
2016-08-03 22:53:10|orderid[Y160803284229]|str[Buy10013629852Y160803284229300CNYhttp://www.zhiying365.com/services/yeepay_return.php0CMBC-NET-B2C7day1]|hmac[2b0555461b7886867f0515369c409c4f]
2016-08-03 22:57:20|orderid[Y160803137751]|str[Buy10013629852Y160803137751300CNYhttp://www.zhiying365.com/services/yeepay_return.php0CMBC-NET-B2C7day1]|hmac[b8af0169618d6ef38c6921b676ee2953]
2016-08-03 23:00:38|orderid[Y160803636923]|str[Buy10013629852Y160803636923200CNYhttp://www.zhiying365.com/services/yeepay_return.php0BOCO-NET-B2C7day1]|hmac[862fad4f4204cf4b8cb7bf735273b858]
2016-08-03 23:05:43|orderid[Y160803315771]|str[Buy10013629852Y160803315771500CNYhttp://www.zhiying365.com/services/yeepay_return.php0CMBC-NET-B2C7day1]|hmac[8e34d44e9e8cd76133e2b6aff6d224aa]
2016-08-03 23:41:04|orderid[Y160803803065]|str[Buy10013629852Y1608038030650.1CNYhttp://www.zhiying365.com/services/yeepay_return.php0BOC-NET-B2C7day1]|hmac[9cb1d6c6b43dbf132d68d9fafd579fbc]
2016-08-03 23:41:49|orderid[Y160803009023]|str[Buy10013629852Y1608030090230.1CNYhttp://www.zhiying365.com/services/yeepay_return.php0CMBCHINA-NET-B2C7day1]|hmac[bf4688428f9f433528c089e5f62e2a64]
2016-08-03 23:42:24|orderid[Y160803586514]|str[Buy10013629852Y1608035865140.1CNYhttp://www.zhiying365.com/services/yeepay_return.php0CMBCHINA-NET-B2C7day1]|hmac[751c74707b5522dec22ce263d3e52891]
2016-08-03 23:42:53|orderid[Y160803472535]|str[Buy10013629852Y1608034725350.1CNYhttp://www.zhiying365.com/services/yeepay_return.php0CMBCHINA-NET-B2C7day1]|hmac[c8e43e43b58d7d2d432f7f95a6ac8a72]
2016-08-03 23:43:23|orderid[Y160803795470]|str[Buy10013629852Y1608037954700.1CNYhttp://www.zhiying365.com/services/yeepay_return.php0CMBCHINA-NET-B2C7day1]|hmac[111f15f377983cd844767c6d57cb46b4]
2016-08-04 02:09:31|orderid[Y160804124079]|str[Buy10013629852Y160804124079300CNYhttp://www.zhiying365.com/services/yeepay_return.php0CCB-NET-B2C7day1]|hmac[581fff392d72afc99b6ab36a781e8aed]
2016-08-04 08:49:40|orderid[Y160804290961]|str[Buy10013629852Y16080429096150CNYhttp://www.zhiying365.com/services/yeepay_return.php0BOC-NET-B2C7day1]|hmac[8e2440a541e7db7eddbfb815bf1234df]
2016-08-04 08:50:42|orderid[Y160804456366]|str[Buy10013629852Y16080445636650CNYhttp://www.zhiying365.com/services/yeepay_return.php0BOC-NET-B2C7day1]|hmac[b7131e33799597381afa0137ce508e39]
2016-08-04 08:53:30|orderid[Y160804370228]|str[Buy10013629852Y16080437022850CNYhttp://www.zhiying365.com/services/yeepay_return.php0ICBC-NET-B2C7day1]|hmac[23d0b7673096f1bda85ad4ed4aaa1776]
2016-08-04 08:53:59|orderid[Y160804666546]|str[Buy10013629852Y16080466654650CNYhttp://www.zhiying365.com/services/yeepay_return.php0CCB-NET-B2C7day1]|hmac[d4f8215211eea4f5edac936e22053953]
2016-08-04 08:54:35|orderid[Y160804547933]|str[Buy10013629852Y16080454793350CNYhttp://www.zhiying365.com/services/yeepay_return.php0ABC-NET-B2C7day1]|hmac[9ad271d05bb24d2251a5f14b6f8d379f]
2016-08-04 08:55:32|orderid[Y160804184035]|str[Buy10013629852Y16080418403550CNYhttp://www.zhiying365.com/services/yeepay_return.php0ABC-NET-B2C7day1]|hmac[db916ca5dc2e38da4e8ea7c65deb4954]
2016-08-04 08:56:26|orderid[Y160804822181]|str[Buy10013629852Y16080482218150CNYhttp://www.zhiying365.com/services/yeepay_return.php0CMBCHINA-NET-B2C7day1]|hmac[3ae3af2f1f0d4f6e1fa4efbe5ca443e0]
2016-08-04 08:58:08|orderid[Y160804352635]|str[Buy10013629852Y16080435263550CNYhttp://www.zhiying365.com/services/yeepay_return.php0BOCO-NET-B2C7day1]|hmac[e2806335acb264e6c7c6333609251f6e]
2016-08-04 09:03:06|orderid[Y160804088376]|str[Buy10013629852Y16080408837650CNYhttp://www.zhiying365.com/services/yeepay_return.php0BOC-NET-B2C7day1]|hmac[4217440860aa9c900ffa0e5d2af93881]
2016-08-04 09:03:14|orderid[Y160804369730]|str[Buy10013629852Y16080436973050CNYhttp://www.zhiying365.com/services/yeepay_return.php0CMBCHINA-NET-B2C7day1]|hmac[ee567240a800ac7f2b28befcd5fef55e]
2016-08-04 09:15:56|orderid[Y160804906323]|str[Buy10013629852Y16080490632350CNYhttp://www.zhiying365.com/services/yeepay_return.php0BOC-NET-B2C7day1]|hmac[0fad1b3c2075e5bef134e3f3fa2c98af]
2016-08-04 09:16:53|orderid[Y160804430977]|str[Buy10013629852Y16080443097750CNYhttp://www.zhiying365.com/services/yeepay_return.php0ICBC-NET-B2C7day1]|hmac[3e2a1284222abe5274fd94c5149f7adb]
2016-08-04 09:17:14|orderid[Y160804172256]|str[Buy10013629852Y16080417225650CNYhttp://www.zhiying365.com/services/yeepay_return.php0ICBC-NET-B2C7day1]|hmac[34816a3cae78e7ae65fd0c71b74b1eb7]
2016-08-04 09:17:30|orderid[Y160804852596]|str[Buy10013629852Y16080485259650CNYhttp://www.zhiying365.com/services/yeepay_return.php0CCB-NET-B2C7day1]|hmac[8d625b94415c26f50b1444a9ba5342ae]
2016-08-04 09:17:49|orderid[Y160804458864]|str[Buy10013629852Y16080445886450CNYhttp://www.zhiying365.com/services/yeepay_return.php0ABC-NET-B2C7day1]|hmac[4567f4f68de600c87852ae95a3157ed4]
2016-08-04 09:18:45|orderid[Y160804828261]|str[Buy10013629852Y16080482826150CNYhttp://www.zhiying365.com/services/yeepay_return.php0CMBCHINA-NET-B2C7day1]|hmac[582e7dbc068fb2331d5560a5b54c52ee]
2016-08-04 09:19:16|orderid[Y160804429586]|str[Buy10013629852Y16080442958650CNYhttp://www.zhiying365.com/services/yeepay_return.php0CMBCHINA-NET-B2C7day1]|hmac[2d3c56593e8865851f755a35edb7ee7a]
2016-08-04 09:19:41|orderid[Y160804803207]|str[Buy10013629852Y16080480320750CNYhttp://www.zhiying365.com/services/yeepay_return.php0BOCO-NET-B2C7day1]|hmac[4227904a92273bcc070fe6800b29de56]
2016-08-04 09:20:20|orderid[Y160804276555]|str[Buy10013629852Y16080427655550CNYhttp://www.zhiying365.com/services/yeepay_return.php0CIB-NET-B2C7day1]|hmac[e9419ad5daa6d1d2cb909125e06b2dde]
2016-08-04 09:21:59|orderid[Y160804361360]|str[Buy10013629852Y16080436136050CNYhttp://www.zhiying365.com/services/yeepay_return.php0CIB-NET-B2C7day1]|hmac[5b08685622a0e6d29cede4323e8c471d]
2016-08-04 09:22:35|orderid[Y160804752722]|str[Buy10013629852Y16080475272250CNYhttp://www.zhiying365.com/services/yeepay_return.php0CMBC-NET-B2C7day1]|hmac[72d95780ed8fa3edbd841f2a35f22800]
2016-08-04 09:23:49|orderid[Y160804263031]|str[Buy10013629852Y16080426303150CNYhttp://www.zhiying365.com/services/yeepay_return.php0CMBC-NET-B2C7day1]|hmac[8986246075289c46da7a669748994655]
2016-08-04 09:23:59|orderid[Y160804374622]|str[Buy10013629852Y16080437462250CNYhttp://www.zhiying365.com/services/yeepay_return.php0CEB-NET-B2C7day1]|hmac[fb0690d0e261fc1f62ede2eb7d734079]
2016-08-04 09:24:28|orderid[Y160804620179]|str[Buy10013629852Y16080462017950CNYhttp://www.zhiying365.com/services/yeepay_return.php0PINGANBANK-NET-B2C7day1]|hmac[10592f492b34cef96f2844d2f49b0bda]
2016-08-04 09:24:59|orderid[Y160804626510]|str[Buy10013629852Y16080462651050CNYhttp://www.zhiying365.com/services/yeepay_return.php0ECITIC-NET-B2C7day1]|hmac[25ac3440a3cc25b0a754d067b10d3d99]
2016-08-04 09:25:17|orderid[Y160804072451]|str[Buy10013629852Y16080407245150CNYhttp://www.zhiying365.com/services/yeepay_return.php0SDB-NET-B2C7day1]|hmac[530e4ac3a8ab90716873f2dfcf3fdcc5]
2016-08-04 09:25:31|orderid[Y160804936337]|str[Buy10013629852Y16080493633750CNYhttp://www.zhiying365.com/services/yeepay_return.php0SDB-NET-B2C7day1]|hmac[2bce31e95cd14b2a0eaeecfc91a64e76]
2016-08-04 09:25:46|orderid[Y160804932766]|str[Buy10013629852Y16080493276650CNYhttp://www.zhiying365.com/services/yeepay_return.php0SDB-NET-B2C7day1]|hmac[3babe91023b8710cf7c971dcfda9fe84]
2016-08-04 09:26:00|orderid[Y160804712352]|str[Buy10013629852Y16080471235250CNYhttp://www.zhiying365.com/services/yeepay_return.php0GDB-NET-B2C7day1]|hmac[153dce762a816c58db7a969219264429]
2016-08-04 09:27:22|orderid[Y160804875272]|str[Buy10013629852Y16080487527250CNYhttp://www.zhiying365.com/services/yeepay_return.php0GDB-NET-B2C7day1]|hmac[89091d1123e9a8d88fd4cf78468374c0]
2016-08-04 09:30:27|orderid[Y160804483515]|str[Buy10013629852Y16080448351550CNYhttp://www.zhiying365.com/services/yeepay_return.php0SHB-NET-B2C7day1]|hmac[3c2639f9a9a9823f72ade48fc41fdada]
2016-08-04 09:30:47|orderid[Y160804808586]|str[Buy10013629852Y16080480858650CNYhttp://www.zhiying365.com/services/yeepay_return.php0SPDB-NET-B2C7day1]|hmac[812be3aa525b1c83cd79907e4ca20186]
2016-08-04 09:31:03|orderid[Y160804870000]|str[Buy10013629852Y16080487000050CNYhttp://www.zhiying365.com/services/yeepay_return.php0SPDB-NET-B2C7day1]|hmac[ce875b647668edd7174acd483e56253f]
2016-08-04 09:31:18|orderid[Y160804068513]|str[Buy10013629852Y16080406851350CNYhttp://www.zhiying365.com/services/yeepay_return.php0HXB-NET-B2C7day1]|hmac[2c90e41bb48e7f9bee3ac3c59f0369cf]
2016-08-04 09:32:41|orderid[Y160804184118]|str[Buy10013629852Y16080418411850CNYhttp://www.zhiying365.com/services/yeepay_return.php0BCCB-NET-B2C7day1]|hmac[b6c1f900087e404c10727c9d06090c46]
2016-08-04 09:34:26|orderid[Y160804640017]|str[Buy10013629852Y16080464001750CNYhttp://www.zhiying365.com/services/yeepay_return.php0POST-NET-B2C7day1]|hmac[338e93bcb50b15bb86475b2d81481963]
2016-08-04 12:09:18|orderid[Y160804222351]|str[Buy10013629852Y160804222351500CNYhttp://www.zhiying365.com/services/yeepay_return.php0CCB-NET-B2C7day1]|hmac[752aa35db1876c4e403235608f3a64ee]
2016-08-04 14:00:31|orderid[Y160804389076]|str[Buy10013629852Y16080438907628CNYhttp://www.zhiying365.com/services/yeepay_return.php0CIB-NET-B2C7day1]|hmac[e11eade4be2cd0c8323c66f1227cbc93]
2016-08-04 14:05:08|orderid[Y160804996099]|str[Buy10013629852Y16080499609928CNYhttp://www.zhiying365.com/services/yeepay_return.php0CIB-NET-B2C7day1]|hmac[6fb86bb3628ca7156a39a1638a206ff6]
2016-08-04 15:20:05|orderid[Y160804238887]|str[Buy10013629852Y160804238887500CNYhttp://www.zhiying365.com/services/yeepay_return.php0BOCO-NET-B2C7day1]|hmac[3ef073099828986be0f2fee428a3a7e2]
2016-08-04 16:24:50|orderid[Y160804322904]|str[Buy10013629852Y1608043229045000CNYhttp://www.zhiying365.com/services/yeepay_return.php0ICBC-NET-B2C7day1]|hmac[eef9f8ecb0f0644f91ee7f9701cdab26]
2016-08-04 19:11:14|orderid[Y160804193608]|str[Buy10013629852Y16080419360820CNYhttp://www.zhiying365.com/services/yeepay_return.php0CIB-NET-B2C7day1]|hmac[5c76a722507650f2727997d45d600b9b]
2016-08-04 19:27:23|orderid[Y160804605247]|str[Buy10013629852Y16080460524710CNYhttp://www.zhiying365.com/services/yeepay_return.php0CIB-NET-B2C7day1]|hmac[ceb403068c069f0362cf6c29e8512d56]
2016-08-04 19:36:14|orderid[Y160804008952]|str[Buy10013629852Y1608040089522CNYhttp://www.zhiying365.com/services/yeepay_return.php0CIB-NET-B2C7day1]|hmac[bfc815b31f622c9577f039947ed557f6]
2016-08-04 20:13:58|orderid[Y160804536739]|str[Buy10013629852Y160804536739500CNYhttp://www.zhiying365.com/services/yeepay_return.php0ICBC-NET-B2C7day1]|hmac[a149f8489f8f462a0639e699bd38467c]
2016-08-04 20:54:37|orderid[Y160804404497]|str[Buy10013629852Y1608044044972CNYhttp://www.zhiying365.com/services/yeepay_return.php0CIB-NET-B2C7day1]|hmac[8d827cd43d46fbd56c66991d4e887563]
2016-08-04 21:29:59|orderid[Y160804975427]|str[Buy10013629852Y160804975427500CNYhttp://www.zhiying365.com/services/yeepay_return.php0CMBCHINA-NET-B2C7day1]|hmac[c8933a6824afd7ccdabb8bbff5548dec]
2016-08-04 21:30:54|orderid[Y160804534327]|str[Buy10013629852Y1608045343271000CNYhttp://www.zhiying365.com/services/yeepay_return.php0CMBCHINA-NET-B2C7day1]|hmac[720d3a74e5ead4bed3248865e1014c03]
2016-08-04 21:33:06|orderid[Y160804306001]|str[Buy10013629852Y160804306001900CNYhttp://www.zhiying365.com/services/yeepay_return.php0CMBCHINA-NET-B2C7day1]|hmac[716dbc8c458ce46d794245c56c6f05e1]
2016-08-04 21:34:23|orderid[Y160804541407]|str[Buy10013629852Y160804541407500CNYhttp://www.zhiying365.com/services/yeepay_return.php0CMBCHINA-NET-B2C7day1]|hmac[d8597cf3e91390941007ac8b1fc167e9]
2016-08-04 22:11:37|orderid[Y160804442889]|str[Buy10013629852Y160804442889200CNYhttp://www.zhiying365.com/services/yeepay_return.php0CCB-NET-B2C7day1]|hmac[46f61a93a0e45b6a411502f1eb108a07]
2016-08-04 22:33:20|orderid[Y160804176269]|str[Buy10013629852Y160804176269100CNYhttp://www.zhiying365.com/services/yeepay_return.php0CEB-NET-B2C7day1]|hmac[e39b133fa58656a1486934d31029a1c7]
2016-08-04 22:33:39|orderid[Y160804429381]|str[Buy10013629852Y160804429381100CNYhttp://www.zhiying365.com/services/yeepay_return.php0ICBC-NET-B2C7day1]|hmac[1692e95c0bfa7d7095069ec2d68626f7]
2016-08-04 23:00:52|orderid[Y160804667828]|str[Buy10013629852Y1608046678281000CNYhttp://www.zhiying365.com/services/yeepay_return.php0ICBC-NET-B2C7day1]|hmac[fe9649505fdf52af20d6224ec1a0d2dd]
2016-08-04 23:01:44|orderid[Y160804967136]|str[Buy10013629852Y1608049671361000CNYhttp://www.zhiying365.com/services/yeepay_return.php0ICBC-NET-B2C7day1]|hmac[8b80b0eae8c5fa0f4d38dad6c0c52e57]
2016-08-04 23:05:32|orderid[Y160804265598]|str[Buy10013629852Y160804265598500CNYhttp://www.zhiying365.com/services/yeepay_return.php0BOCO-NET-B2C7day1]|hmac[e28451faaa3b2f31b5e15cc59fc29b4a]
2016-08-04 23:08:49|orderid[Y160804055314]|str[Buy10013629852Y1608040553141000CNYhttp://www.zhiying365.com/services/yeepay_return.php0BOCO-NET-B2C7day1]|hmac[ffbffaac7c7141871b33a8d60342f286]
2016-08-05 09:00:01|orderid[Y160805776206]|str[Buy10013629852Y160805776206200CNYhttp://www.zhiying365.com/services/yeepay_return.php0BOCO-NET-B2C7day1]|hmac[ecc6a6eb171b3ad915a313eb17753790]
2016-08-05 12:42:52|orderid[Y160805015527]|str[Buy10013629852Y160805015527500CNYhttp://www.zhiying365.com/services/yeepay_return.php0CIB-NET-B2C7day1]|hmac[bc9b60eae5837a53be96b30540b53c68]
2016-08-05 12:49:34|orderid[Y160805268553]|str[Buy10013629852Y160805268553100CNYhttp://www.zhiying365.com/services/yeepay_return.php0CIB-NET-B2C7day1]|hmac[4bb17677e491da033374c89c2688300e]
2016-08-05 13:55:38|orderid[Y160805990139]|str[Buy10013629852Y160805990139461CNYhttp://www.zhiying365.com/services/yeepay_return.php0PINGANBANK-NET-B2C7day1]|hmac[a5cc9eb62b16e4806426b052e7c4e464]
2016-08-05 14:04:18|orderid[Y160805363821]|str[Buy10013629852Y16080536382111CNYhttp://www.zhiying365.com/services/yeepay_return.php0SPDB-NET-B2C7day1]|hmac[2347a2df29e37815bedd784073402e2c]
2016-08-05 14:05:37|orderid[Y160805647625]|str[Buy10013629852Y16080564762511CNYhttp://www.zhiying365.com/services/yeepay_return.php0SPDB-NET-B2C7day1]|hmac[5d8d0123ebebc92bd65a89061ae8df89]
2016-08-05 14:07:10|orderid[Y160805499841]|str[Buy10013629852Y16080549984111CNYhttp://www.zhiying365.com/services/yeepay_return.php0SPDB-NET-B2C7day1]|hmac[d75b4f45ef6a3483fa145be76f56138e]
2016-08-05 14:08:43|orderid[Y160805786552]|str[Buy10013629852Y16080578655211CNYhttp://www.zhiying365.com/services/yeepay_return.php0SPDB-NET-B2C7day1]|hmac[e17e9541c77f2d6fb0274397d6c6e8df]
2016-08-05 14:55:03|orderid[Y160805804113]|str[Buy10013629852Y1608058041133000CNYhttp://www.zhiying365.com/services/yeepay_return.php0ICBC-NET-B2C7day1]|hmac[8b5d2fa304d83e25b4faf3eaf8a72aa8]
2016-08-05 16:54:22|orderid[Y160805983646]|str[Buy10013629852Y1608059836461000CNYhttp://www.zhiying365.com/services/yeepay_return.php0CEB-NET-B2C7day1]|hmac[63e599d3b727077262d4f46af26fd401]
2016-08-05 17:23:46|orderid[Y160805060397]|str[Buy10013629852Y160805060397100CNYhttp://www.zhiying365.com/services/yeepay_return.php0ICBC-NET-B2C7day1]|hmac[d32fc02ea38e71e2941c345cdabd6ecd]
2016-08-05 17:24:44|orderid[Y160805721846]|str[Buy10013629852Y160805721846100CNYhttp://www.zhiying365.com/services/yeepay_return.php0ICBC-NET-B2C7day1]|hmac[ef069995e065ce9cf189a7cd0051f13f]
2016-08-05 17:34:28|orderid[Y160805024846]|str[Buy10013629852Y160805024846100CNYhttp://www.zhiying365.com/services/yeepay_return.php0ICBC-NET-B2C7day1]|hmac[827a4ab9d31a86d1437e60d1b838e4ac]
2016-08-05 17:43:13|orderid[Y160805875181]|str[Buy10013629852Y160805875181500CNYhttp://www.zhiying365.com/services/yeepay_return.php0CMBCHINA-NET-B2C7day1]|hmac[3768d17cdc60ff142dabdcb94eb6481d]
2016-08-05 19:39:13|orderid[Y160805997119]|str[Buy10013629852Y1608059971191312CNYhttp://www.zhiying365.com/services/yeepay_return.php0CMBCHINA-NET-B2C7day1]|hmac[23b1154955714557e7a0da54f9ff8514]
2016-08-05 19:42:30|orderid[Y160805570232]|str[Buy10013629852Y160805570232500CNYhttp://www.zhiying365.com/services/yeepay_return.php0CMBCHINA-NET-B2C7day1]|hmac[f4bafb66a67bc6effa4befc605fb002d]
2016-08-05 19:43:49|orderid[Y160805416582]|str[Buy10013629852Y160805416582500CNYhttp://www.zhiying365.com/services/yeepay_return.php0CMBCHINA-NET-B2C7day1]|hmac[b62a1b583c2a5572fe0da21833f6caba]
2016-08-05 20:03:34|orderid[Y160805993501]|str[Buy10013629852Y160805993501100CNYhttp://www.zhiying365.com/services/yeepay_return.php0CMBCHINA-NET-B2C7day1]|hmac[1d6179be24821c6cff1004c18c7631a2]
2016-08-05 20:06:05|orderid[Y160805704217]|str[Buy10013629852Y160805704217500CNYhttp://www.zhiying365.com/services/yeepay_return.php0CCB-NET-B2C7day1]|hmac[d2f53cb9750e793483c77a4e8d60ea3d]
2016-08-05 21:04:55|orderid[Y160805811711]|str[Buy10013629852Y16080581171150CNYhttp://www.zhiying365.com/services/yeepay_return.php0CCB-NET-B2C7day1]|hmac[df256cbc40977db686f6bed72225683b]
2016-08-05 21:28:32|orderid[Y160805108038]|str[Buy10013629852Y1608051080381000CNYhttp://www.zhiying365.com/services/yeepay_return.php0PINGANBANK-NET-B2C7day1]|hmac[8b27447a9a5ed13df318abb791b1b779]
2016-08-05 21:29:59|orderid[Y160805713389]|str[Buy10013629852Y1608057133891000CNYhttp://www.zhiying365.com/services/yeepay_return.php0CIB-NET-B2C7day1]|hmac[1efcb28876b68b967d86ad89dcae3177]
2016-08-05 21:38:53|orderid[Y160805154436]|str[Buy10013629852Y1608051544361000CNYhttp://www.zhiying365.com/services/yeepay_return.php0CMBCHINA-NET-B2C7day1]|hmac[8284c8a7a3dc94e45b8a3f7960ae90c5]
2016-08-05 21:42:03|orderid[Y160805632778]|str[Buy10013629852Y1608056327783000CNYhttp://www.zhiying365.com/services/yeepay_return.php0CMBCHINA-NET-B2C7day1]|hmac[e921a875ca4e638bf5a190797202c50a]
2016-08-05 21:42:48|orderid[Y160805485167]|str[Buy10013629852Y1608054851673000CNYhttp://www.zhiying365.com/services/yeepay_return.php0CMBCHINA-NET-B2C7day1]|hmac[52914ae26f893a895c586fa57373440c]
2016-08-05 21:43:02|orderid[Y160805262061]|str[Buy10013629852Y1608052620613000CNYhttp://www.zhiying365.com/services/yeepay_return.php0CMBCHINA-NET-B2C7day1]|hmac[0fe895c85ca7fdc0528ff13d3c37e12a]
2016-08-05 21:43:20|orderid[Y160805494525]|str[Buy10013629852Y1608054945253000CNYhttp://www.zhiying365.com/services/yeepay_return.php0CMBCHINA-NET-B2C7day1]|hmac[e2f85f8ab9b3fb9070ae3735338b9043]
2016-08-05 21:46:22|orderid[Y160805797931]|str[Buy10013629852Y1608057979312000CNYhttp://www.zhiying365.com/services/yeepay_return.php0PINGANBANK-NET-B2C7day1]|hmac[b33f60c3ced2908c8679fb7e56ce57f6]
2016-08-05 21:48:03|orderid[Y160805646120]|str[Buy10013629852Y160805646120100CNYhttp://www.zhiying365.com/services/yeepay_return.php0POST-NET-B2C7day1]|hmac[b692261dd106cbf31e261eb510c383a6]
2016-08-05 21:48:15|orderid[Y160805199280]|str[Buy10013629852Y1608051992803000CNYhttp://www.zhiying365.com/services/yeepay_return.php0CCB-NET-B2C7day1]|hmac[01092175960b5fa72cb978fcfeb298c4]
2016-08-05 21:54:34|orderid[Y160805199238]|str[Buy10013629852Y1608051992386000CNYhttp://www.zhiying365.com/services/yeepay_return.php0CCB-NET-B2C7day1]|hmac[db2c32ece8d9845dd5c8477e41a226c7]
2016-08-05 22:02:23|orderid[Y160805726734]|str[Buy10013629852Y1608057267346000CNYhttp://www.zhiying365.com/services/yeepay_return.php0CCB-NET-B2C7day1]|hmac[b191c1e54f3466d6cd3cf04acd240ca7]
2016-08-05 22:03:33|orderid[Y160805790792]|str[Buy10013629852Y1608057907926000CNYhttp://www.zhiying365.com/services/yeepay_return.php0CCB-NET-B2C7day1]|hmac[17eef1c28b193df9c52ef2f9d982e17a]
2016-08-05 22:04:26|orderid[Y160805958205]|str[Buy10013629852Y1608059582053000CNYhttp://www.zhiying365.com/services/yeepay_return.php0CCB-NET-B2C7day1]|hmac[c2953d76d94e71fbb2a51bd40b6514cf]
2016-08-05 22:05:15|orderid[Y160805290212]|str[Buy10013629852Y1608052902121000CNYhttp://www.zhiying365.com/services/yeepay_return.php0CCB-NET-B2C7day1]|hmac[c29e38c58d118124343570548fca17c6]
2016-08-05 22:06:15|orderid[Y160805363516]|str[Buy10013629852Y160805363516500CNYhttp://www.zhiying365.com/services/yeepay_return.php0CCB-NET-B2C7day1]|hmac[1204e876831374450859fadec4edb0bc]
2016-08-05 22:06:36|orderid[Y160805422960]|str[Buy10013629852Y160805422960600CNYhttp://www.zhiying365.com/services/yeepay_return.php0CCB-NET-B2C7day1]|hmac[79f35c213b5a6836aa25beb2a521aa16]
2016-08-05 22:07:10|orderid[Y160805918795]|str[Buy10013629852Y1608059187951000CNYhttp://www.zhiying365.com/services/yeepay_return.php0CMBCHINA-NET-B2C7day1]|hmac[b9ea35392e5d055fb4d88ee355fd5198]
2016-08-05 22:07:29|orderid[Y160805745138]|str[Buy10013629852Y160805745138500CNYhttp://www.zhiying365.com/services/yeepay_return.php0CCB-NET-B2C7day1]|hmac[2929c65414865adef6e76fb5e4a7ab99]
2016-08-05 22:08:36|orderid[Y160805380020]|str[Buy10013629852Y160805380020200CNYhttp://www.zhiying365.com/services/yeepay_return.php0CCB-NET-B2C7day1]|hmac[1adfc74a215245cc255cfd86dd2a3071]
2016-08-05 22:09:01|orderid[Y160805815230]|str[Buy10013629852Y160805815230100CNYhttp://www.zhiying365.com/services/yeepay_return.php0CCB-NET-B2C7day1]|hmac[368e348222eafecc43b34f55ae251ae1]
2016-08-05 22:10:01|orderid[Y160805374091]|str[Buy10013629852Y160805374091500CNYhttp://www.zhiying365.com/services/yeepay_return.php0CMBCHINA-NET-B2C7day1]|hmac[98ff7d1d69d66d18acc3c6311cbfea1b]
2016-08-05 22:27:09|orderid[Y160805595138]|str[Buy10013629852Y160805595138100CNYhttp://www.zhiying365.com/services/yeepay_return.php0CMBCHINA-NET-B2C7day1]|hmac[8199a1be6801187b1016a8a8284c1e31]
2016-08-05 22:37:10|orderid[Y160805596710]|str[Buy10013629852Y1608055967101000CNYhttp://www.zhiying365.com/services/yeepay_return.php0CCB-NET-B2C7day1]|hmac[eba472a1c277ab9d3920e2788c2b962f]
2016-08-05 22:39:53|orderid[Y160805725625]|str[Buy10013629852Y1608057256251000CNYhttp://www.zhiying365.com/services/yeepay_return.php0GDB-NET-B2C7day1]|hmac[1a7a24e7cea770f3e0dc9feaf4df66be]
2016-08-05 22:50:10|orderid[Y160805961871]|str[Buy10013629852Y160805961871100CNYhttp://www.zhiying365.com/services/yeepay_return.php0CCB-NET-B2C7day1]|hmac[66408c7b457eaba45bb94c382069781e]
2016-08-05 23:01:47|orderid[Y160805043484]|str[Buy10013629852Y160805043484500CNYhttp://www.zhiying365.com/services/yeepay_return.php0CMBCHINA-NET-B2C7day1]|hmac[5562a6da6997b8a7425f43ee33438a3c]
2016-08-05 23:09:33|orderid[Y160805676779]|str[Buy10013629852Y160805676779500CNYhttp://www.zhiying365.com/services/yeepay_return.php0CMBCHINA-NET-B2C7day1]|hmac[dd1ce7efbe3b37649d7d172399f9bbe4]
2016-08-05 23:11:26|orderid[Y160805868075]|str[Buy10013629852Y160805868075500CNYhttp://www.zhiying365.com/services/yeepay_return.php0ICBC-NET-B2C7day1]|hmac[273ee9e3dfda77f9b0758f6763e3c097]
2016-08-06 15:39:18|orderid[Y160806857504]|str[Buy10013629852Y1608068575041000CNYhttp://www.zhiying365.com/services/yeepay_return.php0CMBCHINA-NET-B2C7day1]|hmac[41d3d87725e7f349c39cae981896da4b]
2016-08-06 15:54:33|orderid[Y160806785825]|str[Buy10013629852Y160806785825150CNYhttp://www.zhiying365.com/services/yeepay_return.php0ICBC-NET-B2C7day1]|hmac[cfa900bf9c2da5e7bfa8d2579c99b209]
2016-08-06 15:54:33|orderid[Y160806942986]|str[Buy10013629852Y160806942986150CNYhttp://www.zhiying365.com/services/yeepay_return.php0ICBC-NET-B2C7day1]|hmac[82431c70b93b6877fdb90d7bb4fcbba5]
2016-08-06 16:16:23|orderid[Y160806518117]|str[Buy10013629852Y160806518117100CNYhttp://www.zhiying365.com/services/yeepay_return.php0CCB-NET-B2C7day1]|hmac[7c635641a81c534c2b27414e1e4a688f]
2016-08-06 16:23:55|orderid[Y160806734053]|str[Buy10013629852Y1608067340531000CNYhttp://www.zhiying365.com/services/yeepay_return.php0CMBCHINA-NET-B2C7day1]|hmac[3474d64f5263119b71d630ad15af8d11]
2016-08-06 16:26:48|orderid[Y160806401158]|str[Buy10013629852Y1608064011581000CNYhttp://www.zhiying365.com/services/yeepay_return.php0PINGANBANK-NET-B2C7day1]|hmac[144dd7f3ba87f9402713fd8b557c993a]
2016-08-06 16:27:08|orderid[Y160806512181]|str[Buy10013629852Y160806512181897CNYhttp://www.zhiying365.com/services/yeepay_return.php0PINGANBANK-NET-B2C7day1]|hmac[752678c8fba376cc9ddd0c393de8db6c]
2016-08-06 16:29:19|orderid[Y160806367689]|str[Buy10013629852Y160806367689821CNYhttp://www.zhiying365.com/services/yeepay_return.php0PINGANBANK-NET-B2C7day1]|hmac[a27ce5587bd259b46a9c7d602464b8d3]
2016-08-06 16:44:21|orderid[Y160806437417]|str[Buy10013629852Y160806437417100CNYhttp://www.zhiying365.com/services/yeepay_return.php0ECITIC-NET-B2C7day1]|hmac[c6acd096883bd619a02c7a8b8e5e9210]
2016-08-06 16:47:48|orderid[Y160806856022]|str[Buy10013629852Y160806856022300CNYhttp://www.zhiying365.com/services/yeepay_return.php0CCB-NET-B2C7day1]|hmac[ef281e7577caec2d0713af04c1751990]
2016-08-06 16:49:47|orderid[Y160806579143]|str[Buy10013629852Y160806579143103CNYhttp://www.zhiying365.com/services/yeepay_return.php0PINGANBANK-NET-B2C7day1]|hmac[777df13b837a1f89ca535651c9830111]
2016-08-06 16:56:50|orderid[Y160806926870]|str[Buy10013629852Y160806926870718CNYhttp://www.zhiying365.com/services/yeepay_return.php0PINGANBANK-NET-B2C7day1]|hmac[d6cc0cfde042490aaacdafac4f3e067b]
2016-08-06 17:00:51|orderid[Y160806909410]|str[Buy10013629852Y1608069094101000CNYhttp://www.zhiying365.com/services/yeepay_return.php0CMBC-NET-B2C7day1]|hmac[3e590855fac694fc71915ee21d4e8512]
2016-08-06 17:01:17|orderid[Y160806390805]|str[Buy10013629852Y1608063908051000CNYhttp://www.zhiying365.com/services/yeepay_return.php0ECITIC-NET-B2C7day1]|hmac[de302211d4b0f857779d096176e321c9]
2016-08-06 17:03:23|orderid[Y160806439168]|str[Buy10013629852Y1608064391681000CNYhttp://www.zhiying365.com/services/yeepay_return.php0BOCO-NET-B2C7day1]|hmac[bd14fe580ca12e22817f2eb377d4c276]
2016-08-06 17:04:55|orderid[Y160806359359]|str[Buy10013629852Y160806359359205CNYhttp://www.zhiying365.com/services/yeepay_return.php0ECITIC-NET-B2C7day1]|hmac[fb09aedae748bb029c1bfaa273948117]
2016-08-06 17:10:00|orderid[Y160806687806]|str[Buy10013629852Y160806687806205CNYhttp://www.zhiying365.com/services/yeepay_return.php0BOCO-NET-B2C7day1]|hmac[293de9ef24fe095ca703be0915cf6035]
2016-08-06 17:10:25|orderid[Y160806633174]|str[Buy10013629852Y160806633174500CNYhttp://www.zhiying365.com/services/yeepay_return.php0BOCO-NET-B2C7day1]|hmac[eb508a060369b3e17e442700b2dc0742]
2016-08-06 17:12:25|orderid[Y160806501335]|str[Buy10013629852Y160806501335500CNYhttp://www.zhiying365.com/services/yeepay_return.php0BOCO-NET-B2C7day1]|hmac[4d36597cf88119c11f9911b3e324537c]
2016-08-06 17:12:30|orderid[Y160806060087]|str[Buy10013629852Y1608060600871000CNYhttp://www.zhiying365.com/services/yeepay_return.php0BOCO-NET-B2C7day1]|hmac[bb1c068b8d59cb1a2689262024be4471]
2016-08-06 17:13:48|orderid[Y160806824468]|str[Buy10013629852Y1608068244681000CNYhttp://www.zhiying365.com/services/yeepay_return.php0BOCO-NET-B2C7day1]|hmac[470e69663f6c85b8f174b625d5cda882]
2016-08-06 17:16:14|orderid[Y160806027697]|str[Buy10013629852Y1608060276971000CNYhttp://www.zhiying365.com/services/yeepay_return.php0BOCO-NET-B2C7day1]|hmac[c7e5ccead75fbf0a7e9ac218faa06b4a]
2016-08-06 17:16:38|orderid[Y160806742876]|str[Buy10013629852Y1608067428761000CNYhttp://www.zhiying365.com/services/yeepay_return.php0BOCO-NET-B2C7day1]|hmac[f026ca752443d2c4822a787e7343cfd3]
2016-08-06 17:17:49|orderid[Y160806316196]|str[Buy10013629852Y1608063161961000CNYhttp://www.zhiying365.com/services/yeepay_return.php0BOCO-NET-B2C7day1]|hmac[71c56b4b86ea1a2b526f0c1b5d1fe1d2]
2016-08-06 17:19:36|orderid[Y160806587821]|str[Buy10013629852Y160806587821993CNYhttp://www.zhiying365.com/services/yeepay_return.php0GDB-NET-B2C7day1]|hmac[f746caa75c93f0bc0b622cd023d192a5]
2016-08-06 18:56:49|orderid[Y160806883124]|str[Buy10013629852Y160806883124400CNYhttp://www.zhiying365.com/services/yeepay_return.php0CCB-NET-B2C7day1]|hmac[06bfc1f59c6ef42dfe7747ef52eef431]
2016-08-06 19:00:25|orderid[Y160806619593]|str[Buy10013629852Y16080661959349.34CNYhttp://www.zhiying365.com/services/yeepay_return.php0BOC-NET-B2C7day1]|hmac[81458543d005b1fc11748fbfbd3ac312]
2016-08-06 19:49:11|orderid[Y160806146624]|str[Buy10013629852Y160806146624200CNYhttp://www.zhiying365.com/services/yeepay_return.php0CIB-NET-B2C7day1]|hmac[c3e3dc8bd3d954aead3a9ea38b49d9aa]
2016-08-06 20:55:00|orderid[Y160806880717]|str[Buy10013629852Y1608068807173200CNYhttp://www.zhiying365.com/services/yeepay_return.php0CCB-NET-B2C7day1]|hmac[3be6e2e2d84a252a435e4a512f9073e7]
2016-08-06 21:14:56|orderid[Y160806526975]|str[Buy10013629852Y16080652697520CNYhttp://www.zhiying365.com/services/yeepay_return.php0ABC-NET-B2C7day1]|hmac[a9aceb91e4b9a1e9385775583bae54e9]
2016-08-06 21:15:25|orderid[Y160806478564]|str[Buy10013629852Y16080647856420CNYhttp://www.zhiying365.com/services/yeepay_return.php0ABC-NET-B2C7day1]|hmac[3ba058aef306495bcc92d71cc9fe8978]
2016-08-06 21:21:35|orderid[Y160806512033]|str[Buy10013629852Y160806512033200CNYhttp://www.zhiying365.com/services/yeepay_return.php0BOCO-NET-B2C7day1]|hmac[e37529cf32a44a0e274d5c42b883747c]
2016-08-06 21:29:52|orderid[Y160806436139]|str[Buy10013629852Y160806436139100CNYhttp://www.zhiying365.com/services/yeepay_return.php0CMBCHINA-NET-B2C7day1]|hmac[b73ecc13847118b4962482146d41860a]
2016-08-06 21:48:46|orderid[Y160806027616]|str[Buy10013629852Y16080602761650CNYhttp://www.zhiying365.com/services/yeepay_return.php0CMBCHINA-NET-B2C7day1]|hmac[848b27d1333c447024a3f0239234cd29]
2016-08-06 22:02:22|orderid[Y160806157675]|str[Buy10013629852Y160806157675100CNYhttp://www.zhiying365.com/services/yeepay_return.php0CCB-NET-B2C7day1]|hmac[1a880c221930ef22eedd3389ac5735e4]
2016-08-06 23:12:44|orderid[Y160806587683]|str[Buy10013629852Y160806587683500CNYhttp://www.zhiying365.com/services/yeepay_return.php0ABC-NET-B2C7day1]|hmac[f0dfee05a9cc757c6e7415f7caf7487d]
2016-08-06 23:35:48|orderid[Y160806628971]|str[Buy10013629852Y160806628971500CNYhttp://www.zhiying365.com/services/yeepay_return.php0BOCO-NET-B2C7day1]|hmac[1d3278f708667d370f9698abf4348d48]
2016-08-06 23:36:22|orderid[Y160806378425]|str[Buy10013629852Y160806378425500CNYhttp://www.zhiying365.com/services/yeepay_return.php0BOCO-NET-B2C7day1]|hmac[2fa3989bcc25c1f5dca1de1b44aa6c47]
2016-08-06 23:44:09|orderid[Y160806766629]|str[Buy10013629852Y160806766629342CNYhttp://www.zhiying365.com/services/yeepay_return.php0ECITIC-NET-B2C7day1]|hmac[69c9817f63311cbc4759cb67edfd3259]
2016-08-06 23:50:29|orderid[Y160806059976]|str[Buy10013629852Y160806059976500CNYhttp://www.zhiying365.com/services/yeepay_return.php0ECITIC-NET-B2C7day1]|hmac[6bb56c599bc9e3f8cde6c350e5c00b26]
2016-08-06 23:51:16|orderid[Y160806924083]|str[Buy10013629852Y160806924083500CNYhttp://www.zhiying365.com/services/yeepay_return.php0ECITIC-NET-B2C7day1]|hmac[ed69be31047b21bd618863841ebd1f75]
2016-08-06 23:55:56|orderid[Y160806909126]|str[Buy10013629852Y160806909126500CNYhttp://www.zhiying365.com/services/yeepay_return.php0ECITIC-NET-B2C7day1]|hmac[9659cc11afd97f03a218e330eab995a6]
2016-08-07 00:00:11|orderid[Y160807136396]|str[Buy10013629852Y160807136396503CNYhttp://www.zhiying365.com/services/yeepay_return.php0PINGANBANK-NET-B2C7day1]|hmac[4be313f240428570612e7b72985f3109]
2016-08-07 00:16:23|orderid[Y160807874640]|str[Buy10013629852Y160807874640500CNYhttp://www.zhiying365.com/services/yeepay_return.php0GDB-NET-B2C7day1]|hmac[e62afd4b5e1997ae6b76dc4b02acc435]
2016-08-07 09:58:07|orderid[Y160807629447]|str[Buy10013629852Y160807629447100CNYhttp://www.zhiying365.com/services/yeepay_return.php0CMBCHINA-NET-B2C7day1]|hmac[d6bbc3a1220c43c830100714d26b29e2]
2016-08-07 10:31:01|orderid[Y160807549279]|str[Buy10013629852Y16080754927950CNYhttp://www.zhiying365.com/services/yeepay_return.php0BOC-NET-B2C7day1]|hmac[df3838d26af2886c33f57d29ef3b79c9]
2016-08-07 10:32:10|orderid[Y160807028618]|str[Buy10013629852Y16080702861850CNYhttp://www.zhiying365.com/services/yeepay_return.php0BOC-NET-B2C7day1]|hmac[ca3aed06071eb7ebfa9f801fc00f3fbd]
2016-08-07 10:35:51|orderid[Y160807396225]|str[Buy10013629852Y16080739622550CNYhttp://www.zhiying365.com/services/yeepay_return.php0BOC-NET-B2C7day1]|hmac[1c81fc5881e1708fb23f9f3a59601f2c]
2016-08-07 12:58:29|orderid[Y160807857467]|str[Buy10013629852Y160807857467100CNYhttp://www.zhiying365.com/services/yeepay_return.php0ICBC-NET-B2C7day1]|hmac[18885c4f6367be3f18c05ef44669d1cf]
2016-08-07 12:59:55|orderid[Y160807933160]|str[Buy10013629852Y160807933160500CNYhttp://www.zhiying365.com/services/yeepay_return.php0PINGANBANK-NET-B2C7day1]|hmac[0c0b76d506fd82bcd16f110bca33ed00]
2016-08-07 13:29:52|orderid[Y160807261951]|str[Buy10013629852Y16080726195120CNYhttp://www.zhiying365.com/services/yeepay_return.php0CIB-NET-B2C7day1]|hmac[f50632875187a22007a5ef4c68f9f1dd]
2016-08-07 14:12:28|orderid[Y160807742065]|str[Buy10013629852Y16080774206512CNYhttp://www.zhiying365.com/services/yeepay_return.php0CIB-NET-B2C7day1]|hmac[36d034ac84b957b3d21e929bffb6c755]
2016-08-07 14:17:30|orderid[Y160807808394]|str[Buy10013629852Y1608078083948CNYhttp://www.zhiying365.com/services/yeepay_return.php0CIB-NET-B2C7day1]|hmac[88cacd3d0c739d79da708f0ee2332de6]
2016-08-07 14:23:55|orderid[Y160807607758]|str[Buy10013629852Y160807607758100CNYhttp://www.zhiying365.com/services/yeepay_return.php0CCB-NET-B2C7day1]|hmac[f390b97b69e2b70e32075d6582e1960c]
2016-08-07 15:14:32|orderid[Y160807026409]|str[Buy10013629852Y160807026409500CNYhttp://www.zhiying365.com/services/yeepay_return.php0ABC-NET-B2C7day1]|hmac[e666b5419f3d0587c908cfe0a72e6bf0]
2016-08-07 15:59:40|orderid[Y160807850741]|str[Buy10013629852Y160807850741500CNYhttp://www.zhiying365.com/services/yeepay_return.php0CMBCHINA-NET-B2C7day1]|hmac[3b7bdc0c31f6101a8fac7eab7d94bd9c]
2016-08-07 16:00:15|orderid[Y160807847116]|str[Buy10013629852Y160807847116498CNYhttp://www.zhiying365.com/services/yeepay_return.php0CMBCHINA-NET-B2C7day1]|hmac[717b2e73a7e25a719f0c03b4d5fcfbb5]
2016-08-07 16:39:51|orderid[Y160807048664]|str[Buy10013629852Y160807048664500CNYhttp://www.zhiying365.com/services/yeepay_return.php0CMBCHINA-NET-B2C7day1]|hmac[9e9b2c55e4773df097bd292be0308b99]
2016-08-07 16:49:51|orderid[Y160807576079]|str[Buy10013629852Y160807576079100CNYhttp://www.zhiying365.com/services/yeepay_return.php0ICBC-NET-B2C7day1]|hmac[64f4986dd8e3ecfc1e07386502d7cbab]
2016-08-07 16:50:26|orderid[Y160807159675]|str[Buy10013629852Y160807159675100CNYhttp://www.zhiying365.com/services/yeepay_return.php0ICBC-NET-B2C7day1]|hmac[f4d8ec0dac22a7519860da0a69360e15]
2016-08-07 16:53:53|orderid[Y160807441092]|str[Buy10013629852Y160807441092100CNYhttp://www.zhiying365.com/services/yeepay_return.php0CCB-NET-B2C7day1]|hmac[b4e7d8d6173f07e6d289b7d886939842]
2016-08-07 18:27:43|orderid[Y160807541580]|str[Buy10013629852Y16080754158020CNYhttp://www.zhiying365.com/services/yeepay_return.php0CIB-NET-B2C7day1]|hmac[dde8b005b66b2c843466abc42f291a80]
2016-08-07 19:46:23|orderid[Y160807239997]|str[Buy10013629852Y1608072399978CNYhttp://www.zhiying365.com/services/yeepay_return.php0PINGANBANK-NET-B2C7day1]|hmac[6091e8b74a519d063c7edbf6d06d3757]
2016-08-07 19:48:00|orderid[Y160807800314]|str[Buy10013629852Y1608078003148CNYhttp://www.zhiying365.com/services/yeepay_return.php0PINGANBANK-NET-B2C7day1]|hmac[08a487a1ecca6d56b2b9b4b8ea4c052f]
2016-08-07 19:49:14|orderid[Y160807252393]|str[Buy10013629852Y16080725239316CNYhttp://www.zhiying365.com/services/yeepay_return.php0PINGANBANK-NET-B2C7day1]|hmac[10bfa9c4d28a1dbd4d634b734f7ab4db]
2016-08-07 20:43:12|orderid[Y160807951171]|str[Buy10013629852Y160807951171150CNYhttp://www.zhiying365.com/services/yeepay_return.php0CMBCHINA-NET-B2C7day1]|hmac[07198a8eb009344c106bdedde740f94c]
2016-08-07 21:03:35|orderid[Y160807767516]|str[Buy10013629852Y16080776751620CNYhttp://www.zhiying365.com/services/yeepay_return.php0ABC-NET-B2C7day1]|hmac[1317877457ea995dfaa1d5ec1cfa2538]
2016-08-07 21:47:32|orderid[Y160807085288]|str[Buy10013629852Y1608070852881198CNYhttp://www.zhiying365.com/services/yeepay_return.php0BCCB-NET-B2C7day1]|hmac[b952de7dc428477f0a0f7cb34e03605e]
2016-08-07 22:42:27|orderid[Y160807539499]|str[Buy10013629852Y16080753949950CNYhttp://www.zhiying365.com/services/yeepay_return.php0CMBCHINA-NET-B2C7day1]|hmac[6c5276d532d5de501ac54a38e5f00a79]
2016-08-07 23:21:09|orderid[Y160807679844]|str[Buy10013629852Y1608076798448CNYhttp://www.zhiying365.com/services/yeepay_return.php0PINGANBANK-NET-B2C7day1]|hmac[0b5e8336f3854baf19003da3c3dc8ae5]
2016-08-07 23:22:41|orderid[Y160807255743]|str[Buy10013629852Y1608072557434CNYhttp://www.zhiying365.com/services/yeepay_return.php0PINGANBANK-NET-B2C7day1]|hmac[793d5bdf569a26a4c2585b3da6b6c821]
2016-08-07 23:43:50|orderid[Y160807931759]|str[Buy10013629852Y160807931759100CNYhttp://www.zhiying365.com/services/yeepay_return.php0CCB-NET-B2C7day1]|hmac[5b1b006084a09e1cb8b5c7a46f9332dd]
2016-08-08 00:08:03|orderid[Y160808491707]|str[Buy10013629852Y1608084917072100CNYhttp://www.zhiying365.com/services/yeepay_return.php0PINGANBANK-NET-B2C7day1]|hmac[9e9e28bd912339d45e695e400555ad6d]
2016-08-08 00:24:12|orderid[Y160808725126]|str[Buy10013629852Y1608087251261000CNYhttp://www.zhiying365.com/services/yeepay_return.php0PINGANBANK-NET-B2C7day1]|hmac[bfb345531514382e8a58551455238431]
2016-08-08 00:25:49|orderid[Y160808711337]|str[Buy10013629852Y1608087113371000CNYhttp://www.zhiying365.com/services/yeepay_return.php0PINGANBANK-NET-B2C7day1]|hmac[f1d67216ca328757fc04452625d29eb7]
2016-08-08 00:31:55|orderid[Y160808706771]|str[Buy10013629852Y160808706771500CNYhttp://www.zhiying365.com/services/yeepay_return.php0PINGANBANK-NET-B2C7day1]|hmac[ddfaa6ef73499ec5babd3afef7dd28c6]
2016-08-08 08:21:14|orderid[Y160808560587]|str[Buy10013629852Y1608085605871000CNYhttp://www.zhiying365.com/services/yeepay_return.php0PINGANBANK-NET-B2C7day1]|hmac[cd6c7edb626e1c5841c50295862142b9]
2016-08-08 09:28:19|orderid[Y160808719951]|str[Buy10013629852Y160808719951100CNYhttp://www.zhiying365.com/services/yeepay_return.php0CCB-NET-B2C7day1]|hmac[88a58fbb52d1d2367869824eeb8b8c29]
2016-08-08 10:27:55|orderid[Y160808163429]|str[Buy10013629852Y160808163429400CNYhttp://www.zhiying365.com/services/yeepay_return.php0PINGANBANK-NET-B2C7day1]|hmac[7a7bee7ca17b88522df25fe1b67627a2]
2016-08-08 11:12:16|orderid[Y160808978400]|str[Buy10013629852Y16080897840050CNYhttp://www.zhiying365.com/services/yeepay_return.php0CMBCHINA-NET-B2C7day1]|hmac[5cc43659069aeb86ef2bac936c859c95]
2016-08-08 11:12:41|orderid[Y160808716469]|str[Buy10013629852Y16080871646950CNYhttp://www.zhiying365.com/services/yeepay_return.php0CMBCHINA-NET-B2C7day1]|hmac[c6d734a669d10fb982251d1e68f62b41]
2016-08-08 13:56:27|orderid[Y160808099167]|str[Buy10013629852Y160808099167100CNYhttp://www.zhiying365.com/services/yeepay_return.php0CIB-NET-B2C7day1]|hmac[f060c6f18e1928cfbc4c864d391bb5aa]
2016-08-08 14:49:03|orderid[Y160808151987]|str[Buy10013629852Y160808151987500CNYhttp://www.zhiying365.com/services/yeepay_return.php0CMBCHINA-NET-B2C7day1]|hmac[eafaa074d1f0c636e1268401017c6234]
2016-08-08 14:59:38|orderid[Y160808432602]|str[Buy10013629852Y160808432602500CNYhttp://www.zhiying365.com/services/yeepay_return.php0CCB-NET-B2C7day1]|hmac[6a0aaec4dba79387ec6887785e89f0fc]
2016-08-08 14:59:49|orderid[Y160808111233]|str[Buy10013629852Y160808111233500CNYhttp://www.zhiying365.com/services/yeepay_return.php0CCB-NET-B2C7day1]|hmac[921a5a4bd8f7720c3293abf38a5d05a3]
2016-08-08 15:14:03|orderid[Y160808156332]|str[Buy10013629852Y160808156332412CNYhttp://www.zhiying365.com/services/yeepay_return.php0PINGANBANK-NET-B2C7day1]|hmac[7e35725947dd0c3d111138571a58e98a]
2016-08-08 16:39:45|orderid[Y160808325384]|str[Buy10013629852Y16080832538450CNYhttp://www.zhiying365.com/services/yeepay_return.php0CMBCHINA-NET-B2C7day1]|hmac[734acd9e35e48d427f8eafb281dca325]
2016-08-08 18:29:56|orderid[Y160808090440]|str[Buy10013629852Y160808090440500CNYhttp://www.zhiying365.com/services/yeepay_return.php0CCB-NET-B2C7day1]|hmac[b29bad118776c8d6b7cd24c2f7f66fc7]
2016-08-08 18:49:12|orderid[Y160808331663]|str[Buy10013629852Y16080833166350CNYhttp://www.zhiying365.com/services/yeepay_return.php0ABC-NET-B2C7day1]|hmac[a33aedd323af88d9580ca1cc250bd18c]
2016-08-08 18:53:24|orderid[Y160808884394]|str[Buy10013629852Y160808884394500CNYhttp://www.zhiying365.com/services/yeepay_return.php0BOC-NET-B2C7day1]|hmac[6bac444438c79e1b4d51a6be00818a5e]
2016-08-08 19:16:44|orderid[Y160808182212]|str[Buy10013629852Y1608081822121000CNYhttp://www.zhiying365.com/services/yeepay_return.php0PINGANBANK-NET-B2C7day1]|hmac[46eff2c99f73806d7a8b451d9d2235e6]
2016-08-08 19:38:38|orderid[Y160808862668]|str[Buy10013629852Y160808862668500CNYhttp://www.zhiying365.com/services/yeepay_return.php0BOC-NET-B2C7day1]|hmac[d9c32969b075026a819be09a78e5bb2a]
2016-08-08 19:42:33|orderid[Y160808374107]|str[Buy10013629852Y16080837410710CNYhttp://www.zhiying365.com/services/yeepay_return.php0BOC-NET-B2C7day1]|hmac[ac60dc4b2ed5a3a3d5d08c2ca683b8f8]
2016-08-08 19:46:24|orderid[Y160808554859]|str[Buy10013629852Y16080855485910CNYhttp://www.zhiying365.com/services/yeepay_return.php0BOC-NET-B2C7day1]|hmac[b14a64e265d72be00b5a4dbaf37ba5cf]
2016-08-08 22:16:42|orderid[Y160808302183]|str[Buy10013629852Y160808302183200CNYhttp://www.zhiying365.com/services/yeepay_return.php0ECITIC-NET-B2C7day1]|hmac[f3427e3a1b54a4ca617d7da1b71c202f]
2016-08-08 22:26:42|orderid[Y160808402198]|str[Buy10013629852Y160808402198200CNYhttp://www.zhiying365.com/services/yeepay_return.php0PINGANBANK-NET-B2C7day1]|hmac[6d091a01b8a2d25d07db235dd4042d74]
2016-08-08 22:29:05|orderid[Y160808609590]|str[Buy10013629852Y160808609590888CNYhttp://www.zhiying365.com/services/yeepay_return.php0CMBCHINA-NET-B2C7day1]|hmac[3a40a7a413404cfda5c1a29a37c7357a]
2016-08-08 22:35:31|orderid[Y160808481901]|str[Buy10013629852Y160808481901300CNYhttp://www.zhiying365.com/services/yeepay_return.php0GDB-NET-B2C7day1]|hmac[8371a007a24c1734a6a333aa88206cc6]
2016-08-08 22:44:01|orderid[Y160808047038]|str[Buy10013629852Y160808047038400CNYhttp://www.zhiying365.com/services/yeepay_return.php0BOC-NET-B2C7day1]|hmac[64a1d052a7c15c1e5c815dd4fcba9479]
2016-08-08 22:56:53|orderid[Y160808435395]|str[Buy10013629852Y16080843539550CNYhttp://www.zhiying365.com/services/yeepay_return.php0CMBCHINA-NET-B2C7day1]|hmac[cf039189b7342e7dadfbc672a0122872]
2016-08-09 10:38:37|orderid[Y160809343336]|str[Buy10013629852Y160809343336500CNYhttp://www.zhiying365.com/services/yeepay_return.php0CCB-NET-B2C7day1]|hmac[a8828b5c7b22596a8d7b3612657c9bfc]
2016-08-09 10:39:06|orderid[Y160809444771]|str[Buy10013629852Y160809444771500CNYhttp://www.zhiying365.com/services/yeepay_return.php0CCB-NET-B2C7day1]|hmac[ce4694aff5d70b9c6ed059c0813a6917]
2016-08-09 10:40:05|orderid[Y160809838189]|str[Buy10013629852Y160809838189400CNYhttp://www.zhiying365.com/services/yeepay_return.php0CCB-NET-B2C7day1]|hmac[14e02194d08ff7e09636bd0cdb4babf3]
2016-08-09 10:47:29|orderid[Y160809944026]|str[Buy10013629852Y160809944026200CNYhttp://www.zhiying365.com/services/yeepay_return.php0CCB-NET-B2C7day1]|hmac[0e3ef46d43a6bf7befb07799d483c430]
2016-08-09 13:24:37|orderid[Y160809752675]|str[Buy10013629852Y160809752675150CNYhttp://www.zhiying365.com/services/yeepay_return.php0GDB-NET-B2C7day1]|hmac[d05d55c5e801128fc2a2798e1d0e9194]
2016-08-09 16:45:13|orderid[Y160809312707]|str[Buy10013629852Y16080931270720CNYhttp://www.zhiying365.com/services/yeepay_return.php0CCB-NET-B2C7day1]|hmac[aa7bc9ede1af30d48865e485708a9179]
2016-08-09 17:50:57|orderid[Y160809435295]|str[Buy10013629852Y160809435295100CNYhttp://www.zhiying365.com/services/yeepay_return.php0BOC-NET-B2C7day1]|hmac[dcd995a8bf0d2eadc21cfdc5b444abaa]
2016-08-09 17:52:09|orderid[Y160809900255]|str[Buy10013629852Y160809900255100CNYhttp://www.zhiying365.com/services/yeepay_return.php0BOC-NET-B2C7day1]|hmac[83cd68a341f4baaa296df2ce13a27db2]
2016-08-09 17:52:44|orderid[Y160809324039]|str[Buy10013629852Y160809324039100CNYhttp://www.zhiying365.com/services/yeepay_return.php0BOC-NET-B2C7day1]|hmac[0f1111ebf319501c856c5d41db6b2d4b]
2016-08-09 20:20:30|orderid[Y160809759190]|str[Buy10013629852Y16080975919030CNYhttp://www.zhiying365.com/services/yeepay_return.php0ICBC-NET-B2C7day1]|hmac[29ed6cff92fedee46ccd687783932766]
2016-08-09 20:43:01|orderid[Y160809858604]|str[Buy10013629852Y160809858604500CNYhttp://www.zhiying365.com/services/yeepay_return.php0BOC-NET-B2C7day1]|hmac[a4bf089fc55064c69032ca112b8c48fa]
2016-08-09 21:13:57|orderid[Y160809131753]|str[Buy10013629852Y160809131753200CNYhttp://www.zhiying365.com/services/yeepay_return.php0BOCO-NET-B2C7day1]|hmac[dfc54ccf016e3bc43509f1ac5044e037]
2016-08-09 21:43:44|orderid[Y160809318679]|str[Buy10013629852Y16080931867930CNYhttp://www.zhiying365.com/services/yeepay_return.php0BOC-NET-B2C7day1]|hmac[9143cee848693203917afaa538671e81]
2016-08-09 21:48:30|orderid[Y160809852430]|str[Buy10013629852Y16080985243030CNYhttp://www.zhiying365.com/services/yeepay_return.php0BOC-NET-B2C7day1]|hmac[42adf20e42f934a42a54dc491a8060da]
2016-08-09 21:49:46|orderid[Y160809510868]|str[Buy10013629852Y16080951086830CNYhttp://www.zhiying365.com/services/yeepay_return.php0BOC-NET-B2C7day1]|hmac[e97ebf79afba80b802af99ae1625537c]
2016-08-09 21:51:42|orderid[Y160809157583]|str[Buy10013629852Y16080915758330CNYhttp://www.zhiying365.com/services/yeepay_return.php0BOC-NET-B2C7day1]|hmac[69d2b2fb7b2097fdb856802e50225ab1]
2016-08-09 23:07:02|orderid[Y160809418233]|str[Buy10013629852Y16080941823315000CNYhttp://www.zhiying365.com/services/yeepay_return.php0ABC-NET-B2C7day1]|hmac[34210838c96fd9a33f875930013e4e57]
2016-08-09 23:10:58|orderid[Y160809653946]|str[Buy10013629852Y16080965394615000CNYhttp://www.zhiying365.com/services/yeepay_return.php0ABC-NET-B2C7day1]|hmac[e1f5850e4a4374e36b02a194a316aaa2]
2016-08-09 23:12:28|orderid[Y160809992631]|str[Buy10013629852Y16080999263115000CNYhttp://www.zhiying365.com/services/yeepay_return.php0ABC-NET-B2C7day1]|hmac[7411171bdcd43c3ec67a45d62950f4fe]
2016-08-09 23:42:23|orderid[Y160809601294]|str[Buy10013629852Y160809601294352CNYhttp://www.zhiying365.com/services/yeepay_return.php0CMBCHINA-NET-B2C7day1]|hmac[68d52331621c190ca879a3950bb2b2be]
2016-08-10 02:18:16|orderid[Y160810272545]|str[Buy10013629852Y160810272545510CNYhttp://www.zhiying365.com/services/yeepay_return.php0PINGANBANK-NET-B2C7day1]|hmac[f37d61d4469d52d8eab068b69702cde0]
2016-08-10 10:44:36|orderid[Y160810233523]|str[Buy10013629852Y1608102335234750CNYhttp://www.zhiying365.com/services/yeepay_return.php0ICBC-NET-B2C7day1]|hmac[8ec7fd1c6d0963843c6fe5b20f47f195]
2016-08-10 10:48:02|orderid[Y160810577355]|str[Buy10013629852Y1608105773552600CNYhttp://www.zhiying365.com/services/yeepay_return.php0ICBC-NET-B2C7day1]|hmac[e0abafef00f17574075eb5f7be870ec6]
2016-08-10 10:53:12|orderid[Y160810719162]|str[Buy10013629852Y1608107191622550CNYhttp://www.zhiying365.com/services/yeepay_return.php0ICBC-NET-B2C7day1]|hmac[c65041da32da536f9e1f9946228bcd19]
2016-08-10 11:03:48|orderid[Y160810958553]|str[Buy10013629852Y160810958553100CNYhttp://www.zhiying365.com/services/yeepay_return.php0CCB-NET-B2C7day1]|hmac[cbd66253268819e457ebe77fe6137ece]
2016-08-10 11:42:24|orderid[Y160810001567]|str[Buy10013629852Y160810001567500CNYhttp://www.zhiying365.com/services/yeepay_return.php0CIB-NET-B2C7day1]|hmac[a911428f4e6daa82e330995ab2c3baf5]
2016-08-10 12:22:39|orderid[Y160810275680]|str[Buy10013629852Y16081027568050CNYhttp://www.zhiying365.com/services/yeepay_return.php0CEB-NET-B2C7day1]|hmac[400a3e0febbf406e01588eff8e2fd95f]
2016-08-10 13:34:59|orderid[Y160810775631]|str[Buy10013629852Y160810775631114CNYhttp://www.zhiying365.com/services/yeepay_return.php0PINGANBANK-NET-B2C7day1]|hmac[d610398c6ccd91e7ea2a1c9c2056f782]
2016-08-10 16:44:39|orderid[Y160810350253]|str[Buy10013629852Y160810350253100CNYhttp://www.zhiying365.com/services/yeepay_return.php0CMBCHINA-NET-B2C7day1]|hmac[cef198a8e61eed5f24f2e25fc053a36e]
2016-08-10 16:45:33|orderid[Y160810451573]|str[Buy10013629852Y160810451573100CNYhttp://www.zhiying365.com/services/yeepay_return.php0CMBCHINA-NET-B2C7day1]|hmac[ea7db74753e9264d7d490cb5b095e49f]
2016-08-10 17:21:57|orderid[Y160810092879]|str[Buy10013629852Y1608100928790.01CNYhttp://www.zhiying365.com/services/yeepay_return.php0CMBCHINA-NET-B2C7day1]|hmac[3fb3fbbcaca3f109fe70b51a68987dd7]
2016-08-10 17:22:42|orderid[Y160810390094]|str[Buy10013629852Y1608103900940.01CNYhttp://www.zhiying365.com/services/yeepay_return.php0CMBCHINA-NET-B2C7day1]|hmac[8b0c728b68b1a6aeb07e3fb81c8fd247]
2016-08-10 17:36:12|orderid[Y160810712634]|str[Buy10013629852Y1608107126340.1CNYhttp://www.zhiying365.com/services/yeepay_return.php0BOC-NET-B2C7day1]|hmac[312d54c34b0561be207e77e629da1cb4]
2016-08-10 17:36:44|orderid[Y160810300815]|str[Buy10013629852Y1608103008150.1CNYhttp://www.zhiying365.com/services/yeepay_return.php0CMBCHINA-NET-B2C7day1]|hmac[ffc614694b5b0c1b3cac3949ebd3b4ac]
2016-08-10 18:02:14|orderid[Y160810214813]|str[Buy10013629852Y160810214813100CNYhttp://www.zhiying365.com/services/yeepay_return.php0SPDB-NET-B2C7day1]|hmac[ab68299f8485e08ac56cc60c1419ffc1]
2016-08-10 20:02:57|orderid[Y160810619235]|str[Buy10013629852Y16081061923550CNYhttp://www.zhiying365.com/services/yeepay_return.php0BOC-NET-B2C7day1]|hmac[2afe8b416f06e7fa63e6f31d35cf40dc]
2016-08-10 20:04:51|orderid[Y160810872419]|str[Buy10013629852Y1608108724190.2CNYhttp://www.zhiying365.com/services/yeepay_return.php0CMBCHINA-NET-B2C7day1]|hmac[63631fa356f952219ec08a67474b3b1e]
2016-08-10 20:05:45|orderid[Y160810594763]|str[Buy10013629852Y1608105947630.2CNYhttp://www.zhiying365.com/services/yeepay_return.php0ABC-NET-B2C7day1]|hmac[0420facabd07f404f3d98447cb886721]
2016-08-10 21:48:17|orderid[Y160810204722]|str[Buy10013629852Y1608102047227CNYhttp://www.zhiying365.com/services/yeepay_return.php0PINGANBANK-NET-B2C7day1]|hmac[d8a72347d5be74bc029087c444f3a2c5]
2016-08-10 22:39:51|orderid[Y160810612029]|str[Buy10013629852Y16081061202916000CNYhttp://www.zhiying365.com/services/yeepay_return.php0ABC-NET-B2C7day1]|hmac[7420256d5f321bf5790cb04fae05180e]
2016-08-10 22:52:39|orderid[Y160810647746]|str[Buy10013629852Y160810647746100CNYhttp://www.zhiying365.com/services/yeepay_return.php0CEB-NET-B2C7day1]|hmac[a6d7b56921ccf719fbb9388b37a2f53a]
2016-08-10 22:53:22|orderid[Y160810436760]|str[Buy10013629852Y1608104367602000CNYhttp://www.zhiying365.com/services/yeepay_return.php0ICBC-NET-B2C7day1]|hmac[f8a63e01b97c77bafd45b3ce69a0f61c]
2016-08-10 22:56:07|orderid[Y160810119911]|str[Buy10013629852Y160810119911100CNYhttp://www.zhiying365.com/services/yeepay_return.php0BOCO-NET-B2C7day1]|hmac[41c9d8fa30f3aaaed106d3aef5ab13e2]
2016-08-10 23:11:54|orderid[Y160810768525]|str[Buy10013629852Y160810768525100CNYhttp://www.zhiying365.com/services/yeepay_return.php0BOCO-NET-B2C7day1]|hmac[2bea7fb5de7461100055f2b4df299af3]
2016-08-10 23:19:09|orderid[Y160810847269]|str[Buy10013629852Y160810847269100CNYhttp://www.zhiying365.com/services/yeepay_return.php0CCB-NET-B2C7day1]|hmac[e11634f473a06b6783635fc6d84e33c3]
2016-08-11 07:55:41|orderid[Y160811335362]|str[Buy10013629852Y16081133536240CNYhttp://www.zhiying365.com/services/yeepay_return.php0CCB-NET-B2C7day1]|hmac[8f6a9efc6d780d486608049877df5616]
2016-08-11 15:08:48|orderid[Y160811295648]|str[Buy10013629852Y160811295648500CNYhttp://www.zhiying365.com/services/yeepay_return.php0CCB-NET-B2C7day1]|hmac[72574f6cd277af431970e47524fc0e2c]
2016-08-11 15:08:58|orderid[Y160811117632]|str[Buy10013629852Y160811117632500CNYhttp://www.zhiying365.com/services/yeepay_return.php0CMBCHINA-NET-B2C7day1]|hmac[d08580cf061dc7e247af7926b80f37d3]
2016-08-11 15:09:06|orderid[Y160811101859]|str[Buy10013629852Y160811101859500CNYhttp://www.zhiying365.com/services/yeepay_return.php0CCB-NET-B2C7day1]|hmac[ee22595faf2cb56607d9f0828a1c7fc4]
2016-08-11 15:09:20|orderid[Y160811668655]|str[Buy10013629852Y160811668655500CNYhttp://www.zhiying365.com/services/yeepay_return.php0ICBC-NET-B2C7day1]|hmac[99a97d3856d3e0e33035299b5f17a0da]
2016-08-11 15:54:32|orderid[Y160811584549]|str[Buy10013629852Y160811584549100CNYhttp://www.zhiying365.com/services/yeepay_return.php0CIB-NET-B2C7day1]|hmac[de48bfe58083b4d5f0378cffa97a1fcd]
2016-08-11 16:18:16|orderid[Y160811141792]|str[Buy10013629852Y160811141792500CNYhttp://www.zhiying365.com/services/yeepay_return.php0ICBC-NET-B2C7day1]|hmac[4e10947d1e7b3a7b4b8efd89e3c243e9]
2016-08-11 16:22:42|orderid[Y160811659663]|str[Buy10013629852Y160811659663200CNYhttp://www.zhiying365.com/services/yeepay_return.php0HXB-NET-B2C7day1]|hmac[77a150054de8e7d48b90ec8058633513]
2016-08-11 16:25:24|orderid[Y160811067039]|str[Buy10013629852Y160811067039200CNYhttp://www.zhiying365.com/services/yeepay_return.php0BOCO-NET-B2C7day1]|hmac[df390322f982755f03a57b6b325c42f3]
2016-08-11 16:39:13|orderid[Y160811065324]|str[Buy10013629852Y160811065324500CNYhttp://www.zhiying365.com/services/yeepay_return.php0SPDB-NET-B2C7day1]|hmac[a07f15a7a9b13e2be3bf18d2845d9ec0]
2016-08-11 16:39:49|orderid[Y160811407555]|str[Buy10013629852Y16081140755530CNYhttp://www.zhiying365.com/services/yeepay_return.php0BOC-NET-B2C7day1]|hmac[b46c2bf589b83eb43153452dd9301c19]
2016-08-11 16:40:53|orderid[Y160811644442]|str[Buy10013629852Y16081164444230CNYhttp://www.zhiying365.com/services/yeepay_return.php0BOC-NET-B2C7day1]|hmac[d349499e65efed95b9b7abaf6cf97902]
2016-08-11 19:11:21|orderid[Y160811050707]|str[Buy10013629852Y160811050707611CNYhttp://www.zhiying365.com/services/yeepay_return.php0CMBCHINA-NET-B2C7day1]|hmac[5cb1774d4a9d22a17d269c31af8566b4]
2016-08-11 19:12:45|orderid[Y160811878405]|str[Buy10013629852Y160811878405500CNYhttp://www.zhiying365.com/services/yeepay_return.php0CMBCHINA-NET-B2C7day1]|hmac[d3d1c134d345366c899eb4f82220100e]